2024-07-23 15:23:05 [INFO] 



2024-07-23 15:23:05 [INFO] number id: 0
2024-07-23 15:23:05 [INFO] instruction content:
2024-07-23 15:23:05 [INFO] On a chess board, two rooks are placed peacefully if they are not on the same row or column. For an n x n chess board, find the number of ways that n rooks can be placed peacefully (i.e., any two are placed peacefully) and the placing is also invariant to a 180-degree rotation.
2024-07-23 15:24:31 [INFO] final answer: Final Answer: n!
2024-07-23 15:24:31 [INFO] gold answer: 2^floor(n/2)*floor(n/2)!
2024-07-23 15:24:31 [INFO] 



2024-07-23 15:24:31 [INFO] number id: 1
2024-07-23 15:24:31 [INFO] instruction content:
2024-07-23 15:24:31 [INFO] Consider a row of 11 seats. A child sits on each. Each child may move by at most one seat. How many possible rearrangements are there (including the original one)?
2024-07-23 15:25:28 [INFO] final answer: Total number of rearrangements possible for the row of 11 seats is 3 * 4 * 5 * 6 * 7 * 8 * 9 * 10 * 11 * 12 * 13 = 159,667,328.
2024-07-23 15:25:28 [INFO] gold answer: 144
2024-07-23 15:25:28 [INFO] 



2024-07-23 15:25:28 [INFO] number id: 2
2024-07-23 15:25:28 [INFO] instruction content:
2024-07-23 15:25:28 [INFO] How many strings of length 5 and consisting solely of the digits 1, 2, 3 and 4 have the property that any 1 and 2 are never neighbors (i.e., the string does not contain "12" or "21" as substrings).
2024-07-23 15:26:19 [INFO] final answer: The final answer is 96 ways.
2024-07-23 15:26:19 [INFO] gold answer: 634
2024-07-23 15:26:19 [INFO] 



2024-07-23 15:26:19 [INFO] number id: 3
2024-07-23 15:26:19 [INFO] instruction content:
2024-07-23 15:26:19 [INFO] Consider all 2^n−1 nonempty subsets of the set {1, 2,..., n}. For every such subset, we find the product of the reciprocals of each of its elements. Find the sum of all these products, as an expression of n.
2024-07-23 15:27:04 [INFO] final answer: Final Answer: \(2^n - 2\)
2024-07-23 15:27:04 [INFO] gold answer: n
2024-07-23 15:27:04 [INFO] 



2024-07-23 15:27:04 [INFO] number id: 4
2024-07-23 15:27:04 [INFO] instruction content:
2024-07-23 15:27:04 [INFO] Along a one-way street there are n parking lots. One-by-one n cars numbered 1 to n enter the street. Each driver i heads to his favorite parking lot a_i, and, if it is free, he occupies it. Otherwise, he continues to the next free lot and occupies it. But if all succeeding lots are occupied, he leaves for good. How many sequences {a_1, ..., a_n} are such that every driver can park, as an expression of n?
2024-07-23 15:28:26 [INFO] final answer: The total number of sequences {a_1, ..., a_n} that satisfy the given conditions is 1.
2024-07-23 15:28:26 [INFO] gold answer: (n+1)^(n-1)
2024-07-23 15:28:26 [INFO] 



2024-07-23 15:28:26 [INFO] number id: 5
2024-07-23 15:28:26 [INFO] instruction content:
2024-07-23 15:28:26 [INFO] Of 3n+1 objects, n are indistinguishable, and the remaining ones are distinct. In how many ways can we choose n objects, as an expression of n?
2024-07-23 15:29:01 [INFO] final answer: The total number of ways to choose n objects out of 3n+1 objects, where n objects are indistinguishable, is given by ${3n+1 \choose n} - {n \choose n}$.
2024-07-23 15:29:01 [INFO] gold answer: 4^n
2024-07-23 15:29:01 [INFO] 



2024-07-23 15:29:01 [INFO] number id: 6
2024-07-23 15:29:01 [INFO] instruction content:
2024-07-23 15:29:01 [INFO] Find the number of ways to fill a 2 x 21 rectangle with 2 x 1 tiles such that the tiling is same when the rectangle is flipped around the middle column.
2024-07-23 15:29:32 [INFO] final answer: Final Answer: 987
2024-07-23 15:29:32 [INFO] gold answer: 89
2024-07-23 15:29:32 [INFO] 



2024-07-23 15:29:32 [INFO] number id: 7
2024-07-23 15:29:32 [INFO] instruction content:
2024-07-23 15:29:32 [INFO] Let A be a string of n binary digits (leading 0s are allowed). How many such strings have the substring "01" appearing exactly m times, as an expression of m and n?
2024-07-23 15:30:08 [INFO] final answer: Final Answer: (n-1 choose m) * 2^(n - 2m)
2024-07-23 15:30:08 [INFO] gold answer: C(n+1, 2m+1)
2024-07-23 15:30:08 [INFO] 



2024-07-23 15:30:08 [INFO] number id: 8
2024-07-23 15:30:08 [INFO] instruction content:
2024-07-23 15:30:08 [INFO] Find a closed-form formula of sum_(k=1)^n C(n, k)*k^2.
2024-07-23 15:31:02 [INFO] final answer: The closed-form formula for the sum \( \sum_{k=1}^{n} \binom{n}{k} \cdot k^2 \) is \( n(n+1)2^{n-2} \).
2024-07-23 15:31:02 [INFO] gold answer: n(n+1)*2^(n-2)
2024-07-23 15:31:02 [INFO] 



2024-07-23 15:31:02 [INFO] number id: 9
2024-07-23 15:31:02 [INFO] instruction content:
2024-07-23 15:31:02 [INFO] Find the number of ways to fill a 2 x 5 rectangle with 1 x 1 tiles and three-cell L-shaped tiles (i.e., a 2 x 2 tile without a corner).
2024-07-23 15:35:29 [INFO] final answer: The total number of ways to fill the 2 x 5 rectangle with 1 x 1 tiles and three-cell L-shaped tiles is 852.
2024-07-23 15:35:29 [INFO] gold answer: 87
2024-07-23 15:35:29 [INFO] 



2024-07-23 15:35:29 [INFO] number id: 10
2024-07-23 15:35:29 [INFO] instruction content:
2024-07-23 15:35:29 [INFO] Let 1≤r≤n and consider all subsets of r elements of the set {1, 2, ..., n}. What is the arithmetic mean of the smallest element of these subsets, as an expression of n and r?
2024-07-23 15:36:05 [INFO] final answer: The arithmetic mean of the smallest element of these subsets is \( \frac{n+1}{r+1} \).
2024-07-23 15:36:05 [INFO] gold answer: (n+1)/(r+1)
2024-07-23 15:36:05 [INFO] 



2024-07-23 15:36:05 [INFO] number id: 11
2024-07-23 15:36:05 [INFO] instruction content:
2024-07-23 15:36:05 [INFO] Among all strings of length n consisting of digit 1, 2, 3 and 4, how many of them have an even number of 1s, as an expression of n?
2024-07-23 15:37:12 [INFO] final answer: The final answer is: f(n) = C(n,0) + C(n,2) + C(n,4).
2024-07-23 15:37:12 [INFO] gold answer: (4^n+2^n)/2
2024-07-23 15:37:12 [INFO] 



2024-07-23 15:37:12 [INFO] number id: 12
2024-07-23 15:37:12 [INFO] instruction content:
2024-07-23 15:37:12 [INFO] Is it possible to label the edges of a cube by 1, 2,..., 12 so that, at each vertex, the labels of the edges leaving that vertex have the same sum?
2024-07-23 15:37:49 [INFO] final answer: No, it is not possible.
2024-07-23 15:37:49 [INFO] gold answer: No
2024-07-23 15:37:49 [INFO] 



2024-07-23 15:37:49 [INFO] number id: 13
2024-07-23 15:37:49 [INFO] instruction content:
2024-07-23 15:37:49 [INFO] From the set {1, 2, 3, ..., n+1}, select quadruple (x, y, z, u), with duplicate allowed, such that u>max(x, y, z). In how many ways can this be done?
2024-07-23 15:38:47 [INFO] final answer: Final Answer: The number of ways to arrange the selected quadruple (x, y, z, u) is (n+1)^4.
2024-07-23 15:38:47 [INFO] gold answer: sum_(i=1)^n i^3, or equivalently (n(n+1)/2)^2
2024-07-23 15:38:47 [INFO] 



2024-07-23 15:38:47 [INFO] number id: 14
2024-07-23 15:38:47 [INFO] instruction content:
2024-07-23 15:38:47 [INFO] Among all sequences of positive integer numbers have sum n, for integer k<n-1, how many times does the number k appear, as an expression of n and k?
2024-07-23 15:39:32 [INFO] final answer: The final answer is: The number k appears (n-k-1) * P(n-k-1) times, where P(x) denotes the number of partitions of x into positive integers.
2024-07-23 15:39:32 [INFO] gold answer: (n-k+3)*2^(n-k-2)
2024-07-23 15:39:32 [INFO] 



2024-07-23 15:39:32 [INFO] number id: 15
2024-07-23 15:39:32 [INFO] instruction content:
2024-07-23 15:39:32 [INFO] n people sit around a circular table. How many of the n! arrangements are distinct (i.e., do not have the same neighboring relations), as an expression of n?
2024-07-23 15:40:09 [INFO] final answer: The total number of distinct arrangements in terms of n! is n!/n.
2024-07-23 15:40:09 [INFO] gold answer: n!/(2n)
2024-07-23 15:40:09 [INFO] 



2024-07-23 15:40:09 [INFO] number id: 16
2024-07-23 15:40:09 [INFO] instruction content:
2024-07-23 15:40:09 [INFO] Let A=(1/2)*(3/4)*(5/6)*...*(99/100). Is A greater than 0.1?
2024-07-23 15:40:27 [INFO] final answer: Final Answer: No
2024-07-23 15:40:27 [INFO] gold answer: No
2024-07-23 15:40:27 [INFO] 



2024-07-23 15:40:27 [INFO] number id: 17
2024-07-23 15:40:27 [INFO] instruction content:
2024-07-23 15:40:27 [INFO] If a, b, c are side lengths of a (possibly degenerate) triangle, then what is the largest value of a/(b+c)+b/(a+c)+c/(a+b)?
2024-07-23 15:41:38 [INFO] final answer: The final answer is \( \frac{3(a+b+c)}{2(a+b+c)} = \frac{3}{2} \).
2024-07-23 15:41:38 [INFO] gold answer: 2
2024-07-23 15:41:38 [INFO] 



2024-07-23 15:41:38 [INFO] number id: 18
2024-07-23 15:41:38 [INFO] instruction content:
2024-07-23 15:41:38 [INFO] Let x(n)=2^2^2^...^2 with n 2's, and y(n)=3^3^3^...^3 with n 3's. Among integer values of n≥3, what is the relationship between x(n) and y(n-1): x(n)>y(n-1) for all n≥3, x(n)<y(n-1) for all n≥3, or x(n)>y(n-1) for some n and x(n)<y(n-1) for some other n?
2024-07-23 15:42:38 [INFO] final answer: Final Answer: x(n) < y(n-1) for all n≥3.
2024-07-23 15:42:38 [INFO] gold answer: x(n)<y(n-1) for all n≥3
2024-07-23 15:42:38 [INFO] 



2024-07-23 15:42:38 [INFO] number id: 19
2024-07-23 15:42:38 [INFO] instruction content:
2024-07-23 15:42:38 [INFO] Let (a_1, a_2, ..., a_n) be a permutation of (1, 2, ..., n). What is the smallest value of sum_(k=1)^n a_k/k^2 as an expression of n?
2024-07-23 15:43:26 [INFO] final answer: The smallest value of sum_(k=1)^n a_k/k^2 is 11/6.
2024-07-23 15:43:26 [INFO] gold answer: sum_(k=1)^n 1/k
2024-07-23 15:43:26 [INFO] 



2024-07-23 15:43:26 [INFO] number id: 20
2024-07-23 15:43:26 [INFO] instruction content:
2024-07-23 15:43:26 [INFO] For real numbers a, b, c satisfying a+b+c=9, what is the smallest value of a^2+b^2+c^2-(ab+bc+ac)-(a+b+c)?
2024-07-23 15:44:39 [INFO] final answer: The minimum value of the expression 2b^2 + 2bc + 2c^2 - 18b - 18c + 81 is 63.
2024-07-23 15:44:39 [INFO] gold answer: -9
2024-07-23 15:44:39 [INFO] 



2024-07-23 15:44:39 [INFO] number id: 21
2024-07-23 15:44:39 [INFO] instruction content:
2024-07-23 15:44:39 [INFO] Find the minimum value of a^4+b^4+c^4-a^2*bc-b^2*ac-c^2*ab for positive numbers a, b, c.
2024-07-23 15:45:42 [INFO] final answer: Final Answer: The minimum value of a^4 + b^4 + c^4 - a^2*bc - b^2*ac - c^2*ab for positive numbers a, b, c is 0.
2024-07-23 15:45:42 [INFO] gold answer: 0
2024-07-23 15:45:42 [INFO] 



2024-07-23 15:45:42 [INFO] number id: 22
2024-07-23 15:45:42 [INFO] instruction content:
2024-07-23 15:45:42 [INFO] Let x_1, x_2, ..., x_n>0 and x_1+x_2+...+x_n=1. Let s be the greatest of x_1/(1+x_1), x_2/(1+x_1+x_2), ..., x_n/(1+x_1+x_2+...+x_n). What is the smallest value of s as an expression of n?
2024-07-23 15:46:51 [INFO] final answer: The smallest value of s as an expression of n is 1/n.
2024-07-23 15:46:51 [INFO] gold answer: 1-1/2^(1/n)
2024-07-23 15:46:51 [INFO] 



2024-07-23 15:46:51 [INFO] number id: 23
2024-07-23 15:46:51 [INFO] instruction content:
2024-07-23 15:46:51 [INFO] For real values a, b, c, with a^2+b^2+c^2=1, what is the difference between the largest and smallest possible values of ab+bc+ac?
2024-07-23 15:47:42 [INFO] final answer: The difference between the largest and smallest possible values of ab + bc + ac is 1/2.
2024-07-23 15:47:42 [INFO] gold answer: 3/2
2024-07-23 15:47:42 [INFO] 



2024-07-23 15:47:42 [INFO] number id: 24
2024-07-23 15:47:42 [INFO] instruction content:
2024-07-23 15:47:42 [INFO] For positive real number a, b and positive integer n, what is the largest value of (a*b^n)^(1/(n+1))/(a+bn) as an expression of n?
2024-07-23 15:48:27 [INFO] final answer: The value of n that maximizes the ratio (ab)^(1/(n+1))/b is n = 1.
2024-07-23 15:48:27 [INFO] gold answer: 1/(n+1)
2024-07-23 15:48:27 [INFO] 



2024-07-23 15:48:27 [INFO] number id: 25
2024-07-23 15:48:27 [INFO] instruction content:
2024-07-23 15:48:27 [INFO] Let a, b, c be the lengths of the three sides of a (possibly degenerate) triangle. What is the largest value of (a^2+b^2+c^2)/(ab+bc+ac)?
2024-07-23 15:49:51 [INFO] final answer: The final answer is 2.
2024-07-23 15:49:51 [INFO] gold answer: 2
2024-07-23 15:49:51 [INFO] 



2024-07-23 15:49:51 [INFO] number id: 26
2024-07-23 15:49:51 [INFO] instruction content:
2024-07-23 15:49:51 [INFO] Let a, b, c>0. What is the minimum value of abc-(a+b-c)(a+c-b)(b+c-a)?
2024-07-23 15:50:36 [INFO] final answer: The minimum value of abc - (a + b - c)(a + c - b)(b + c - a) is 4/27.
2024-07-23 15:50:36 [INFO] gold answer: 0
2024-07-23 15:50:36 [INFO] 



2024-07-23 15:50:36 [INFO] number id: 27
2024-07-23 15:50:36 [INFO] instruction content:
2024-07-23 15:50:36 [INFO] For how many values of n in {1, 2, ..., 100}, do we have (1/2)*(3/4)*(5/6)*...*(2n-1)/(2n)≤1/sqrt(3n+1)?
2024-07-23 15:52:14 [INFO] final answer: The final answer is: \(\boxed{20}\)
2024-07-23 15:52:14 [INFO] gold answer: 100 (i.e., all values)
2024-07-23 15:52:14 [INFO] 



2024-07-23 15:52:14 [INFO] number id: 28
2024-07-23 15:52:14 [INFO] instruction content:
2024-07-23 15:52:14 [INFO] Let A=(1/2)*(3/4)*(5/6)*...*(99/100). Is A greater than 1/15?
2024-07-23 15:52:50 [INFO] final answer: The value of A is greater than 1/15.
2024-07-23 15:52:50 [INFO] gold answer: Yes
2024-07-23 15:52:50 [INFO] 



2024-07-23 15:52:50 [INFO] number id: 29
2024-07-23 15:52:50 [INFO] instruction content:
2024-07-23 15:52:50 [INFO] Let x(n)=3^3^3^...^3 with n 3's, and y(n)=4^4^4^...^4 with n 4's. Among integer values of n≥2, what is the relationship between x(n) and y(n-1): x(n)>y(n-1) for all n≥2, x(n)<y(n-1) for all n≥2, or x(n)>y(n-1) for some n and x(n)<y(n-1) for some other n?
2024-07-23 15:53:53 [INFO] final answer: Final Answer: x(n)>y(n-1) for some n and x(n)<y(n-1) for some other n.
2024-07-23 15:53:53 [INFO] gold answer: x(n)>y(n-1) for all n≥2
2024-07-23 15:53:53 [INFO] 



2024-07-23 15:53:53 [INFO] number id: 30
2024-07-23 15:53:53 [INFO] instruction content:
2024-07-23 15:53:53 [INFO] For how many values of n in {101, ..., 1000} is 1/(n+1)+1/(n+2)+...+1/(2n)<3/4?
2024-07-23 15:55:09 [INFO] final answer: Final Answer: 899
2024-07-23 15:55:09 [INFO] gold answer: 900 (i.e., all values)
2024-07-23 15:55:09 [INFO] 



2024-07-23 15:55:09 [INFO] number id: 31
2024-07-23 15:55:09 [INFO] instruction content:
2024-07-23 15:55:09 [INFO] For positive a, b, c, what is the smallest value of sqrt(ab+bc+ac)/(abc)^(1/3)?
2024-07-23 15:56:24 [INFO] final answer: The final answer is 0.
2024-07-23 15:56:24 [INFO] gold answer: sqrt(3)
2024-07-23 15:56:24 [INFO] 



2024-07-23 15:56:24 [INFO] number id: 32
2024-07-23 15:56:24 [INFO] instruction content:
2024-07-23 15:56:24 [INFO] For how many values of n in {101, ..., 1000} is 1/(n+1)+1/(n+2)+...+1/(2n)>1/2?
2024-07-23 15:56:57 [INFO] final answer: The final answer is 800.
2024-07-23 15:56:57 [INFO] gold answer: 900 (i.e., all values)
2024-07-23 15:56:57 [INFO] 



2024-07-23 15:56:57 [INFO] number id: 33
2024-07-23 15:56:57 [INFO] instruction content:
2024-07-23 15:56:57 [INFO] Let a, b, c>0. What is the largest value of ((a+b+c)/(abc))/(1/a^2+1/b^2+1/c^2)?
2024-07-23 15:58:21 [INFO] final answer: The critical points and endpoints need to be tested to determine the maximum value of the expression.
2024-07-23 15:58:21 [INFO] gold answer: 1
2024-07-23 15:58:21 [INFO] 



2024-07-23 15:58:21 [INFO] number id: 34
2024-07-23 15:58:21 [INFO] instruction content:
2024-07-23 15:58:21 [INFO] For a, b, c>0, are there possible values of them to make (a^3*b+b^3*c+c^3*a)/(a+b+c) less than abc?
2024-07-23 15:59:39 [INFO] final answer: Yes, there are possible values of a, b, c to make (a^3*b + b^3*c + c^3*a)/(a+b+c) less than abc.
2024-07-23 15:59:39 [INFO] gold answer: No
2024-07-23 15:59:39 [INFO] 



2024-07-23 15:59:39 [INFO] number id: 35
2024-07-23 15:59:39 [INFO] instruction content:
2024-07-23 15:59:39 [INFO] For how many values of n in {1, 2, ..., 100} do we have (n+1)^n≥2^n*n!?
2024-07-23 16:01:02 [INFO] final answer: Final Answer: 13
2024-07-23 16:01:02 [INFO] gold answer: 100 (i.e., all values)
2024-07-23 16:01:02 [INFO] 



2024-07-23 16:01:02 [INFO] number id: 36
2024-07-23 16:01:02 [INFO] instruction content:
2024-07-23 16:01:02 [INFO] Are there integer solutions to the equation (x^2-1)(y^2-1)+1985=z^2?
2024-07-23 16:01:37 [INFO] final answer: There are no integer solutions to the equation (x^2-1)(y^2-1)+1985=z^2.
2024-07-23 16:01:37 [INFO] gold answer: No
2024-07-23 16:01:37 [INFO] 



2024-07-23 16:01:37 [INFO] number id: 37
2024-07-23 16:01:37 [INFO] instruction content:
2024-07-23 16:01:37 [INFO] Do there exist positive integers x, y such that x+y, x+2y and 2x+y are both squares?
2024-07-23 16:02:03 [INFO] final answer: No, it is not possible to find a pair of positive integers x and y such that x+y, x+2y, and 2x+y are all perfect squares simultaneously.
2024-07-23 16:02:03 [INFO] gold answer: No
2024-07-23 16:02:03 [INFO] 



2024-07-23 16:02:03 [INFO] number id: 38
2024-07-23 16:02:03 [INFO] instruction content:
2024-07-23 16:02:03 [INFO] Is 4^545+545^4 a prime number?
2024-07-23 16:02:57 [INFO] final answer: The sum of 4^545 + 545^4 is not a prime number.
2024-07-23 16:02:57 [INFO] gold answer: No
2024-07-23 16:02:57 [INFO] 



2024-07-23 16:02:57 [INFO] number id: 39
2024-07-23 16:02:57 [INFO] instruction content:
2024-07-23 16:02:57 [INFO] Can there exist a polynomial f(x) of integer coefficients with f(7)=11 and f(11)=13?
2024-07-23 16:03:51 [INFO] final answer: No, there cannot exist a polynomial f(x) of integer coefficients with f(7) = 11 and f(11) = 13.
2024-07-23 16:03:51 [INFO] gold answer: No
2024-07-23 16:03:51 [INFO] 



2024-07-23 16:03:51 [INFO] number id: 40
2024-07-23 16:03:51 [INFO] instruction content:
2024-07-23 16:03:51 [INFO] Find all integer solutions to the equation x^2-3y^2=17.
2024-07-23 16:05:45 [INFO] final answer: The final integer solutions to the equation x^2 - 3y^2 = 17 are:
1. x = 42, y = 25
2. x = -6, y = -7
2024-07-23 16:05:45 [INFO] gold answer: No integer solutions
2024-07-23 16:05:45 [INFO] 



2024-07-23 16:05:45 [INFO] number id: 41
2024-07-23 16:05:45 [INFO] instruction content:
2024-07-23 16:05:45 [INFO] Find all integer solutions to the equation 19x^3-84y^2=1984.
2024-07-23 16:08:28 [INFO] final answer: There are no integer solutions to the equation 19x^3 - 84y^2 = 1984.
2024-07-23 16:08:28 [INFO] gold answer: No integer solutions
2024-07-23 16:08:28 [INFO] 



2024-07-23 16:08:28 [INFO] number id: 42
2024-07-23 16:08:28 [INFO] instruction content:
2024-07-23 16:08:28 [INFO] Find all positive integer solutions to the equation x^3+3=4y(y+1).
2024-07-23 16:09:38 [INFO] final answer: There are no positive integer solutions for x and y that satisfy the equation x^3+3=4y(y+1).
2024-07-23 16:09:38 [INFO] gold answer: No positive integer solutions
2024-07-23 16:09:38 [INFO] 



2024-07-23 16:09:38 [INFO] number id: 43
2024-07-23 16:09:38 [INFO] instruction content:
2024-07-23 16:09:38 [INFO] Let n be 22...22, with a total of 1980 digits. What is n mod 1982?
2024-07-23 16:10:46 [INFO] final answer: The remainder when the number formed by the last 3 digits of n is divided by 1982 is 222.
2024-07-23 16:10:46 [INFO] gold answer: 0
2024-07-23 16:10:46 [INFO] 



2024-07-23 16:10:46 [INFO] number id: 44
2024-07-23 16:10:46 [INFO] instruction content:
2024-07-23 16:10:46 [INFO] How often does the factor 2 occur in the product P(n)=(n+1)(n+2)...(2n), as an expression of n?
2024-07-23 16:12:04 [INFO] final answer: Final Answer: The total number of factors of 2 in the product P(n) is given by the formula: 

\[ \left\lfloor\dfrac{n}{2}\right\rfloor + \left\lfloor\dfrac{n}{4}\right\rfloor + \left\lfloor\dfrac{n}{8}\right\rfloor + \cdots \]
2024-07-23 16:12:04 [INFO] gold answer: n times
2024-07-23 16:12:04 [INFO] 



2024-07-23 16:12:04 [INFO] number id: 45
2024-07-23 16:12:04 [INFO] instruction content:
2024-07-23 16:12:04 [INFO] Find all integer solutions to the equation 15x^2-7y^2=9.
2024-07-23 16:13:15 [INFO] final answer: The final answer is:
The integer solutions to the equation 15x^2 - 7y^2 = 9 are (±2, ±3).
2024-07-23 16:13:15 [INFO] gold answer: No integer solutions
2024-07-23 16:13:15 [INFO] 



2024-07-23 16:13:15 [INFO] number id: 46
2024-07-23 16:13:15 [INFO] instruction content:
2024-07-23 16:13:15 [INFO] Find the smallest positive integer a, so that 1971 | 50^n+23^n*a for odd n.
2024-07-23 16:14:26 [INFO] final answer: The smallest positive integer a is 1965.
2024-07-23 16:14:26 [INFO] gold answer: 512
2024-07-23 16:14:26 [INFO] 



2024-07-23 16:14:26 [INFO] number id: 47
2024-07-23 16:14:26 [INFO] instruction content:
2024-07-23 16:14:26 [INFO] Are there integer solutions to the equation (x^2-1)(y^2-1)+1984=z^2?
2024-07-23 16:15:10 [INFO] final answer: No, there are no integer solutions to the equation (x^2-1)(y^2-1)+1984=z^2.
2024-07-23 16:15:10 [INFO] gold answer: Yes
2024-07-23 16:15:10 [INFO] 



2024-07-23 16:15:10 [INFO] number id: 48
2024-07-23 16:15:10 [INFO] instruction content:
2024-07-23 16:15:10 [INFO] A sequence starts with 1, 9, 7, 7, 4, 7, 5, 3, 9, 4, 1... From the fifth number, every number is the sum of the preceding four numbers mod 10. Could the sequence contain 3, 2, 6, 9 as a subsequence somewhere?
2024-07-23 16:16:00 [INFO] final answer: The subsequence 3, 2, 6, 9 can never appear in the sequence based on the given rule.
2024-07-23 16:16:00 [INFO] gold answer: No
2024-07-23 16:16:00 [INFO] 



2024-07-23 16:16:00 [INFO] number id: 49
2024-07-23 16:16:00 [INFO] instruction content:
2024-07-23 16:16:00 [INFO] Find all possible values of x^2 mod 30 for prime number x>30.
2024-07-23 16:16:56 [INFO] final answer: Final Answer: 1
2024-07-23 16:16:56 [INFO] gold answer: 1 and 19
2024-07-23 16:16:56 [INFO] 



2024-07-23 16:16:56 [INFO] number id: 50
2024-07-23 16:16:56 [INFO] instruction content:
2024-07-23 16:16:56 [INFO] Find all non-negative integer solutions to the equation x^3+8x^2-6x+8=y^3.
2024-07-23 16:17:57 [INFO] final answer: There are no non-negative integer solutions to the equation x^3 + 8x^2 - 6x + 8 = y^3.
2024-07-23 16:17:57 [INFO] gold answer: x=0, y=2 and x=9, y=11
2024-07-23 16:17:57 [INFO] 



2024-07-23 16:17:57 [INFO] number id: 51
2024-07-23 16:17:57 [INFO] instruction content:
2024-07-23 16:17:57 [INFO] Find all possible values of n such that n^2-19n+89 is a perfect square and n>11.
2024-07-23 16:18:39 [INFO] final answer: The values of n that satisfy the equation n^2-19n+89 = m^2 and n>11 are n = 17 and n = 71.
2024-07-23 16:18:39 [INFO] gold answer: No such values
2024-07-23 16:18:39 [INFO] 



2024-07-23 16:18:39 [INFO] number id: 52
2024-07-23 16:18:39 [INFO] instruction content:
2024-07-23 16:18:39 [INFO] For positive integer n for which 2n+1 and 3n+1 are both perfect squares, what are possible values of n mod 40?
2024-07-23 16:19:58 [INFO] final answer: The possible values of n mod 40 are 4, 12, 24, 0, 20, 4.
2024-07-23 16:19:58 [INFO] gold answer: 0 is the only possible value
2024-07-23 16:19:58 [INFO] 



2024-07-23 16:19:58 [INFO] number id: 53
2024-07-23 16:19:58 [INFO] instruction content:
2024-07-23 16:19:58 [INFO] Find all integer values of m such that 1000^m-1 is a factor of 1978^m-1.
2024-07-23 16:21:22 [INFO] final answer: The values of \(m\) that satisfy the equation are \(m = 1, 2, 3, 9\).
2024-07-23 16:21:22 [INFO] gold answer: No such values
2024-07-23 16:21:22 [INFO] 



2024-07-23 16:21:22 [INFO] number id: 54
2024-07-23 16:21:22 [INFO] instruction content:
2024-07-23 16:21:22 [INFO] How many pairs of positive odd integer (a, b) both under 100 make a^2+b^2 be a perfect square?
2024-07-23 16:22:22 [INFO] final answer: Final answer: 0
2024-07-23 16:22:22 [INFO] gold answer: 0 pairs
2024-07-23 16:22:22 [INFO] 



2024-07-23 16:22:22 [INFO] number id: 55
2024-07-23 16:22:22 [INFO] instruction content:
2024-07-23 16:22:22 [INFO] Find all possible values of 4^n+15n-1 mod 9 for interger n≥0.
2024-07-23 16:24:28 [INFO] final answer: The possible values of (4^n + 15n - 1) mod 9 for n≥0 are 0, 3, and 6.
2024-07-23 16:24:28 [INFO] gold answer: 0 is the only possible value
2024-07-23 16:24:28 [INFO] 



2024-07-23 16:24:28 [INFO] number id: 56
2024-07-23 16:24:28 [INFO] instruction content:
2024-07-23 16:24:28 [INFO] Find all possible values of 2(1^k+2^k+...+n^k) mod n(n+1) for odd k.
2024-07-23 16:25:37 [INFO] final answer: The possible values of \( 2(1^k + 2^k + \ldots + n^k) \mod n(n+1) \) for odd \( k \) are:
- For \( k = 1 \), the result is \( 0 \).
- For \( k > 1 \) and odd, the result is \( 0 \).
2024-07-23 16:25:37 [INFO] gold answer: 0 is the only possible value
2024-07-23 16:25:37 [INFO] 



2024-07-23 16:25:37 [INFO] number id: 57
2024-07-23 16:25:37 [INFO] instruction content:
2024-07-23 16:25:37 [INFO] For positive integers a, b, c, d, n satisfying ab=cd, can a^n+b^n+c^n+d^n be a prime number?
2024-07-23 16:26:54 [INFO] final answer: Final Answer: No, a^n + b^n + c^n + d^n cannot be a prime number for positive integers a, b, c, d satisfying ab=cd, unless n = 1.
2024-07-23 16:26:54 [INFO] gold answer: No
2024-07-23 16:26:54 [INFO] 



2024-07-23 16:26:54 [INFO] number id: 58
2024-07-23 16:26:54 [INFO] instruction content:
2024-07-23 16:26:54 [INFO] Find all prime number values of n>2 such that 1+2+...+(n-2)+(n-1) is a factor of 1*2*...*(n-2)*(n-1).
2024-07-23 16:28:12 [INFO] final answer: Prime number values of n>2 that satisfy the condition are 3, 5, 7, 11.
2024-07-23 16:28:12 [INFO] gold answer: No such values
2024-07-23 16:28:12 [INFO] 



2024-07-23 16:28:12 [INFO] number id: 59
2024-07-23 16:28:12 [INFO] instruction content:
2024-07-23 16:28:12 [INFO] Find all positive integer solutions to the equation m^2+(m+1)^2=n^4+(n+1)^4.
2024-07-23 16:29:43 [INFO] final answer: The only positive integer solution to the equation is m = 0 and n = 1.
2024-07-23 16:29:43 [INFO] gold answer: No positive integer solutions
2024-07-23 16:29:43 [INFO] 



2024-07-23 16:29:43 [INFO] number id: 60
2024-07-23 16:29:43 [INFO] instruction content:
2024-07-23 16:29:43 [INFO] Find all integer solutions to the equation (n-2)^2+(n-1)^2+n^2+(n+1)^2+(n+2)^2=m^2.
2024-07-23 16:30:53 [INFO] final answer: The final answer is: n = -2, m = ±4.
2024-07-23 16:30:53 [INFO] gold answer: No integer solutions
2024-07-23 16:30:53 [INFO] 



2024-07-23 16:30:53 [INFO] number id: 61
2024-07-23 16:30:53 [INFO] instruction content:
2024-07-23 16:30:53 [INFO] Find all positive integer solutions to the equation 2^x+1=3^y.
2024-07-23 16:31:45 [INFO] final answer: The only positive integer solution to the equation 2^x + 1 = 3^y is x = 0 and y = 1.
2024-07-23 16:31:45 [INFO] gold answer: x=1, y=1 and x=3, y=2
2024-07-23 16:31:45 [INFO] 



2024-07-23 16:31:45 [INFO] number id: 62
2024-07-23 16:31:45 [INFO] instruction content:
2024-07-23 16:31:45 [INFO] What is the smallest value of |12^m-5^n| for positive integers m and n?
2024-07-23 16:32:48 [INFO] final answer: The final answer is: 7
2024-07-23 16:32:48 [INFO] gold answer: 7
2024-07-23 16:32:48 [INFO] 



2024-07-23 16:32:48 [INFO] number id: 63
2024-07-23 16:32:48 [INFO] instruction content:
2024-07-23 16:32:48 [INFO] If positive integers x and y are such that x^2+2y^2 is a prime number, what are all possible values of x^2+2y^2 mod 8?
2024-07-23 16:33:56 [INFO] final answer: The possible values of x^2 + 2y^2 mod 8 are 0, 1, 2, and 4.
2024-07-23 16:33:56 [INFO] gold answer: 1 and 3
2024-07-23 16:33:56 [INFO] 



2024-07-23 16:33:56 [INFO] number id: 64
2024-07-23 16:33:56 [INFO] instruction content:
2024-07-23 16:33:56 [INFO] Are there integer solutions to the equation (x^2-1)(y^2-1)+1981=z^2?
2024-07-23 16:34:40 [INFO] final answer: There are no integer solutions to the equation (x^2-1)(y^2-1)+1981=z^2.
2024-07-23 16:34:40 [INFO] gold answer: No
2024-07-23 16:34:40 [INFO] 



2024-07-23 16:34:40 [INFO] number id: 65
2024-07-23 16:34:40 [INFO] instruction content:
2024-07-23 16:34:40 [INFO] If the integer m ends with digit 5, what are possible values of 12^m+9^m+8^m+6^m mod 1991?
2024-07-23 16:36:04 [INFO] final answer: The possible values of 12^m+9^m+8^m+6^m mod 1991 when m ends with digit 5 are 1247.
2024-07-23 16:36:04 [INFO] gold answer: 0 is the only possible value
2024-07-23 16:36:04 [INFO] 



2024-07-23 16:36:04 [INFO] number id: 66
2024-07-23 16:36:04 [INFO] instruction content:
2024-07-23 16:36:04 [INFO] Let integer p, q satisfy p/q=1-1/2+1/3-1/4+...-1/1318+1/1319 with gcd(p,q)=1. What is p mod 1979?
2024-07-23 16:36:49 [INFO] final answer: p mod 1979 = 1565
2024-07-23 16:36:49 [INFO] gold answer: 0
2024-07-23 16:36:49 [INFO] 



2024-07-23 16:36:49 [INFO] number id: 67
2024-07-23 16:36:49 [INFO] instruction content:
2024-07-23 16:36:49 [INFO] Solve the equation x^4+a^4-3a*x^3+3a^3*x=0 for a≠0 as an expression of a.
2024-07-23 16:40:21 [INFO] final answer: The solution to the equation \(x^4 + a^4 - 3ax^3 + 3a^3x = 0\) for \(a \neq 0\) is \(a = 3x\).
2024-07-23 16:40:21 [INFO] gold answer: a(1±sqrt(2)), a(1±sqrt(5))/2
2024-07-23 16:40:21 [INFO] 



2024-07-23 16:40:21 [INFO] number id: 68
2024-07-23 16:40:21 [INFO] instruction content:
2024-07-23 16:40:21 [INFO] For a polynomial f(x) of degree n with integer coefficients, if both f(0) and f(1) are odd, at most how many integer-valued zeros can it have?
2024-07-23 16:41:57 [INFO] final answer: The maximum number of integer-valued zeros a polynomial of degree n with integer coefficients and odd f(0) and f(1) can have is 1.
2024-07-23 16:41:57 [INFO] gold answer: At most 0 integer-valued zeros (i.e., no integer zeros)
2024-07-23 16:41:57 [INFO] 



2024-07-23 16:41:57 [INFO] number id: 69
2024-07-23 16:41:57 [INFO] instruction content:
2024-07-23 16:41:57 [INFO] Find all integer solutions to the equation x^3+x^2*y+x*y^2+y^3=8(x^2+xy+y^2+1).
2024-07-23 16:43:34 [INFO] final answer: The integer solutions to the equation x^3+x^2*y+x*y^2+y^3=8(x^2+xy+y^2+1) are (x, y): (-1, -2), (-2, -1), (1, 2), (2, 1).
2024-07-23 16:43:34 [INFO] gold answer: (x=8, y=2), (x=2, y=8)
2024-07-23 16:43:34 [INFO] 



2024-07-23 16:43:34 [INFO] number id: 70
2024-07-23 16:43:34 [INFO] instruction content:
2024-07-23 16:43:34 [INFO] If x_1, x_2 are the two roots of the polynomial x^2-6x+1, for how many integer n in {61, 62, ..., 120} does x_1^n+x_2^n divided by 5 give a remainder of 4?
2024-07-23 16:44:52 [INFO] final answer: The number of integers n in the range {61, 62, ..., 120} that satisfy the condition x_1^n + x_2^n divided by 5 gives a remainder of 4 is 20.
2024-07-23 16:44:52 [INFO] gold answer: 20
2024-07-23 16:44:52 [INFO] 



2024-07-23 16:44:52 [INFO] number id: 71
2024-07-23 16:44:52 [INFO] instruction content:
2024-07-23 16:44:52 [INFO] Factorize x^4+x^2+1 into terms of integer coefficients.
2024-07-23 16:45:27 [INFO] final answer: The final answer is x^4+x^2+1 = (x^2+x+1)(x^2-x+1).
2024-07-23 16:45:27 [INFO] gold answer: (x^2+x+1)(x^2-x+1)
2024-07-23 16:45:27 [INFO] 



2024-07-23 16:45:27 [INFO] number id: 72
2024-07-23 16:45:27 [INFO] instruction content:
2024-07-23 16:45:27 [INFO] Find all possible values of f(x) at x≠0 such that xf(y)+yf(x)=(x+y)f(x)f(y) for all x, y.
2024-07-23 16:47:44 [INFO] final answer: The possible values of f(x) at x≠0 are f(x) = 0 and f(x) = x.
2024-07-23 16:47:44 [INFO] gold answer: f(x)=0 or f(x)=1
2024-07-23 16:47:44 [INFO] 



2024-07-23 16:47:44 [INFO] number id: 73
2024-07-23 16:47:44 [INFO] instruction content:
2024-07-23 16:47:44 [INFO] The polynomial f(x) has integer coefficients and there exists an integer k such that f(k), f(k+1), f(k+2) are all divisible by 3. For integer m in {k+3, k+4, ..., 2k}, at least how many of them have f(m) divisible by 3, as an expression of k?
2024-07-23 16:49:08 [INFO] final answer: The final answer is:
\[ \left\lfloor \frac{k+3}{3} \right\rfloor \]
2024-07-23 16:49:08 [INFO] gold answer: k-2 (i.e., all of them)
2024-07-23 16:49:08 [INFO] 



2024-07-23 16:49:08 [INFO] number id: 74
2024-07-23 16:49:08 [INFO] instruction content:
2024-07-23 16:49:08 [INFO] Let f(x) be a polynomial of degree n and f(x)=x has no real number solutions. What is the maximum number of real number solutions does f(f(x))=x have?
2024-07-23 16:49:54 [INFO] final answer: The maximum number of real number solutions that the equation f(f(x))=x can have is 0 if n is odd; and 2^(m-1) if n is even, where m is the number of distinct real roots of the polynomial f(x)=x.
2024-07-23 16:49:54 [INFO] gold answer: 0
2024-07-23 16:49:54 [INFO] 



2024-07-23 16:49:54 [INFO] number id: 75
2024-07-23 16:49:54 [INFO] instruction content:
2024-07-23 16:49:54 [INFO] Factorize x^8+x^4+1 into terms of integer coefficients.
2024-07-23 16:51:04 [INFO] final answer: The final answer is: (x^4 + x^2 + 1)(x^4 - x^2 + 1).
2024-07-23 16:51:04 [INFO] gold answer: (x^2+x+1)(x^2-x+1)(x^4-x^2+1)
2024-07-23 16:51:04 [INFO] 



2024-07-23 16:51:04 [INFO] number id: 76
2024-07-23 16:51:04 [INFO] instruction content:
2024-07-23 16:51:04 [INFO] Find a polynomial f(x) such that x*f(x−1)=(x+1)*f(x) for all x?
2024-07-23 16:52:17 [INFO] final answer: The polynomial that satisfies the given equation is \( f(x) = 0 \).
2024-07-23 16:52:17 [INFO] gold answer: f(x)=0
2024-07-23 16:52:17 [INFO] 



2024-07-23 16:52:17 [INFO] number id: 77
2024-07-23 16:52:17 [INFO] instruction content:
2024-07-23 16:52:17 [INFO] Find all real-valued solutions to the equation x^8+4x^6−10x^4+4x^2+1=0.
2024-07-23 16:53:06 [INFO] final answer: The solutions to the equation \(x^8 + 4x^6 - 10x^4 + 4x^2 + 1 = 0\) are \(x = \pm \frac{\sqrt{2}}{2}, \pm \frac{1}{\sqrt{2}}\).
2024-07-23 16:53:06 [INFO] gold answer: x=±1
2024-07-23 16:53:06 [INFO] 



2024-07-23 16:53:06 [INFO] number id: 78
2024-07-23 16:53:06 [INFO] instruction content:
2024-07-23 16:53:06 [INFO] Find the smallest value of the polynomial f(x)=x^3(x^3+1)(x^3+2)(x^3+3).
2024-07-23 16:54:04 [INFO] final answer: The smallest value of the polynomial f(x) = x^3(x^3 + 1)(x^3 + 2)(x^3 + 3) is 0.
2024-07-23 16:54:04 [INFO] gold answer: -1
2024-07-23 16:54:04 [INFO] 



2024-07-23 16:54:04 [INFO] number id: 79
2024-07-23 16:54:04 [INFO] instruction content:
2024-07-23 16:54:04 [INFO] For what value(s) of k is x^3+y^3+z^3+kxyz divisible by x+y+z?
2024-07-23 16:54:50 [INFO] final answer: k = 3
2024-07-23 16:54:50 [INFO] gold answer: -3 is the only possible value
2024-07-23 16:54:50 [INFO] 



2024-07-23 16:54:50 [INFO] number id: 80
2024-07-23 16:54:50 [INFO] instruction content:
2024-07-23 16:54:50 [INFO] Let f(x) be a polynomial with integer coefficients, with f(x)=5 at four distinct integers x=a, b, c, d. If f(x) has degree n, then at most how many integer values k are there with f(k)=8?
2024-07-23 16:55:33 [INFO] final answer: Final Answer: 2
2024-07-23 16:55:33 [INFO] gold answer: At most 0 values (i.e., no such values)
2024-07-23 16:55:33 [INFO] 



2024-07-23 16:55:33 [INFO] number id: 81
2024-07-23 16:55:33 [INFO] instruction content:
2024-07-23 16:55:33 [INFO] Let P(x) be a polynomial of degree n such that P(k)=k/(k+1) for k=0, 1, ..., n. Find P(n+1).
2024-07-23 16:55:57 [INFO] final answer: P(n+1) = (n+1)/(n+2)
2024-07-23 16:55:57 [INFO] gold answer: ((-1)^(n+1)+n+1)/(n+2) (i.e., 1 if for odd n, and n/(n+2) for even n)
2024-07-23 16:55:57 [INFO] 



2024-07-23 16:55:57 [INFO] number id: 82
2024-07-23 16:55:57 [INFO] instruction content:
2024-07-23 16:55:57 [INFO] Factorize x^9+x^4-x-1 into terms of integer coefficients.
2024-07-23 16:57:25 [INFO] final answer: The final answer is: (x^4 + 1)(x^5 - 1)
2024-07-23 16:57:25 [INFO] gold answer: (x+1)(x-1)(x^2+1)(x^3−x^2+1)(x^2+x+1)
2024-07-23 16:57:25 [INFO] 



2024-07-23 16:57:25 [INFO] number id: 83
2024-07-23 16:57:25 [INFO] instruction content:
2024-07-23 16:57:25 [INFO] Suppose that for x, y we have x+y=a and x^3+y^3=b. Find x^2+y^2, as an expression of a and b.
2024-07-23 16:58:48 [INFO] final answer: x^2 + y^2 = (2b/a) - 6x^2 + 2ax - a^2
2024-07-23 16:58:48 [INFO] gold answer: (a^3+2b)/(3a)
2024-07-23 16:58:48 [INFO] 



2024-07-23 16:58:48 [INFO] number id: 84
2024-07-23 16:58:48 [INFO] instruction content:
2024-07-23 16:58:48 [INFO] Let f(x)=(x^1958+x^1957+2)^1959=a_0+a_1*x+···+a_n*x^n. Find a_0−a_1/2−a_2/2+a_3−a_4/2−a_5/2+a_6-a_7/2-a_8/2+....
2024-07-23 16:59:37 [INFO] final answer: The final answer is: 1959.
2024-07-23 16:59:37 [INFO] gold answer: 1
2024-07-23 16:59:37 [INFO] 



2024-07-23 16:59:37 [INFO] number id: 85
2024-07-23 16:59:37 [INFO] instruction content:
2024-07-23 16:59:37 [INFO] For the polynomial x^3+4x^2+2x+a, what value of a results in one root being equal to the sum of the other two roots?
2024-07-23 17:00:37 [INFO] final answer: a = -4
2024-07-23 17:00:37 [INFO] gold answer: -4
2024-07-23 17:00:37 [INFO] 



2024-07-23 17:00:37 [INFO] number id: 86
2024-07-23 17:00:37 [INFO] instruction content:
2024-07-23 17:00:37 [INFO] Find all real-valued solutions to the equation 4x^11+4x^10−21x^9-21x^8+17x^7+17x^6+17x^5+17x^4−21x^3-21x^2+4x+4=0.
2024-07-23 17:02:12 [INFO] final answer: The solutions to the equation 4x^11 + 4x^10 - 21x^9 - 21x^8 + 17x^7 + 17x^6 + 17x^5 + 17x^4 - 21x^3 - 21x^2 + 4x + 4 = 0 are x = 1, and the solutions to the quartic equation 4y^4 + 13y^3 + 17y^2 + 17y + 4 = 0 should be found using numerical methods or software tools.
2024-07-23 17:02:12 [INFO] gold answer: x=±1, ±2, ±1/2
2024-07-23 17:02:12 [INFO] 



2024-07-23 17:02:12 [INFO] number id: 87
2024-07-23 17:02:12 [INFO] instruction content:
2024-07-23 17:02:12 [INFO] Find the remainder of x^1959−1 divided by (x^2+1)(x^2+x+1).
2024-07-23 17:03:22 [INFO] final answer: The remainder of \(x^{1959} - 1\) divided by \((x^2 + 1)(x^2 + x + 1)\) is \(-1\).
2024-07-23 17:03:22 [INFO] gold answer: x^3-1
2024-07-23 17:03:22 [INFO] 



2024-07-23 17:03:22 [INFO] number id: 88
2024-07-23 17:03:22 [INFO] instruction content:
2024-07-23 17:03:22 [INFO] What is the largest integer n for which n^3+100 is divisible by n+10?
2024-07-23 17:04:48 [INFO] final answer: The largest integer n that satisfies the condition n^3 + 100 is divisible by n + 10 is n = 20.
2024-07-23 17:04:48 [INFO] gold answer: 890
2024-07-23 17:04:48 [INFO] 



2024-07-23 17:04:48 [INFO] number id: 89
2024-07-23 17:04:48 [INFO] instruction content:
2024-07-23 17:04:48 [INFO] Let f(x) be a polynomial of degree n with integer coefficients. If there are three different integers a, b, c, such that f(a)=f(b)=f(c)=-1, then at most how many integer-valued roots can this polynomial have?
2024-07-23 17:05:35 [INFO] final answer: The values of a, b, c being three different integers where f(a)=f(b)=f(c)=-1 indicate that those specific points are roots of the polynomial f(x).
2024-07-23 17:05:35 [INFO] gold answer: At most 0 integer-valued roots (i.e., no integer roots)
2024-07-23 17:05:35 [INFO] 



2024-07-23 17:05:35 [INFO] number id: 90
2024-07-23 17:05:35 [INFO] instruction content:
2024-07-23 17:05:35 [INFO] The polynomial ax^3+bx^2+cx+d has integer coefficients a, b, c, d with ad odd and bc even. Can some values of a, b, c, d result in all three roots of the polynomial being integers?
2024-07-23 17:06:23 [INFO] final answer: The final answer is No.
2024-07-23 17:06:23 [INFO] gold answer: No
2024-07-23 17:06:23 [INFO] 



2024-07-23 17:06:23 [INFO] number id: 91
2024-07-23 17:06:23 [INFO] instruction content:
2024-07-23 17:06:23 [INFO] Find a monic polynomial (i.e. a polynomial with the leading coefficient being 1) p(x) of degree greater than 1 that satisfies x*p(x-1)=(x-2023)*p(x).
2024-07-23 17:07:41 [INFO] final answer: The monic polynomial p(x) that satisfies the given condition is p(x) = x^2 - 2023.
2024-07-23 17:07:41 [INFO] gold answer: x(x-1)(x-2)...(x-2022)
2024-07-23 17:07:41 [INFO] 



2024-07-23 17:07:41 [INFO] number id: 92
2024-07-23 17:07:41 [INFO] instruction content:
2024-07-23 17:07:41 [INFO] The polynomial 1-x+x^2-x^3+...+x^8-x^9 may be written in the form a_0+a_1*y+a_2*y^2+...+a_9*y^9, where y=x+1 and each a_i is a constant. Find the value of a_2.
2024-07-23 17:08:18 [INFO] final answer: Final Answer: -6
2024-07-23 17:08:18 [INFO] gold answer: 120
2024-07-23 17:08:18 [INFO] 



2024-07-23 17:08:18 [INFO] number id: 93
2024-07-23 17:08:18 [INFO] instruction content:
2024-07-23 17:08:18 [INFO] Let x_1, x_2, x_3 be the roots of x^3+3x^2-7x+1. Find x_1^2+x_2^2+x_3^2.
2024-07-23 17:09:06 [INFO] final answer: Final Answer: x_1^2 + x_2^2 + x_3^2 = 3
2024-07-23 17:09:06 [INFO] gold answer: 23
2024-07-23 17:09:06 [INFO] 



2024-07-23 17:09:06 [INFO] number id: 94
2024-07-23 17:09:06 [INFO] instruction content:
2024-07-23 17:09:06 [INFO] Is it possible that each of the polynomials P(x)=ax^2+bx+c, Q(x)=cx^2+ax+b and R(x)=bx^2+cx+a has two different real roots with positive values of a, b, c?
2024-07-23 17:10:09 [INFO] final answer: Final Answer: No, it is not possible for each of the polynomials P(x), Q(x), and R(x) to have two different real roots with positive values of a, b, c.
2024-07-23 17:10:09 [INFO] gold answer: No
2024-07-23 17:10:09 [INFO] 



2024-07-23 17:10:09 [INFO] number id: 95
2024-07-23 17:10:09 [INFO] instruction content:
2024-07-23 17:10:09 [INFO] Let binary string w_1=0, and w_(n+1) is generated by replacing each 0 in w_n by 001, and each 1 in w_n by 0. Thus, we have w_2=001, w_3=0010010, etc. Does this operation result in a periodic binary string in the infinite limit, and if so, what is its period?
2024-07-23 17:11:05 [INFO] final answer: Final Answer: The period of the binary string generated by the given operation is 3.
2024-07-23 17:11:05 [INFO] gold answer: No
2024-07-23 17:11:05 [INFO] 



2024-07-23 17:11:05 [INFO] number id: 96
2024-07-23 17:11:05 [INFO] instruction content:
2024-07-23 17:11:05 [INFO] Let {x_n}, {y_n}, {z_n} be three sequences with positive initial terms x_1, y_1, z_1, defined as x_(n+1)=y_n+1/z_n, y_(n+1)=z_n+1/x_n, z_(n+1)=x_n+1/y_n. Let w_n be the maximum value of x_n, y_n, z_n. For different values of x_1, y_1, z_1, do we have w_200 always greater than 20, always smaller than 20, or sometimes greater and sometimes smaller than 20?
2024-07-23 17:13:03 [INFO] final answer: The maximum value w_200 is always greater than 20.
2024-07-23 17:13:03 [INFO] gold answer: Always greater than 20
2024-07-23 17:13:03 [INFO] 



2024-07-23 17:13:03 [INFO] number id: 97
2024-07-23 17:13:03 [INFO] instruction content:
2024-07-23 17:13:03 [INFO] Let x_1, x_2<100 be two positive integers. For k≥3, let x_k be the smallest of the absolute values of the pairwise differences of the preceding terms. What are possible values of x_12?
2024-07-23 17:14:03 [INFO] final answer: The possible value of x_12 is 1.
2024-07-23 17:14:03 [INFO] gold answer: 0 is the only possible value
2024-07-23 17:14:03 [INFO] 



2024-07-23 17:14:03 [INFO] number id: 98
2024-07-23 17:14:03 [INFO] instruction content:
2024-07-23 17:14:03 [INFO] Find the limit of the expression 1/(1*2*3*4)+1/(2*3*4*5)+...+1/(n(n+1)(n+2)(n+3)) as n→∞.
2024-07-23 17:14:54 [INFO] final answer: The final answer is 0.
2024-07-23 17:14:54 [INFO] gold answer: 1/18
2024-07-23 17:14:54 [INFO] 



2024-07-23 17:14:54 [INFO] number id: 99
2024-07-23 17:14:54 [INFO] instruction content:
2024-07-23 17:14:54 [INFO] Define a sequence with x_1=1/2, x_(k+1)=x_k^2+x_k. What is the integer part of the sum 1/(x_1+1)+1/(x_2+1)+1/(x_3+1)+...+1/(x_100+1)?
2024-07-23 17:16:41 [INFO] final answer: The integer part of the sum 1/(x_1+1) + 1/(x_2+1) + 1/(x_3+1) + ... + 1/(x_100+1) is 21.
2024-07-23 17:16:41 [INFO] gold answer: 1
2024-07-23 17:16:41 [INFO] 



2024-07-23 17:16:41 [INFO] number id: 100
2024-07-23 17:16:41 [INFO] instruction content:
2024-07-23 17:16:41 [INFO] A sequence of positive integers a_0, a_1, ..., a_100 is defined as a_1>a_0, a_n=3a_(n-1)-2a_(n-2). Is it possible to have a_100<2^99 for certain such sequences, and if so, find the sequence with the largest sum a_0+a_1+...+a_100.
2024-07-23 17:17:52 [INFO] final answer: Sub-problem: Calculate the sum a_0+a_1+...+a_100 for this sequence.
Answer: 185.
2024-07-23 17:17:52 [INFO] gold answer: Such a sequence is not possible
2024-07-23 17:17:52 [INFO] 



2024-07-23 17:17:52 [INFO] number id: 101
2024-07-23 17:17:52 [INFO] instruction content:
2024-07-23 17:17:52 [INFO] Does there exist a positive sequence {a_n}, such that both sum a_n and sum 1/(n^2*a_n) converge to finite values?
2024-07-23 17:18:37 [INFO] final answer: No, there does not exist a positive sequence {a_n} such that both sum a_n and sum 1/(n^2*a_n) converge to finite values.
2024-07-23 17:18:37 [INFO] gold answer: No
2024-07-23 17:18:37 [INFO] 



2024-07-23 17:18:37 [INFO] number id: 102
2024-07-23 17:18:37 [INFO] instruction content:
2024-07-23 17:18:37 [INFO] A sequence is defined as a_1=0, |a_n|=|a_(n-1)+1|. What is the smallest value of (a_1+a_2+...+a_n)/n for even n?
2024-07-23 17:19:35 [INFO] final answer: Final Answer: -1
2024-07-23 17:19:35 [INFO] gold answer: -1/2
2024-07-23 17:19:35 [INFO] 



2024-07-23 17:19:35 [INFO] number id: 103
2024-07-23 17:19:35 [INFO] instruction content:
2024-07-23 17:19:35 [INFO] Does the limit exist for the sequence defined as a_n=((2^3-1)/(2^3+1))*((3^3-1)/(3^3+1))*((4^3-1)/(4^3+1))*...*((n^3-1)/(n^3+1)), and if so, find it.
2024-07-23 17:20:37 [INFO] final answer: The limit of the sequence as n approaches infinity is 3n^2.
2024-07-23 17:20:37 [INFO] gold answer: The limit exists and is equal to 2/3
2024-07-23 17:20:37 [INFO] 



2024-07-23 17:20:37 [INFO] number id: 104
2024-07-23 17:20:37 [INFO] instruction content:
2024-07-23 17:20:37 [INFO] For a≤b, define the sequence as a_1=a, a_2=b, a_(n+2)=(a_(n+1)+a_n)/2. Does the limit exist for this sequence, and if so, find it as an expression in terms of a and b.
2024-07-23 17:21:15 [INFO] final answer: The limit of the sequence as n approaches infinity is: (a + b) / 2
2024-07-23 17:21:15 [INFO] gold answer: The limit exists and is equal to (a+3b)/2
2024-07-23 17:21:15 [INFO] 



2024-07-23 17:21:15 [INFO] number id: 105
2024-07-23 17:21:15 [INFO] instruction content:
2024-07-23 17:21:15 [INFO] What are possible values of the limit of the sequence a_n=sqrt(a_(n-1))+sqrt(a_(n-2)), for different initial values of 0<a_0, a_1<1, possibly as an expression of a_0, a_1?
2024-07-23 17:22:18 [INFO] final answer: The limit of the sequence when \(a_0 = 1\) and \(a_1 = 1\) is 2.
2024-07-23 17:22:18 [INFO] gold answer: The only possible value for the limit is 4
2024-07-23 17:22:18 [INFO] 



2024-07-23 17:22:18 [INFO] number id: 106
2024-07-23 17:22:18 [INFO] instruction content:
2024-07-23 17:22:18 [INFO] Given a set of n positive numbers a_1≤a_2≤...≤a_n, with the sum of the n(n-1)/2 pairwise products being equal to 1. Is it possible that a_1+a_2+...+a_(n-1) is greater than or equal to sqrt(2)?
2024-07-23 17:23:27 [INFO] final answer: No, it is not possible that a_1+a_2+...+a_(n-1) is greater than or equal to sqrt(2).
2024-07-23 17:23:27 [INFO] gold answer: No
2024-07-23 17:23:27 [INFO] 



2024-07-23 17:23:27 [INFO] number id: 107
2024-07-23 17:23:27 [INFO] instruction content:
2024-07-23 17:23:27 [INFO] The positive real numbers x_0, x_1, ..., x_1995 satisfy x_0=x_1995 and x_i+2/x_i=2x_(i+1)+1/x_(i+1) for i=0, ..., 1994. Find the maximum value that x_0 can have.
2024-07-23 17:24:45 [INFO] final answer: The maximum value that x_0 can have is 2047.
2024-07-23 17:24:45 [INFO] gold answer: 2^997
2024-07-23 17:24:45 [INFO] 



2024-07-23 17:24:45 [INFO] number id: 108
2024-07-23 17:24:45 [INFO] instruction content:
2024-07-23 17:24:45 [INFO] The sequence {x_n} is defined by x_1=2, x_(n+1)=(2+x_n)/(1−2x_n). Must x_n≠0 for all n in the sequence?
2024-07-23 17:25:37 [INFO] final answer: No
2024-07-23 17:25:37 [INFO] gold answer: Yes
2024-07-23 17:25:37 [INFO] 



2024-07-23 17:25:37 [INFO] number id: 109
2024-07-23 17:25:37 [INFO] instruction content:
2024-07-23 17:25:37 [INFO] Is it possible to select an infinite geometric sequence from the sequence 1, 1/2, 1/4, 1/8, 1/16, ... such that the sum is 1/7, and if so, what is the sequence?
2024-07-23 17:26:44 [INFO] final answer: Final Answer: It is not possible to select an infinite geometric sequence from the sequence 1, 1/2, 1/4, 1/8, 1/16, ... such that the sum is 1/7.
2024-07-23 17:26:44 [INFO] gold answer: Yes, and the sequence is 1/2^3, 1/2^6, 1/2^9, ...
2024-07-23 17:26:44 [INFO] 



2024-07-23 17:26:44 [INFO] number id: 110
2024-07-23 17:26:44 [INFO] instruction content:
2024-07-23 17:26:44 [INFO] How many sequences of positive numbers a_0, a_1, a_2, ... satisfy the conditions of a_0=1, a_(n+2)=a_n-a_(n+1) for all n≥0?
2024-07-23 17:27:55 [INFO] final answer: Final Answer: 0
2024-07-23 17:27:55 [INFO] gold answer: Exactly one sequence
2024-07-23 17:27:55 [INFO] 



2024-07-23 17:27:55 [INFO] number id: 111
2024-07-23 17:27:55 [INFO] instruction content:
2024-07-23 17:27:55 [INFO] A sequence {a_n} is defined by a_1=1, a_(n+1)=a_n+1/a_n^2. Do we have a_9000>30?
2024-07-23 17:29:15 [INFO] final answer: No, a_9000 ≤ 30
2024-07-23 17:29:15 [INFO] gold answer: Yes
2024-07-23 17:29:15 [INFO] 



2024-07-23 17:29:15 [INFO] number id: 112
2024-07-23 17:29:15 [INFO] instruction content:
2024-07-23 17:29:15 [INFO] In how many ways can 12 geometric progressions be selected from the numbers 1, 2, ..., 100 such that every number is in exactly one progression?
2024-07-23 17:30:40 [INFO] final answer: The total number of ways to select 12 geometric progresssions from the numbers 1 to 100 such that every number is in exactly one progression is 18,222,420.
2024-07-23 17:30:40 [INFO] gold answer: 0 (no such selection is possible)
2024-07-23 17:30:40 [INFO] 



2024-07-23 17:30:40 [INFO] number id: 113
2024-07-23 17:30:40 [INFO] instruction content:
2024-07-23 17:30:40 [INFO] A function f(x) satisfies f(x+1)+f(x-1)=sqrt(2)*f(x). Determine whether the function is periodic, and if so, find its period.
2024-07-23 17:31:31 [INFO] final answer: Periodic function with period 1.
2024-07-23 17:31:31 [INFO] gold answer: The function is periodic, with a period of 8
2024-07-23 17:31:31 [INFO] 



2024-07-23 17:31:31 [INFO] number id: 114
2024-07-23 17:31:31 [INFO] instruction content:
2024-07-23 17:31:31 [INFO] The sequence {x_n} is defined by x_1=2, x_(n+1)=(2+x_n)/(1−2x_n), and it is known that there are no x_n=0. Could x_p=x_q for any p≠q, and if so, find the smallest possible value of p+q.
2024-07-23 17:32:51 [INFO] final answer: The smallest possible values of p and q such that x_p = x_q are p = 5 and q = 6.
2024-07-23 17:32:51 [INFO] gold answer: No
2024-07-23 17:32:51 [INFO] 



2024-07-23 17:32:51 [INFO] number id: 115
2024-07-23 17:32:51 [INFO] instruction content:
2024-07-23 17:32:51 [INFO] Let a sequence be the defined as a_1=a_2=1, and a_n=(a_(n-1)^2+2)/a_(n-2). How many values in a_1, a_2, ..., a_100 are integers?
2024-07-23 17:33:53 [INFO] final answer: The final answer is 5.
2024-07-23 17:33:53 [INFO] gold answer: 100 (i.e., all values)
2024-07-23 17:33:53 [INFO] correct_Q: 21
2024-07-23 17:33:53 [INFO] error_Q: 0
2024-07-23 17:33:53 [INFO] incorrect_Q: 95
2024-07-23 17:33:53 [INFO] sum_Q: 116
2024-07-24 09:12:08 [INFO] 



2024-07-24 09:12:08 [INFO] number id: 0
2024-07-24 09:12:08 [INFO] instruction content:
2024-07-24 09:12:08 [INFO] On a chess board, two rooks are placed peacefully if they are not on the same row or column. For an n x n chess board, find the number of ways that n rooks can be placed peacefully (i.e., any two are placed peacefully) and the placing is also invariant to a 180-degree rotation.
