2024-07-25 11:59:15 [INFO] 



2024-07-25 11:59:15 [INFO] number id: 0
2024-07-25 11:59:15 [INFO] instruction content:
2024-07-25 11:59:15 [INFO] def sat(s: str, substrings=['thacovatukoliva', 'maquyfezisothizyp', 'ka', 'benegiquememif']):
    return all(sub in s and sub[::-1] in s for sub in substrings)
2024-07-25 12:01:05 [INFO] final answer: 'thacovatukolivamaquyfezisothizypkabenegiquememif'
2024-07-25 12:01:05 [INFO] final answer type: str
2024-07-25 12:01:05 [INFO] fail
2024-07-25 12:01:05 [INFO] 



2024-07-25 12:01:05 [INFO] number id: 1
2024-07-25 12:01:05 [INFO] instruction content:
2024-07-25 12:01:05 [INFO] def sat(init: List[List[int]], period=1):
    target = {x + y * 1j for x, y in init}  # complex numbers encode live cells

    deltas = (1j, -1j, 1, -1, 1 + 1j, 1 - 1j, -1 + 1j, -1 - 1j)
    live = target
    for t in range(period):
        visible = {z + d for z in live for d in deltas}
        live = {z for z in visible if sum(z + d in live for d in deltas) in ([2, 3] if z in live else [3])}
        if live == target:
            return t + 1 == period
2024-07-25 12:04:10 [WARNING] Retrying (Retry(total=1, connect=None, read=None, redirect=None, status=None)) after connection broken by 'RemoteDisconnected('Remote end closed connection without response')': /v1/chat/completions
2024-07-25 12:05:11 [INFO] final answer: [[0, 0], [1, 0], [2, 0], [2, 1], [1, 2]], period = 5
2024-07-25 12:05:11 [INFO] final answer type: List[List[int]]
2024-07-25 12:07:14 [INFO] final answer: [[0, 1], [1, 0], [1, 1]]
2024-07-25 12:07:14 [INFO] final answer type: List[List[int]]
2024-07-25 12:07:14 [INFO] fail
2024-07-25 12:07:14 [INFO] 



2024-07-25 12:07:14 [INFO] number id: 2
2024-07-25 12:07:14 [INFO] instruction content:
2024-07-25 12:07:14 [INFO] def sat(squares: List[List[int]], m=30, n=12, target=360):
    covered = []
    for i1, j1, i2, j2 in squares:
        assert (0 <= i1 <= i2 < m) and (0 <= j1 <= j2 < n) and (j2 - j1 + i2 - i1 == 1)
        covered += [(i1, j1), (i2, j2)]
    return len(set(covered)) == len(covered) == target
2024-07-25 12:08:53 [WARNING] Retrying (Retry(total=1, connect=None, read=None, redirect=None, status=None)) after connection broken by 'RemoteDisconnected('Remote end closed connection without response')': /v1/chat/completions
2024-07-25 12:09:35 [INFO] final answer: [[0, 0, 2, 2], 30, 12, 360]
2024-07-25 12:09:35 [INFO] final answer type: List[List[int]]
2024-07-25 12:11:19 [INFO] final answer: [[0,0,0,0],[1,1,1,1],[2,2,2,2],[3,3,3,3],[4,4,4,4],[5,5,5,5],[6,6,6,6],[7,7,7,7],[8,8,8,8],[9,9,9,9],[10,10,10,10],[11,11,11,11]]
2024-07-25 12:11:19 [INFO] final answer type: List[List[int]]
2024-07-25 12:12:40 [INFO] final answer: [[1, 1, 2, 2], [4, 4, 5, 5], [7, 7, 8, 8], [10, 10, 11, 11], [13, 13, 14, 14], [16, 16, 17, 17], [19, 19, 20, 20], [22, 22, 23, 23], [25, 25, 26, 26], [28, 28, 29, 29]]
2024-07-25 12:12:40 [INFO] final answer type: List[List[int]]
2024-07-25 12:12:40 [INFO] run error 3+
2024-07-25 12:12:40 [INFO] 



2024-07-25 12:12:40 [INFO] number id: 3
2024-07-25 12:12:40 [INFO] instruction content:
2024-07-25 12:12:40 [INFO] def sat(strange: List[int], li=[8, 1, 0, 8, 1, 5, 2, 1, 7, 3, 0, 4, 0, 3, 8, 0, 9, 0, 7]):
    assert sorted(strange) == sorted(li), "Must be a permutation"
    return all(n == (min, max)[i % 2](strange[i:]) for i, n in enumerate(strange))
2024-07-25 12:13:34 [INFO] final answer: [0, 1, 3, 7, 8, 0, 1, 3, 4, 0, 8, 1, 9, 0, 7, 2]
2024-07-25 12:13:34 [INFO] final answer type: List[int]
2024-07-25 12:15:11 [INFO] final answer: [0, 0, 0, 0, 0, 0, 0, 0, 0, 0, 0, 0, 0, 0, 0, 0, 0, 0, 0]
2024-07-25 12:15:11 [INFO] final answer type: List[int]
2024-07-25 12:17:04 [INFO] final answer: [1, 0, 4, 3, 0, 9, 0, 7, 0, 8, 1, 5, 2, 1, 7, 3, 0, 8, 8]
2024-07-25 12:17:04 [INFO] final answer type: List[int]
2024-07-25 12:17:04 [INFO] fail
2024-07-25 12:17:04 [INFO] 



2024-07-25 12:17:04 [INFO] number id: 4
2024-07-25 12:17:04 [INFO] instruction content:
2024-07-25 12:17:04 [INFO] def sat(pals: List[bool], strs=['getuteg', 'quiuq', 'tebetextxetebet', 'quyquykame', 'palimubibibumilap', 'chirowykigollogikyworihc', 'jyt', 'zenoryluchydoquuzohehozuuqodyhculyronez', 'gumizilixogylygoxilizimug']):
    return all(pals[i] == (s == s[::-1]) for i, s in enumerate(strs))
2024-07-25 12:18:20 [INFO] final answer: [True, False, True, True]
2024-07-25 12:18:20 [INFO] final answer type: List[bool]
2024-07-25 12:18:20 [INFO] fail
2024-07-25 12:18:20 [INFO] 



2024-07-25 12:18:20 [INFO] number id: 5
2024-07-25 12:18:20 [INFO] instruction content:
2024-07-25 12:18:20 [INFO] def sat(planets_between: List[str], a="Mars", b="Neptune"):
    assert " " not in "".join(planets_between)
    return " ".join([a] + planets_between + [b]) in "Venus Earth Mars Jupiter Saturn Uranus Neptune Pluto"
2024-07-25 12:19:04 [INFO] final answer: ["Jupiter"]
2024-07-25 12:19:04 [INFO] final answer type: List[str]
2024-07-25 12:19:04 [INFO] fail
2024-07-25 12:19:04 [INFO] 



2024-07-25 12:19:04 [INFO] number id: 6
2024-07-25 12:19:04 [INFO] instruction content:
2024-07-25 12:19:04 [INFO] def sat(s: str, target="That last test was a bad test!"):
    subs = {ord(c): ord(c) + 2 for c in "aeiouAEIOU"}
    return s.swapcase() == target.translate(subs)
2024-07-25 12:19:57 [INFO] final answer: "tHAT laSt teSt wAs a bAd teSt!"
2024-07-25 12:19:57 [INFO] final answer type: str
2024-07-25 12:19:57 [INFO] fail
2024-07-25 12:19:57 [INFO] 



2024-07-25 12:19:57 [INFO] number id: 7
2024-07-25 12:19:57 [INFO] instruction content:
2024-07-25 12:19:57 [INFO] def sat(zero_sums: List[bool], trips=[[1253532, -3920635, 332], [-24, 18, 6], [0, 5, -5], [1, 1, 1], [-20, 17, 4]]):
    return len(zero_sums) == len(trips) and all(z == ((a + b + c) == 0) for z, (a, b, c) in zip(zero_sums, trips))
2024-07-25 12:21:19 [INFO] final answer: sat([True, True, True, True, True], [[1, 2, -3], [3, -1, -2], [-1000000, 1000000, 0], [0, 0, 0], [2, -1, -1]])
2024-07-25 12:21:19 [INFO] final answer type: List[bool]
2024-07-25 12:22:49 [INFO] final answer: [True, False, True, True, False]
2024-07-25 12:22:49 [INFO] final answer type: List[bool]
2024-07-25 12:22:49 [INFO] fail
2024-07-25 12:22:49 [INFO] 



2024-07-25 12:22:49 [INFO] number id: 8
2024-07-25 12:22:49 [INFO] instruction content:
2024-07-25 12:22:49 [INFO] def sat(n: int, x=3557710970.9527555):
    return abs(n - x) <= 0.5
2024-07-25 12:23:28 [INFO] final answer: 3557710970.4527555
2024-07-25 12:23:28 [INFO] final answer type: int
2024-07-25 12:23:55 [INFO] final answer: 3557710970.9527555
2024-07-25 12:23:55 [INFO] final answer type: int
2024-07-25 12:24:38 [INFO] final answer: 3557710971
2024-07-25 12:24:38 [INFO] final answer type: int
2024-07-25 12:24:38 [INFO] correct
2024-07-25 12:24:38 [INFO] 



2024-07-25 12:24:38 [INFO] number id: 9
2024-07-25 12:24:38 [INFO] instruction content:
2024-07-25 12:24:38 [INFO] def sat(indices: List[int], s="aeEm%%uIV0imR&xUvQvZf#1z4"):
    i, j = indices
    return s[i] == s[j] and 0 <= i < j < i + 3
2024-07-25 12:25:19 [INFO] final answer: [4, 6]
2024-07-25 12:25:19 [INFO] final answer type: List[int]
2024-07-25 12:25:19 [INFO] fail
2024-07-25 12:25:19 [INFO] 



2024-07-25 12:25:19 [INFO] number id: 10
2024-07-25 12:25:19 [INFO] instruction content:
2024-07-25 12:25:19 [INFO] def sat(bills: List[int], denominations=[1, 44, 69], n=727, max_len=18):
    return sum(bills) == n and all(b in denominations for b in bills) and len(bills) <= max_len
2024-07-25 12:25:49 [INFO] final answer: [69, 69, 69, 69, 69, 69, 69, 69, 69, 69, 69, 69, 69, 69, 69, 69, 69, 19]
2024-07-25 12:25:49 [INFO] final answer type: List[int]
2024-07-25 12:25:49 [INFO] fail
2024-07-25 12:25:49 [INFO] 



2024-07-25 12:25:49 [INFO] number id: 11
2024-07-25 12:25:49 [INFO] instruction content:
2024-07-25 12:25:49 [INFO] def sat(x: int, a=-6405550227918699):
    return -x == a
2024-07-25 12:26:05 [INFO] final answer: 0
2024-07-25 12:26:05 [INFO] final answer type: int
2024-07-25 12:26:05 [INFO] fail
2024-07-25 12:26:05 [INFO] 



2024-07-25 12:26:05 [INFO] number id: 12
2024-07-25 12:26:05 [INFO] instruction content:
2024-07-25 12:26:05 [INFO] def sat(running_squares: List[int], x=[9.650000588598111, -8.077324515062926, 2.649836251190308, 0.7153951297675469, -1.9181388431489204, 2.7112675102232675, -6.813543009125667, 7.029917456417941, -2.821293215347511]):
    for i, v in enumerate(x):
        ceiling = int(v) + (v > 0 and not v.is_integer())
        square = ceiling ** 2
        if running_squares[i] != square + (i > 0 and running_squares[i - 1]):
            return False

    return len(running_squares) == len(x)
2024-07-25 12:26:55 [INFO] final answer: [100, 0, 6, 0, 2, 0, 50, 47, 7]
2024-07-25 12:26:55 [INFO] final answer type: List[int]
2024-07-25 12:26:55 [INFO] fail
2024-07-25 12:26:55 [INFO] 



2024-07-25 12:26:55 [INFO] number id: 13
2024-07-25 12:26:55 [INFO] instruction content:
2024-07-25 12:26:55 [INFO] def sat(x: str, parts=['f', 'thixaresiquagipoquas', 'fytylu', 'jywaxaw'], string="fdetthixaresiquagipoquasdetfytyludetjywaxaw"):
    return string.split(x) == parts
2024-07-25 12:28:00 [INFO] final answer: "det"
2024-07-25 12:28:00 [INFO] final answer type: str
2024-07-25 12:28:00 [INFO] fail
2024-07-25 12:28:00 [INFO] 



2024-07-25 12:28:00 [INFO] number id: 14
2024-07-25 12:28:00 [INFO] instruction content:
2024-07-25 12:28:00 [INFO] def sat(even_odd_sum: int, nums=[48, -42, -19, -82, -71, -57, -85, 61, 61, -86]):
    for i in nums[1::2]:
        if i % 2 == 0:
            even_odd_sum -= i
    return even_odd_sum == 0
2024-07-25 12:28:25 [INFO] final answer: even_odd_sum=48
2024-07-25 12:28:25 [INFO] final answer type: int
2024-07-25 12:28:52 [INFO] final answer: 8
2024-07-25 12:28:52 [INFO] final answer type: int
2024-07-25 12:28:52 [INFO] fail
2024-07-25 12:28:52 [INFO] 



2024-07-25 12:28:52 [INFO] number id: 15
2024-07-25 12:28:52 [INFO] instruction content:
2024-07-25 12:28:52 [INFO] def sat(ls: List[str], n=59, a="hokitextawelaxah", b="maryhedu"):
    return len(ls) == len(set(ls)) == n and ls[0] == a and ls[-1] == b and ls == sorted(ls)
2024-07-25 12:30:32 [INFO] final answer: ["hokitextawelaxah", '', '', '', '', '', '', '', '', '', '', '', '', '', '', '', '', '', '', '', '', '', '', '', '', '', '', '', '', '', '', '', '', '', '', '', '', '', '', '', '', '', '', '', '', '', '', '', '', '', '', '', '', '', '', '', '', '', '', '', '', '', 'maryhedu"]
2024-07-25 12:30:32 [INFO] final answer type: List[str]
2024-07-25 12:31:33 [INFO] final answer: ['hokitextawelaxah', 'm', 'n', 'o', 'p', 'q', 'r', 's', 't', 'u', 'v', 'w', 'x', 'y', 'z']
2024-07-25 12:31:33 [INFO] final answer type: List[str]
2024-07-25 12:31:33 [INFO] fail
2024-07-25 12:31:33 [INFO] 



2024-07-25 12:31:33 [INFO] number id: 16
2024-07-25 12:31:33 [INFO] instruction content:
2024-07-25 12:31:33 [INFO] def sat(sides: List[int], options=[5, 5684341886080801486968994140625, 1694065894508600678136645001359283924102783203125], n=14164235936814247246943953676783316651469999599259488526297703814252125093918086614885937400554283434172053854937092875501351523725603695985262279092166781262962870903549601084831041808313096168206454204432965872990952135614781500037949647186895146848775449563088704805081355726771444219003252553140494372583795600460039446480996347267095412342936844101488043829191704193224433757153659988332565127014442298522610686943372161710084163946718544591837540089627956441911856011461878779300604946911334991455078125, max_dim=18):
    prod = 1
    for b in sides:
        prod *= b
    return prod == n and set(sides) <= set(options) and len(sides) <= max_dim
2024-07-25 12:33:05 [INFO] final answer: [5, 5684341886080801486968994140625]
2024-07-25 12:33:05 [INFO] final answer type: List[int]
2024-07-25 12:33:05 [INFO] fail
2024-07-25 12:33:05 [INFO] 



2024-07-25 12:33:05 [INFO] number id: 17
2024-07-25 12:33:05 [INFO] instruction content:
2024-07-25 12:33:05 [INFO] def sat(x: str, parts=['kowot', 'quimimy'], string="kowottextihocavikirofegyfquimimy"):
    return string.split(x) == parts
2024-07-25 12:33:49 [INFO] final answer: "kowot###quimimy"
2024-07-25 12:33:49 [INFO] final answer type: str
2024-07-25 12:33:49 [INFO] fail
2024-07-25 12:33:49 [INFO] 



2024-07-25 12:33:49 [INFO] number id: 18
2024-07-25 12:33:49 [INFO] instruction content:
2024-07-25 12:33:49 [INFO] def sat(p: List[int], edges=[[6, 6], [3, 6], [5, 0], [7, 16], [9, 12], [10, 3], [3, 5], [14, 17], [10, 14], [15, 3], [17, 15], [8, 18], [1, 12], [3, 7], [12, 17], [15, 15], [6, 2], [10, 9], [5, 13], [2, 15], [8, 5], [9, 15], [10, 6], [10, 17], [3, 9], [2, 6], [4, 1], [7, 12], [13, 1], [15, 17], [13, 5], [14, 10], [0, 17], [0, 11], [4, 17], [1, 11], [12, 18]]):
    return p[0] == 0 and p[-1] == 1 == len(p) % 2 and all([[a, b] in edges for a, b in zip(p, p[1:])])
2024-07-25 12:34:31 [INFO] final answer: [0, 1]
2024-07-25 12:34:31 [INFO] final answer type: List[int]
2024-07-25 12:34:31 [INFO] fail
2024-07-25 12:34:31 [INFO] 



2024-07-25 12:34:31 [INFO] number id: 19
2024-07-25 12:34:31 [INFO] instruction content:
2024-07-25 12:34:31 [INFO] def sat(s: str, a=5129, d=17):
    return s.count("a") == a and s.count("d") == d and len(s) == a + d
2024-07-25 12:35:13 [INFO] final answer: "a" * 5129 + "d" * 17
2024-07-25 12:35:13 [INFO] final answer type: str
2024-07-25 12:35:13 [INFO] fail
2024-07-25 12:35:13 [INFO] 



2024-07-25 12:35:13 [INFO] number id: 20
2024-07-25 12:35:13 [INFO] instruction content:
2024-07-25 12:35:13 [INFO] def sat(coords: List[List[float]], sides=[45.986905476840235, 79.97976343909342, 86.26149779271437]):
    assert len(coords) == 3
    sides2 = [((x - x2) ** 2 + (y - y2) ** 2) ** 0.5 for i, (x, y) in enumerate(coords) for x2, y2 in coords[:i]]
    return all(abs(a - b) < 1e-6 for a, b in zip(sorted(sides), sorted(sides2)))
2024-07-25 12:36:20 [INFO] final answer: [[0.0, 0.0], [0.0, 3.0], [4.0, 0.0]]
2024-07-25 12:36:20 [INFO] final answer type: List[List[float]]
2024-07-25 12:36:20 [INFO] fail
2024-07-25 12:36:20 [INFO] 



2024-07-25 12:36:20 [INFO] number id: 21
2024-07-25 12:36:20 [INFO] instruction content:
2024-07-25 12:36:20 [INFO] def sat(states: List[str], start="424", combo="778", target_len=12):
    assert all(len(s) == len(start) for s in states) and all(c in "0123456789" for s in states for c in s)
    for a, b in zip([start] + states, states + [combo]):
        assert sum(i != j for i, j in zip(a, b)) == 1
        assert all(abs(int(i) - int(j)) in {0, 1, 9} for i, j in zip(a, b))

    return len(states) <= target_len
2024-07-25 12:38:02 [INFO] final answer: ["234", "356", "536", "778"]
2024-07-25 12:38:02 [INFO] final answer type: List[str]
2024-07-25 12:39:27 [INFO] final answer: ["123", "567", "890"]
2024-07-25 12:39:27 [INFO] final answer type: List[str]
2024-07-25 12:40:46 [INFO] final answer: ["111", "555"]
2024-07-25 12:40:46 [INFO] final answer type: List[str]
2024-07-25 12:40:46 [INFO] run error 3+
2024-07-25 12:40:46 [INFO] 



2024-07-25 12:40:46 [INFO] number id: 22
2024-07-25 12:40:46 [INFO] instruction content:
2024-07-25 12:40:46 [INFO] def sat(i: int, li=[99, 51, -28, -69, -90, -15, 7, -67], target=51):
    return li[i] == target
2024-07-25 12:41:31 [INFO] final answer: sat(i, [99, 51, -28, -69, -90, -15, 7, -67], 51)
2024-07-25 12:41:31 [INFO] final answer type: int
2024-07-25 12:41:56 [INFO] final answer: 1
2024-07-25 12:41:56 [INFO] final answer type: int
2024-07-25 12:41:56 [INFO] correct
2024-07-25 12:41:56 [INFO] 



2024-07-25 12:41:56 [INFO] number id: 23
2024-07-25 12:41:56 [INFO] instruction content:
2024-07-25 12:41:56 [INFO] def sat(x: int, a=1073258, b=72352549):
    return a + x == b
2024-07-25 12:42:12 [INFO] final answer: 71279291
2024-07-25 12:42:12 [INFO] final answer type: int
2024-07-25 12:42:12 [INFO] correct
2024-07-25 12:42:12 [INFO] 



2024-07-25 12:42:12 [INFO] number id: 24
2024-07-25 12:42:12 [INFO] instruction content:
2024-07-25 12:42:12 [INFO] def sat(ls: List[str], combined=" ((((() ())( ( ))())))   "):
    for s in ls:
        assert s.count("(") == s.count(")")
        assert all(s[:i].count("(") > s[:i].count(")") for i in range(1, len(s)))  # s is not further divisible
    return ''.join(ls) == combined.replace(' ', '')
2024-07-25 12:43:28 [INFO] final answer: ['()', '(())', '()()', "(()()(()()))"]
2024-07-25 12:43:28 [INFO] final answer type: List[str]
2024-07-25 12:44:24 [INFO] final answer: ["()", "(())", "(()())", "()()"]
2024-07-25 12:44:24 [INFO] final answer type: List[str]
2024-07-25 12:46:05 [INFO] final answer: ["()", "(())", "((()))"]
2024-07-25 12:46:05 [INFO] final answer type: List[str]
2024-07-25 12:46:05 [INFO] fail
2024-07-25 12:46:05 [INFO] 



2024-07-25 12:46:05 [INFO] number id: 25
2024-07-25 12:46:05 [INFO] instruction content:
2024-07-25 12:46:05 [INFO] def sat(start: int, k=10, lower=-8326797433194240, seq=[49, -99, 80, 26, 54, 13, 37, 13, -52, -47]):
    prod = 1
    for i in range(start, start + k):
        prod *= seq[i]
    return prod >= lower
2024-07-25 12:47:18 [INFO] final answer: 2, 7, -3, [2, -2, 3, 1, -1, 4, -1, 2, -3, 2]
2024-07-25 12:47:18 [INFO] final answer type: int
2024-07-25 12:48:14 [INFO] final answer: [49, -99, 80, 26, 54, 13, 37, 13, -52, -47]
2024-07-25 12:48:14 [INFO] final answer type: int
2024-07-25 12:48:43 [INFO] final answer: [-99, 80, 26, 54, 13, 37, 13]
2024-07-25 12:48:43 [INFO] final answer type: int
2024-07-25 12:48:43 [INFO] run error 3+
2024-07-25 12:48:43 [INFO] 



2024-07-25 12:48:43 [INFO] number id: 26
2024-07-25 12:48:43 [INFO] instruction content:
2024-07-25 12:48:43 [INFO] def sat(x: float, v=93.86070917102649):
    return 0 <= x < 1 and (v - x).is_integer()
2024-07-25 12:49:08 [INFO] final answer: 0.5
2024-07-25 12:49:08 [INFO] final answer type: float
2024-07-25 12:49:08 [INFO] fail
2024-07-25 12:49:08 [INFO] 



2024-07-25 12:49:08 [INFO] number id: 27
2024-07-25 12:49:08 [INFO] instruction content:
2024-07-25 12:49:08 [INFO] def sat(strange: List[int], li=[7, 1, 3]):
    assert sorted(strange) == sorted(li), "Must be a permutation"
    return all(n == (min, max)[i % 2](strange[i:]) for i, n in enumerate(strange))
2024-07-25 12:50:41 [INFO] final answer: [3, 1, 7]
2024-07-25 12:50:41 [INFO] final answer type: List[int]
2024-07-25 12:50:41 [INFO] fail
2024-07-25 12:50:41 [INFO] 



2024-07-25 12:50:41 [INFO] number id: 28
2024-07-25 12:50:41 [INFO] instruction content:
2024-07-25 12:50:41 [INFO] def sat(s: str, target="tenuhije", length=6):
    return target[(len(target) - length) // 2:(len(target) + length) // 2] == s
2024-07-25 12:51:35 [INFO] final answer: "nuhij"
2024-07-25 12:51:35 [INFO] final answer type: str
2024-07-25 12:51:35 [INFO] fail
2024-07-25 12:51:35 [INFO] 



2024-07-25 12:51:35 [INFO] number id: 29
2024-07-25 12:51:35 [INFO] instruction content:
2024-07-25 12:51:35 [INFO] def sat(n: int, a=1940392439040171204):
    return a == n * n and n < 0
2024-07-25 12:52:02 [INFO] final answer: 1394635182
2024-07-25 12:52:02 [INFO] final answer type: int
2024-07-25 12:52:02 [INFO] fail
2024-07-25 12:52:02 [INFO] 



2024-07-25 12:52:02 [INFO] number id: 30
2024-07-25 12:52:02 [INFO] instruction content:
2024-07-25 12:52:02 [INFO] def sat(x: int, nums=[-2410166269, 5887293672], upper=-8297459941):
    dev = sum(n - x for n in nums)
    return dev <= upper
2024-07-25 12:52:49 [INFO] final answer: 5857278672
2024-07-25 12:52:49 [INFO] final answer type: int
2024-07-25 12:52:49 [INFO] fail
2024-07-25 12:52:49 [INFO] 



2024-07-25 12:52:49 [INFO] number id: 31
2024-07-25 12:52:49 [INFO] instruction content:
2024-07-25 12:52:49 [INFO] def sat(s: str, pool=['th', 's', 'bulonu', 'r']):
    assert s in pool
    n = len(set(s))
    for p in pool:
        assert len(set(p)) <= n
    return True
2024-07-25 12:53:43 [INFO] final answer: s
2024-07-25 12:53:43 [INFO] final answer type: str
2024-07-25 12:54:38 [INFO] final answer: 'bulonu'
2024-07-25 12:54:38 [INFO] final answer type: str
2024-07-25 12:55:38 [INFO] final answer: r
2024-07-25 12:55:38 [INFO] final answer type: str
2024-07-25 12:55:38 [INFO] run error 3+
2024-07-25 12:55:38 [INFO] 



2024-07-25 12:55:38 [INFO] number id: 32
2024-07-25 12:55:38 [INFO] instruction content:
2024-07-25 12:55:38 [INFO] def sat(st: str, a="dyr", b="dyr"):
    return st + a == b
2024-07-25 12:56:20 [INFO] final answer: "", "dyr", "dyr"
2024-07-25 12:56:20 [INFO] final answer type: str
2024-07-25 12:56:20 [INFO] fail
2024-07-25 12:56:20 [INFO] 



2024-07-25 12:56:20 [INFO] number id: 33
2024-07-25 12:56:20 [INFO] instruction content:
2024-07-25 12:56:20 [INFO] def sat(x: float, v=-6.770237138115334):
    return 0 <= x < 1 and (v - x).is_integer()
2024-07-25 12:56:47 [INFO] final answer: 0.770237138115334
2024-07-25 12:56:47 [INFO] final answer type: float
2024-07-25 12:56:47 [INFO] fail
2024-07-25 12:56:47 [INFO] 



2024-07-25 12:56:47 [INFO] number id: 34
2024-07-25 12:56:47 [INFO] instruction content:
2024-07-25 12:56:47 [INFO] def sat(beats: List[int], score=""):
    return " ".join({1: '.|', 2: 'o|', 4: 'o'}[b] for b in beats) == score
2024-07-25 12:57:39 [INFO] final answer: [4, 4, 1, 1, 2]
2024-07-25 12:57:39 [INFO] final answer type: List[int]
2024-07-25 12:57:39 [INFO] fail
2024-07-25 12:57:39 [INFO] 



2024-07-25 12:57:39 [INFO] number id: 35
2024-07-25 12:57:39 [INFO] instruction content:
2024-07-25 12:57:39 [INFO] def sat(ab: List[int], s="6062860630606326063460636"):
    return abs(ab[0] - ab[1]) > 4 and s == "".join(str(i) for i in range(min(ab), max(ab) + 1) if i % 2 == 0)
2024-07-25 12:58:40 [INFO] final answer: [5, 10]
2024-07-25 12:58:40 [INFO] final answer type: List[int]
2024-07-25 12:58:40 [INFO] fail
2024-07-25 12:58:40 [INFO] 



2024-07-25 12:58:40 [INFO] number id: 36
2024-07-25 12:58:40 [INFO] instruction content:
2024-07-25 12:58:40 [INFO] def sat(interval2: List[int], interval1=[0, 2381571]):
    intersection_width = min(interval1[1], interval2[1]) - max(interval1[0], interval2[0])
    return intersection_width > 1 and all(intersection_width % i for i in range(2, intersection_width))
2024-07-25 12:59:34 [INFO] final answer: [1, 2381572]
2024-07-25 12:59:34 [INFO] final answer type: List[int]
2024-07-25 12:59:34 [INFO] fail
2024-07-25 12:59:34 [INFO] 



2024-07-25 12:59:34 [INFO] number id: 37
2024-07-25 12:59:34 [INFO] instruction content:
2024-07-25 12:59:34 [INFO] def sat(expr: str, nums=[8, 3, 12, 1]):
    assert len(nums) == 4 and 1 <= min(nums) and max(nums) <= 13, "hint: nums is a list of four ints in 1..13"
    expr = expr.replace(" ", "")  # ignore whitespace
    digits = ""
    for i in range(len(expr)):
        if i == 0 or expr[i - 1] in "+*-/(":
            assert expr[i] in "123456789(", "Expr cannot contain **, //, or unary -"
        assert expr[i] in "1234567890()+-*/", "Expr can only contain `0123456789()+-*/`"
        digits += expr[i] if expr[i] in "0123456789" else " "
    assert sorted(int(s) for s in digits.split()) == sorted(nums), "Each number must occur exactly once"
    return abs(eval(expr) - 24.0) < 1e-6
2024-07-25 13:00:49 [INFO] final answer: (8 + 3) * (1 + 12)
2024-07-25 13:00:49 [INFO] final answer type: str
2024-07-25 13:00:49 [INFO] fail
2024-07-25 13:00:49 [INFO] 



2024-07-25 13:00:49 [INFO] number id: 38
2024-07-25 13:00:49 [INFO] instruction content:
2024-07-25 13:00:49 [INFO] def sat(keep: List[bool], heights=[6, 12, 26, 4, 25, 20, 15, 14, 18, 22, 19, 23, 27, 13, 9, 28, 17, 11, 29, 7, 1, 10, 2, 0, 21, 3, 5, 8, 16, 24]):
    n = int(len(heights) ** 0.5)
    assert sorted(heights) == list(range(n * n + n)), "hint: heights is a permutation of range(n * n + n)"
    kept = [i for i, k in zip(heights, keep) if k]
    assert len(kept) == 2 * n, "must keep 2n items"
    pi = sorted(range(2 * n), key=lambda i: kept[i])  # the sort indices
    return all(abs(pi[2 * i] - pi[2 * i + 1]) == 1 for i in range(n))
2024-07-25 13:02:02 [INFO] final answer: [True, False, True, True, False, True, False, True, False, True, True, True, True, False, False, True, False, False, True, False, False, True, False, True, False, False, True, False, True, False]
2024-07-25 13:02:02 [INFO] final answer type: List[bool]
2024-07-25 13:03:13 [INFO] final answer: [True, False, True, True, False, True, False, True, False, True, False, True, True, True, False, False, False, True, False, False, False, False, False, False, False, False, False, True, True, False]
2024-07-25 13:03:13 [INFO] final answer type: List[bool]
2024-07-25 13:05:00 [INFO] final answer: [True, False, True, False, True, False, True, False, True, False, True, False, True, False, True, False, True, False, True, False, True, False, True, False, True, False, True, False, True, False]
2024-07-25 13:05:00 [INFO] final answer type: List[bool]
2024-07-25 13:05:00 [INFO] run error 3+
2024-07-25 13:05:00 [INFO] 



2024-07-25 13:05:00 [INFO] number id: 39
2024-07-25 13:05:00 [INFO] instruction content:
2024-07-25 13:05:00 [INFO] def sat(swaps: List[List[int]], nums1=[-4, -8, -10, -6, 0, -3, -7, 5], nums2=[-6, 6, -8, -7, -7]):
    copy1 = nums1[:]
    copy2 = nums2[:]
    for i, j in swaps:
        copy1[i], copy2[j] = copy2[j], copy1[i]
    return all(n % 2 == 0 for n in copy1)
2024-07-25 13:05:59 [INFO] final answer: [[1,2]]
2024-07-25 13:05:59 [INFO] final answer type: List[List[int]]
2024-07-25 13:05:59 [INFO] fail
2024-07-25 13:05:59 [INFO] 



2024-07-25 13:05:59 [INFO] number id: 40
2024-07-25 13:05:59 [INFO] instruction content:
2024-07-25 13:05:59 [INFO] def sat(colors: List[int], n=100):
    assert set(colors) <= {0, 1} and len(colors) >= n
    squares = {i ** 2: colors[i] for i in range(1, len(colors))}
    return not any(c == d == squares.get(i + j) for i, c in squares.items() for j, d in squares.items())
2024-07-25 13:07:31 [INFO] final answer: [0, 1, 0, 0, 0, 1] + [1] * 94
2024-07-25 13:07:31 [INFO] final answer type: List[int]
2024-07-25 13:07:31 [INFO] fail
2024-07-25 13:07:31 [INFO] 



2024-07-25 13:07:31 [INFO] number id: 41
2024-07-25 13:07:31 [INFO] instruction content:
2024-07-25 13:07:31 [INFO] def sat(p: int, n=101076):

    def is_prime(m):
        return all(m % i for i in range(2, m - 1))

    return is_prime(p) and n % p == 0 and p > 0 and all(n % i or not is_prime(i) for i in range(p + 1, n))
2024-07-25 13:08:23 [INFO] final answer: 101076
2024-07-25 13:08:23 [INFO] final answer type: int
2024-07-25 13:08:23 [INFO] fail
2024-07-25 13:08:23 [INFO] 



2024-07-25 13:08:23 [INFO] number id: 42
2024-07-25 13:08:23 [INFO] instruction content:
2024-07-25 13:08:23 [INFO] def sat(encrypted: str, orig="byfykovevuvyxanofi lygolono pyzuh t"):
    assert len(encrypted) == len(orig)
    return all(chr(ord(a) - 2 * 2) == b for a, b in zip(encrypted, orig))
2024-07-25 13:08:58 [INFO] final answer: "ywhkkcygaimptakhqtafeelwuverktgfu"
2024-07-25 13:08:58 [INFO] final answer type: str
2024-07-25 13:08:58 [INFO] fail
2024-07-25 13:08:58 [INFO] 



2024-07-25 13:08:58 [INFO] number id: 43
2024-07-25 13:08:58 [INFO] instruction content:
2024-07-25 13:08:58 [INFO] def sat(s: str, target="quitextaf"):

    def cycle3(trip):
        return trip if len(trip) != 3 else trip[2] + trip[:2]

    return target == "".join(cycle3(s[i: i + 3]) for i in range(0, len(s), 3))
2024-07-25 13:09:53 [INFO] final answer: "afquixett"
2024-07-25 13:09:53 [INFO] final answer type: str
2024-07-25 13:09:53 [INFO] fail
2024-07-25 13:09:53 [INFO] 



2024-07-25 13:09:53 [INFO] number id: 44
2024-07-25 13:09:53 [INFO] instruction content:
2024-07-25 13:09:53 [INFO] def sat(grades: List[str], gpas=[3.9759656717898215, 2.532507032264099, 3.695549189812313, 2.492545757546573, 0.9653857771911838, 1.619680869536884]):
    assert len(grades) == len(gpas)
    letters = ['A+', 'A', 'A-', 'B+', 'B', 'B-', 'C+', 'C', 'C-', 'F']
    scores = [4.0, 3.7, 3.4, 3.0, 2.7, 2.4, 2.0, 1.7, 1.4, 0.0]
    for grade, gpa in zip(grades, gpas):
        i = letters.index(grade)
        assert gpa >= scores[i]
        assert i == 0 or gpa <= scores[i - 1]
    return True
2024-07-25 13:11:04 [INFO] final answer: ['A', 'B+', 'A-', 'C', 'B-', 'F']
2024-07-25 13:11:04 [INFO] final answer type: List[str]
2024-07-25 13:12:29 [INFO] final answer: ['A', 'A-', 'B+', 'A+', 'B-', 'C+']
2024-07-25 13:12:29 [INFO] final answer type: List[str]
2024-07-25 13:13:39 [INFO] final answer: ['A+', 'A-', 'B+', 'B-', 'C+', 'C-', 'F']
2024-07-25 13:13:39 [INFO] final answer type: List[str]
2024-07-25 13:13:39 [INFO] run error 3+
2024-07-25 13:13:39 [INFO] 



2024-07-25 13:13:39 [INFO] number id: 45
2024-07-25 13:13:39 [INFO] instruction content:
2024-07-25 13:13:39 [INFO] def sat(x: float, coeffs=[-2.3153234528266906, 11.247619504308075, -72.3705721705674, 53.97429005428236]):
    return abs(sum(c * x ** (3 - i) for i, c in enumerate(coeffs))) < 1e-6
2024-07-25 13:14:30 [INFO] final answer: 5
2024-07-25 13:14:30 [INFO] final answer type: float
2024-07-25 13:14:30 [INFO] fail
2024-07-25 13:14:30 [INFO] 



2024-07-25 13:14:30 [INFO] number id: 46
2024-07-25 13:14:30 [INFO] instruction content:
2024-07-25 13:14:30 [INFO] def sat(ls: List[str], combined="() (()) ((() () ())) (() )"):
    for s in ls:
        assert s.count("(") == s.count(")")
        assert all(s[:i].count("(") > s[:i].count(")") for i in range(1, len(s)))  # s is not further divisible
    return ''.join(ls) == combined.replace(' ', '')
2024-07-25 13:16:27 [INFO] final answer: ["()", "(())", "((()))"]
2024-07-25 13:16:27 [INFO] final answer type: List[str]
2024-07-25 13:16:27 [INFO] fail
2024-07-25 13:16:27 [INFO] 



2024-07-25 13:16:27 [INFO] number id: 47
2024-07-25 13:16:27 [INFO] instruction content:
2024-07-25 13:16:27 [INFO] def sat(trips: List[List[int]], a=[6, 3, 5, -1, 8, 8], count=4):
    assert len({tuple(t) for t in trips}) >= count
    return all(0 <= i < j < k and (a[i] + a[j] + a[k]) % 3 == 0 for i, j, k in trips)
2024-07-25 13:17:52 [INFO] final answer: [[1, 2, 3], [4, 5, 6], [7, 8, 9], [10, 11, 12]]
2024-07-25 13:17:52 [INFO] final answer type: List[List[int]]
2024-07-25 13:17:52 [INFO] fail
2024-07-25 13:17:52 [INFO] 



2024-07-25 13:17:52 [INFO] number id: 48
2024-07-25 13:17:52 [INFO] instruction content:
2024-07-25 13:17:52 [INFO] def sat(n: int, ops=['x--', 'x++', '++x', '--x', 'x++', '--x', 'x--'], target=61813):
    for op in ops:
        if op in ["++x", "x++"]:
            n += 1
        else:
            assert op in ["--x", "x--"]
            n -= 1
    return n == target
2024-07-25 13:18:37 [INFO] final answer: 0
2024-07-25 13:18:37 [INFO] final answer type: int
2024-07-25 13:18:37 [INFO] fail
2024-07-25 13:18:37 [INFO] 



2024-07-25 13:18:37 [INFO] number id: 49
2024-07-25 13:18:37 [INFO] instruction content:
2024-07-25 13:18:37 [INFO] def sat(x: List[int], a=-777, r=4, l=103):
    return x[0] == a and len(x) == l and all([x[i] * r == x[i + 1] for i in range(len(x) - 1)])
2024-07-25 13:19:45 [INFO] final answer: [-777, ... , ... , ... , ... , ... , ... , ... , ... ,... , ... , ... , 0]
2024-07-25 13:19:45 [INFO] final answer type: List[int]
2024-07-25 13:19:45 [INFO] fail
2024-07-25 13:19:45 [INFO] 



2024-07-25 13:19:45 [INFO] number id: 50
2024-07-25 13:19:45 [INFO] instruction content:
2024-07-25 13:19:45 [INFO] def sat(s: str, inp="2+2+2+1+1+1+2+1+3+3+3+3+2+2+2+1+2+3+3+1+3+2+3+2+3+2+2+3+2+3+1+2+1+3+3+2+3+1+1+3+3+1"):
    return all(s.count(c) == inp.count(c) for c in inp + s) and all(s[i - 2] <= s[i] for i in range(2, len(s), 2))
2024-07-25 13:20:43 [INFO] final answer: "31332321131312233122323221312232"
2024-07-25 13:20:43 [INFO] final answer type: str
2024-07-25 13:20:43 [INFO] fail
2024-07-25 13:20:43 [INFO] 



2024-07-25 13:20:43 [INFO] number id: 51
2024-07-25 13:20:43 [INFO] instruction content:
2024-07-25 13:20:43 [INFO] def sat(d: int, n=123456789):
    return d > n and all(i in "47" for i in str(str(d).count("4") + str(d).count("7")))
2024-07-25 13:21:24 [INFO] final answer: 123456747333
2024-07-25 13:21:24 [INFO] final answer type: int
2024-07-25 13:21:24 [INFO] correct
2024-07-25 13:21:24 [INFO] 



2024-07-25 13:21:24 [INFO] number id: 52
2024-07-25 13:21:24 [INFO] instruction content:
2024-07-25 13:21:24 [INFO] def sat(ans: List[int], s="sutapifitextidavyjedakotextopogonudy", sub="te", count=2):
    return all(sub == s[i:i + len(sub)] and i >= 0 for i in ans) and len(set(ans)) >= count
2024-07-25 13:21:59 [INFO] final answer: [14,23]
2024-07-25 13:21:59 [INFO] final answer type: List[int]
2024-07-25 13:21:59 [INFO] fail
2024-07-25 13:21:59 [INFO] 



2024-07-25 13:21:59 [INFO] number id: 53
2024-07-25 13:21:59 [INFO] instruction content:
2024-07-25 13:21:59 [INFO] def sat(x: List[int], n=4, s=2021):
    return len(x) == n and sum(x) == s and len(set(x)) == n
2024-07-25 13:22:46 [INFO] final answer: [1, 2, 3, 4]
2024-07-25 13:22:46 [INFO] final answer type: List[int]
2024-07-25 13:22:46 [INFO] fail
2024-07-25 13:22:46 [INFO] 



2024-07-25 13:22:46 [INFO] number id: 54
2024-07-25 13:22:46 [INFO] instruction content:
2024-07-25 13:22:46 [INFO] def sat(init: List[int], target=4644):
    a, b, c = init
    for i in range(16):
        a, b, c = b, c, (a + b + c)
    return a == target
2024-07-25 13:23:39 [INFO] final answer: [1, 1, 1]
2024-07-25 13:23:39 [INFO] final answer type: List[int]
2024-07-25 13:23:39 [INFO] fail
2024-07-25 13:23:39 [INFO] 



2024-07-25 13:23:39 [INFO] number id: 55
2024-07-25 13:23:39 [INFO] instruction content:
2024-07-25 13:23:39 [INFO] def sat(n: int, scores=[44, 42, 41, 41, 40, 40, 39, 38, 38, 38, 37, 33, 32, 31, 31, 31, 30, 29, 28, 26, 25, 24, 24, 23, 23, 22, 20, 20, 20, 18, 17, 17, 16, 16, 12, 9, 9, 7, 6, 5, 4, 2], k=1):
    assert all(scores[i] >= scores[i + 1] for i in range(len(scores) - 1)), "Hint: scores are non-decreasing"
    return all(s >= scores[k] and s > 0 for s in scores[:n]) and all(s < scores[k] or s <= 0 for s in scores[n:])
2024-07-25 13:25:13 [INFO] final answer: [44, 42, 41, 41, 40, 40, 39, 38, 38, 38, 37, 33, 32, 31, 31, 31, 30, 29, 28, 26, 25, 24, 24, 23, 23, 22, 20, 20, 20, 18, 17, 17, 16, 16, 12, 9, 9, 7, 6, 5, 4, 2]
2024-07-25 13:25:13 [INFO] final answer type: int
2024-07-25 13:26:14 [INFO] final answer: 13
2024-07-25 13:26:14 [INFO] final answer type: int
2024-07-25 13:26:14 [INFO] fail
2024-07-25 13:26:14 [INFO] 



2024-07-25 13:26:14 [INFO] number id: 56
2024-07-25 13:26:14 [INFO] instruction content:
2024-07-25 13:26:14 [INFO] def sat(answers: List[str], lst=[]):
    if len(answers) != len(lst):
        return False
    for a, s in zip(answers, lst):
        if "t" in a:
            return False
        num_odds = sum(int(i) % 2 for i in s)
        if a.replace(str(num_odds), "t") != "this is a test":
            return False
    return True
2024-07-25 13:28:01 [INFO] final answer: ["this", "is", "0", "t", "a", "0", "test"]
2024-07-25 13:28:01 [INFO] final answer type: List[str]
2024-07-25 13:28:01 [INFO] fail
2024-07-25 13:28:01 [INFO] 



2024-07-25 13:28:01 [INFO] number id: 57
2024-07-25 13:28:01 [INFO] instruction content:
2024-07-25 13:28:01 [INFO] def sat(bananas: int, bowl="7 apples and 9 oranges", total=21):
    bowl += f" and {bananas} bananas"
    return sum([int(s) for s in bowl.split() if s.isdigit()]) == total
2024-07-25 13:29:06 [INFO] final answer: 6
2024-07-25 13:29:06 [INFO] final answer type: int
2024-07-25 13:29:06 [INFO] fail
2024-07-25 13:29:06 [INFO] 



2024-07-25 13:29:06 [INFO] number id: 58
2024-07-25 13:29:06 [INFO] instruction content:
2024-07-25 13:29:06 [INFO] def sat(d: int, n=323190690645573746957862):
    return n % d == 0 and all(i in "47" for i in str(d))
2024-07-25 13:29:37 [INFO] final answer: 323190690645573746957862
2024-07-25 13:29:37 [INFO] final answer type: int
2024-07-25 13:29:37 [INFO] fail
2024-07-25 13:29:37 [INFO] 



2024-07-25 13:29:37 [INFO] number id: 59
2024-07-25 13:29:37 [INFO] instruction content:
2024-07-25 13:29:37 [INFO] def sat(s: str, substrings=['t', 'vochemachylit', 'vutextynydakelopi', 'fazapydomozamochug']):
    return all(sub in s and sub[::-1] in s for sub in substrings)
2024-07-25 13:30:14 [INFO] final answer: "tvutextynydakelopivochemachylitfazapydomozamochug"
2024-07-25 13:30:14 [INFO] final answer type: str
2024-07-25 13:30:14 [INFO] fail
2024-07-25 13:30:14 [INFO] 



2024-07-25 13:30:14 [INFO] number id: 60
2024-07-25 13:30:14 [INFO] instruction content:
2024-07-25 13:30:14 [INFO] def sat(inds: List[int], nums=[61, 13, 32, -67, -29, 6, 65, 82, -36, -90, -3, -53, -80, 52, -20, 14, -58, 1, 14, 88, 90, -76, -83, 47, -20, -26, 5, 71, 29, -51, -6, 38, -42, -48, 9, -74, -37, -86, -31, -63, -45, -74, -40, 23, -16, 24, -6, -93, -46, -42, -4, -85, -91, 71, -72, 11, -33, 33, -82, -67, -34, -60, 89, 60, 26, -12, -92, 42, -92, -58, -37, 9, -38, 54, 34, 25, 85, -65, -79, 33, -52, -72, -80, -76, -39, 24, -2, 40, -53, -14, 8, 21, 7, 46, -88, -67]):
    a, b = inds
    return nums[a] + nums[b] == 0 and a >= 0 and b >= 0
2024-07-25 13:31:09 [INFO] final answer: [1, 7]
2024-07-25 13:31:09 [INFO] final answer type: List[int]
2024-07-25 13:31:09 [INFO] fail
2024-07-25 13:31:09 [INFO] 



2024-07-25 13:31:09 [INFO] number id: 61
2024-07-25 13:31:09 [INFO] instruction content:
2024-07-25 13:31:09 [INFO] def sat(ans: List[float], nums=[23.976551109194304, 1.4655002766247416]):
    assert min(ans) == 0.0 and max(ans) == 1.0
    a = min(nums)
    b = max(nums)
    for i in range(len(nums)):
        x = a + (b - a) * ans[i]
        assert abs(nums[i] - x) < 1e-6
    return True
2024-07-25 13:31:45 [INFO] final answer: [0.0, 1.0]
2024-07-25 13:31:45 [INFO] final answer type: List[float]
2024-07-25 13:33:39 [INFO] final answer: [0.0, 1.0]
2024-07-25 13:33:39 [INFO] final answer type: List[float]
2024-07-25 13:34:40 [INFO] final answer: [0.5, 0.5]
2024-07-25 13:34:40 [INFO] final answer type: List[float]
2024-07-25 13:34:40 [INFO] run error 3+
2024-07-25 13:34:40 [INFO] 



2024-07-25 13:34:40 [INFO] number id: 62
2024-07-25 13:34:40 [INFO] instruction content:
2024-07-25 13:34:40 [INFO] def sat(path: List[int], edges=[[6, 0], [6, 2], [6, 5], [6, 4], [1, 4], [4, 3], [5, 3], [4, 4], [3, 1], [4, 6], [4, 2], [0, 2], [6, 6], [2, 3], [1, 0], [1, 5], [0, 0], [5, 4], [0, 1], [1, 2], [0, 4], [2, 5], [3, 0]], u=4, v=2, bound=2):
    assert path[0] == u and path[-1] == v and all([i, j] in edges for i, j in zip(path, path[1:]))
    return len(path) <= bound
2024-07-25 13:36:07 [INFO] final answer: [4, 2]
2024-07-25 13:36:07 [INFO] final answer type: List[int]
2024-07-25 13:36:07 [INFO] correct
2024-07-25 13:36:07 [INFO] 



2024-07-25 13:36:07 [INFO] number id: 63
2024-07-25 13:36:07 [INFO] instruction content:
2024-07-25 13:36:07 [INFO] def sat(x: int, nums=[], upper=0):
    dev = sum(n - x for n in nums)
    return dev <= upper
2024-07-25 13:37:20 [INFO] final answer: 3, [1, 3, 5], 3
2024-07-25 13:37:20 [INFO] final answer type: int
2024-07-25 13:38:51 [INFO] final answer: 0, [], 0
2024-07-25 13:38:51 [INFO] final answer type: int
2024-07-25 13:39:50 [INFO] final answer: 0, [0, 1, 2, 3], 6
2024-07-25 13:39:50 [INFO] final answer type: int
2024-07-25 13:39:50 [INFO] run error 3+
2024-07-25 13:39:50 [INFO] 



2024-07-25 13:39:50 [INFO] number id: 64
2024-07-25 13:39:50 [INFO] instruction content:
2024-07-25 13:39:50 [INFO] def sat(coords: List[List[int]], side=1, num_points=1):
    for i1 in range(len(coords)):
        x1, y1 = coords[i1]
        assert 0 <= x1 < side and 0 <= y1 < side
        for i2 in range(i1):
            x2, y2 = coords[i2]
            for i3 in range(i2):
                x3, y3 = coords[i3]
                assert x1 * (y2 - y3) + x2 * (y3 - y1) + x3 * (y1 - y2) != 0
    return len({(a, b) for a, b in coords}) == len(coords) >= num_points
2024-07-25 13:42:05 [INFO] final answer: [[0, 0], [1, 0], [0, 1]] 1 3
2024-07-25 13:42:05 [INFO] final answer type: List[List[int]]
2024-07-25 13:45:44 [INFO] final answer: [[0, 0], [1, 0], [0, 1]], 2, 3
2024-07-25 13:45:44 [INFO] final answer type: List[List[int]]
2024-07-25 13:47:09 [INFO] final answer: [[1, 2], [3, 4], [5, 6]]
2024-07-25 13:47:09 [INFO] final answer type: List[List[int]]
2024-07-25 13:47:09 [INFO] run error 3+
2024-07-25 13:47:09 [INFO] 



2024-07-25 13:47:09 [INFO] number id: 65
2024-07-25 13:47:09 [INFO] instruction content:
2024-07-25 13:47:09 [INFO] def sat(y: List[bool], x=['ryxadec', 'pyfixotibujadyxe', 'mopubywewexi witethig 7', ' !', 'jethi sed c', 'lotextusavufubynyb', 'wuxesafetatextysima pebutextiwafufok', 'tuchonip', ' S', 'xyvovikofutex pylekazuquekedajota E', 'wik xofoxujegerigubo ?', 'gipimakude 1', ' O', ' ^', 'lakiquuvuhenugu vajyquy P', ' 6', 'fezore', 'vabithin textusichytilejocoke', ' B', 'lasuthasebuvy que &', 'mymanuzuzudyc thazufys y', '', ' ?', 'gecohywelawu', 'wath']):
    assert len(x) == len(y)
    for s, b in zip(x, y):
        if len(s.split(" ")[-1]) == 1:
            assert b == s[-1].isalpha()
        else:
            assert not b
    return True
2024-07-25 13:48:43 [INFO] final answer: [False, False, False, True, False, False, False, False, True, False, True, False, True, False, False, True, False, False, True, False, False, False, True, False]
2024-07-25 13:48:43 [INFO] final answer type: List[bool]
2024-07-25 13:50:53 [INFO] final answer: [True, False, True, False, True, False, True, False, True, False, True, False, True, False, True, False, True, False, True, False, True, False]
2024-07-25 13:50:53 [INFO] final answer type: List[bool]
2024-07-25 13:52:35 [INFO] final answer: [True, True, False, False, True, False, False, True, False, True, False, False, True, False, False, True, False, True, False, False, False, False]
2024-07-25 13:52:35 [INFO] final answer type: List[bool]
2024-07-25 13:52:35 [INFO] run error 3+
2024-07-25 13:52:35 [INFO] 



2024-07-25 13:52:35 [INFO] number id: 66
2024-07-25 13:52:35 [INFO] instruction content:
2024-07-25 13:52:35 [INFO] def sat(words: List[str], s="thigafamyhuchykikoxe limyb wy textitextomyc regolathagychiby pep", n=2):
    i = 0
    for w in s.split():
        num_consonants = 0
        for c in w.lower():
            if c not in "aeiou":
                num_consonants += 1
        if num_consonants == n:
            if words[i] != w:
                return False
            i += 1
    return i == len(words)
2024-07-25 13:53:50 [INFO] final answer: ["limyb", "wy", "textitextomyc", "regolathagychiby", "pep", "thigafamyhuchykikoxe"]
2024-07-25 13:53:50 [INFO] final answer type: List[str]
2024-07-25 13:53:50 [INFO] fail
2024-07-25 13:53:50 [INFO] 



2024-07-25 13:53:50 [INFO] number id: 67
2024-07-25 13:53:50 [INFO] instruction content:
2024-07-25 13:53:50 [INFO] def sat(moves: List[List[int]], initial_state=[3, 3, 2, 2, 3, 8]):

    def bot_move():  # bot takes objects from the largest heap to make it match the second largest heap
        vals = sorted(state, reverse=True)
        i_largest = state.index(vals[0])  # largest heap
        state[i_largest] -= max(vals[0] - vals[1], 1)  # must take some, take 1 in case of tie

    state = initial_state[:]  # copy
    for i, n in moves:
        assert 0 < n <= state[i], "Illegal move"
        state[i] -= n
        if set(state) == {0}:
            return True  # you won!
        assert any(state), "You lost!"
        bot_move()
2024-07-25 13:55:00 [INFO] final answer: [[3, 2], [2, 1], [1, 1]]
2024-07-25 13:55:00 [INFO] final answer type: List[List[int]]
2024-07-25 13:55:00 [INFO] fail
2024-07-25 13:55:00 [INFO] 



2024-07-25 13:55:00 [INFO] number id: 68
2024-07-25 13:55:00 [INFO] instruction content:
2024-07-25 13:55:00 [INFO] def sat(li: List[List[int]], n=8, lower=0):
    assert len({(i, j) for i, j in li}) >= lower, "not enough 7's (ignoring duplicates)"
    return all(str(i)[j] == '7' and (i % 11 == 0 or i % 13 == 0) and 0 <= i < n and 0 <= j for i, j in li)
2024-07-25 13:55:47 [INFO] final answer: [[7, 0], [14, 1], [21, 2], [28, 3], [35, 4], [42, 5], [49, 6], [56, 7]]
2024-07-25 13:55:47 [INFO] final answer type: List[List[int]]
2024-07-25 13:55:47 [INFO] fail
2024-07-25 13:55:47 [INFO] 



2024-07-25 13:55:47 [INFO] number id: 69
2024-07-25 13:55:47 [INFO] instruction content:
2024-07-25 13:55:47 [INFO] def sat(evens: List[str], words=['valafytextulu', 'quyjylixyvy', 'mavusegojysaquo']):
    lens = [len(w) for w in evens]
    assert all(lens[i] % 2 == 0 and lens[i] == max(lens[:i + 1]) and w in words for i, w in enumerate(evens))
    return all((len(w) % 2 == 1 or w in evens) for w in words)
2024-07-25 13:57:24 [INFO] final answer: ['apple', 'cherry', 'banana'], ['apple', 'cherry', 'banana']
2024-07-25 13:57:24 [INFO] final answer type: List[str]
2024-07-25 13:58:30 [INFO] final answer: ['valafytextulu', 'mavusegojysaquo']
2024-07-25 13:58:30 [INFO] final answer type: List[str]
2024-07-25 13:59:36 [INFO] final answer: ['aa', 'aaaa', 'aaaaaa']
2024-07-25 13:59:36 [INFO] final answer type: List[str]
2024-07-25 13:59:36 [INFO] run error 3+
2024-07-25 13:59:36 [INFO] 



2024-07-25 13:59:36 [INFO] number id: 70
2024-07-25 13:59:36 [INFO] instruction content:
2024-07-25 13:59:36 [INFO] def sat(indexes: List[int], nums=[35, -96, -51, 7, 56, 0], thresh=-30):
    j = 0
    for i, n in enumerate(nums):
        if n < thresh:
            assert indexes[j] == i
            j += 1
    assert j == len(indexes)
    return True
2024-07-25 14:00:35 [INFO] final answer: [3, 4]
2024-07-25 14:00:35 [INFO] final answer type: List[int]
2024-07-25 14:01:13 [INFO] final answer: [1, 2]
2024-07-25 14:01:13 [INFO] final answer type: List[int]
2024-07-25 14:01:13 [INFO] correct
2024-07-25 14:01:13 [INFO] 



2024-07-25 14:01:13 [INFO] number id: 71
2024-07-25 14:01:13 [INFO] instruction content:
2024-07-25 14:01:13 [INFO] def sat(s: str, n=2):
    return int(str(5 ** n)[:-2] + s) == 5 ** n
2024-07-25 14:02:01 [INFO] final answer: s = ''
2024-07-25 14:02:01 [INFO] final answer type: str
2024-07-25 14:03:31 [INFO] final answer: False
2024-07-25 14:03:31 [INFO] final answer type: str
2024-07-25 14:04:41 [INFO] final answer: 1
2024-07-25 14:04:41 [INFO] final answer type: str
2024-07-25 14:04:41 [INFO] fail
2024-07-25 14:04:41 [INFO] 



2024-07-25 14:04:41 [INFO] number id: 72
2024-07-25 14:04:41 [INFO] instruction content:
2024-07-25 14:04:41 [INFO] def sat(parts: List[str], sep="xusoquyvamathila", string="bolifotinuwywyjochxusoquyvamathilazyvuxusoquyvamathilanifajatextethxusoquyvamathilafocharatefymoji"):
    return sep.join(parts) == string and all(sep not in p for p in parts)
2024-07-25 14:05:35 [INFO] final answer: ['bolifotinuwywyjo', 'yv', 'nifaja', 'texteth', 'focharatefymoji']
2024-07-25 14:05:35 [INFO] final answer type: List[str]
2024-07-25 14:05:35 [INFO] fail
2024-07-25 14:05:35 [INFO] 



2024-07-25 14:05:35 [INFO] number id: 73
2024-07-25 14:05:35 [INFO] instruction content:
2024-07-25 14:05:35 [INFO] def sat(li: List[List[int]], n=19723, lower=1000):
    assert len({(i, j) for i, j in li}) >= lower, "not enough 7's (ignoring duplicates)"
    return all(str(i)[j] == '7' and (i % 11 == 0 or i % 13 == 0) and 0 <= i < n and 0 <= j for i, j in li)
2024-07-25 14:07:34 [INFO] final answer: [[77, 1], [143, 0]], 200, 2
2024-07-25 14:07:34 [INFO] final answer type: List[List[int]]
2024-07-25 14:09:36 [INFO] final answer: [[77, 1], [143, 0], [407, 1], [880, 2], [97, 1], [364, 0], [777, 2]]
2024-07-25 14:09:36 [INFO] final answer type: List[List[int]]
2024-07-25 14:12:05 [INFO] final answer: [(1547, 4), (273, 6), (2002, 0), (1041, 1), (1756, 3), (507, 6), (1434, 1), (1989, 4), (195, 4), (1437, 4), (1274, 0), (1050, 3), (1439, 4), (66, 1), (1567, 1), (520, 2), (1208, 3), (1431, 1), (1807, 0), (473, 5), (215, 4), (1435, 1), (1042, 4), (74, 3), (1045, 1), (1438, 4), (2153, 1), (1264, 1), (108, 1), (1809, 1), (291, 1), (2011, 4), (1891, 0), (217, 0), (140, 2), (1564, 0), (1364, 0), (156, 4), (1393, 0), (211, 1), (138, 3), (1846, 1), (207, 1), (38, 6), (1551, 0), (82, 3), (55, 4), (1360, 2), (569, 2), (1684, 5), (1260, 4), (2117, 1), (1171, 5), (2008, 1), (1178, 3), (1658, 1), (1247, 0), (1630, 0), (143, 0), (1163, 4), (141, 2), (1430, 1), (444, 4), (55, 1), (1706, 0), (1764, 0), (514, 2), (1433, 1), (1243, 1), (1436, 1), (1366, 4), (1834, 4), (1710, 0), (1606, 0), (161, 4), (527, 3), (1648, 3), (1067, 3), (1613, 0), (1169, 1), (1432, 1), (1812, 4), (1265, 1), (221, 1), (1069, 3), (1118, 1), (1539, 0), (1804, 1), (558, 2), (1157, 3), (1619, 0), (1117, 1), (1978, 4), (1610, 0), (51, 4), (1012, 4), (2177, 0), (146, 2), (148, 3), (1292, 3), (1763, 1), (1318, 2), (1869, 1), (483, 5), (1690, 5), (1064, 4), (212, 1), (60, 1), (1894, 1), (1103, 5), (1530, 1), (1651, 0), (157, 1), (1316, 6), (69, 1), (1329, 4), (1611, 0), (1494, 3), (1234, 6), (142, 0), (1164, 1), (1854, 1), (2016, 1), (1452, 6), (192, 1), (68, 1), (1269, 6), (1517, 0), (1599, 1), (225, 4), (112, 3), (186, 4), (1654, 0), (1077, 4), (2027, 1), (1252, 0), (233, 3), (1374, 2), (100, 3), (1972, 1), (1921, 4), (1392, 0), (83, 3), (223, 3), (98, 1), (1424, 1), (182, 4), (1760, 0), (1985, 4), (1332, 4), (57, 4), (1310, 2), (1268, 3), (1774, 0), (2023, 6), (139, 0), (25, 4), (1151, 3), (2151, 1), (1353, 3), (1229, 4), (1913, 1), (1522, 6), (2024, 0), (187, 4), (1574, 0), (1664, 3), (1323, 2), (87, 6), (126, 2), (1694, 5), (1016, 4), (1156, 3), (2167, 0), (1554, 0), (1924, 1), (1518, 0), (121, 3), (1929, 4), (1222, 0), (55, 3), (1261, 4), (1435, 4), (1817, 0), (11, 1), (1055, 3), (1263, 1), (113, 6), (1334, 4), (1617, 0), (1079, 1), (120, 2), (1474, 2), (55, 6), (126, 3), (1724, 3), (2187, 0), (2174, 0), (1344, 0), (1363, 0), (1669, 5), (258, 2), (203, 1), (1566, 3), (135, 6), (81, 3), (125, 4), (1856, 1), (1867, 6), (1163, 4), (188, 4), (225, 6), (1976, 1), (1318, 2), (1120, 4), (106, 3), (119, 6), (142, 0), (51, 4), (1316, 0), (1189, 1), (2114, 1), (1385, 0), (196, 1), (249, 1), (1912, 1), (1298, 3), (167, 4), (1837, 1), (1022, 4), (224, 1), (75, 1), (105, 5), (1502, 1), (272, 6), (1983, 4), (109, 6), (1979, 4), (169, 4), (1156, 3), (1434, 1), (1061, 4), (140, 6), (1366, 2), (2153, 1), (1964, 1), (1102, 5), (45, 3), (1654, 0), (76, 1), (1283, 3), (1298, 1), (1070, 3), (158, 1), (106, 3), (1712, 0), (93, 3), (205, 1), (1065, 3), (1562, 0), (463, 3), (566, 2), (1698, 5), (1524, 6), (1970, 1), (1267, 6), (1988, 4), (162, 4), (1257, 0), (1613, 0), (187, 4), (1374, 2), (99, 1), (139, 0), (52, 4), (1773, 0), (1024, 4), (1066, 4), (1023, 1), (1086, 4), (1164, 1), (1426, 1), (206, 4), (142, 3), (1077, 4), (1062, 4), (154, 6), (1261, 4), (1516, 0), (813, 4), (1823, 0), (1265, 1), (1777, 0), (1621, 4), (1217, 0), (1063, 4), (1266, 3), (124, 2), (1117, 1), (2135, 2), (1559, 0), (150, 5), (107, 6), (298, 2), (1499, 0), (1862, 1), (136, 6), (210, 1), (1769, 1), (591, 2), (1340, 6), (108, 1), (66, 1), (1961, 1), (1651, 1), (171, 4), (1369, 2), (979, 3), (152, 0), (151, 2), (1713, 0), (2123, 1), (1339, 1), (1215, 0), (1153, 3), (141, 3), (1263, 1), (672, 2), (1085, 4), (78, 3), (1269, 6), (91, 3), (181, 4), (1389, 2), (175, 5), (1048, 3), (122, 4), (191, 1), (1984, 4), (1282, 3), (1594, 0), (117, 1), (179, 4), (1255, 0), (261, 2), (1886, 1), (1973, 1), (1689, 3), (1076, 4), (1469, 0), (1816, 0), (1373, 6), (1364, 0), (45, 3), (1563, 0), (1411, 3), (76, 1), (1853, 1), (1060, 4), (1990, 4), (1431, 1), (553, 2), (1346, 0), (1050, 3), (1437, 4), (523, 3), (1519, 3), (1137, 4), (1814, 1), (120, 0), (55, 1), (35, 6), (1396, 0), (1261, 2), (40, 6), (1430, 6), (41, 3), (103, 6), (1082, 4)]
2024-07-25 14:12:05 [INFO] final answer type: List[List[int]]
2024-07-25 14:12:05 [INFO] run error 3+
2024-07-25 14:12:05 [INFO] 



2024-07-25 14:12:05 [INFO] number id: 74
2024-07-25 14:12:05 [INFO] instruction content:
2024-07-25 14:12:05 [INFO] def sat(ans: List[int], nums=[23, 17, 201, 14, 10473, 43225, 421, 423, 11, 10, 2022, 342157]):
    i, digit_sum = ans
    n = nums[i]

    def is_prime(n):
        return n > 1 and all(n % j for j in range(2, int(n ** 0.5) + 1))

    return is_prime(n) and all(m <= n for m in nums if is_prime(m)) and digit_sum == sum(int(c) for c in str(n))
2024-07-25 14:13:29 [INFO] final answer: (7, 5)
2024-07-25 14:13:29 [INFO] final answer type: List[int]
2024-07-25 14:13:29 [INFO] fail
2024-07-25 14:13:29 [INFO] 



2024-07-25 14:13:29 [INFO] number id: 75
2024-07-25 14:13:29 [INFO] instruction content:
2024-07-25 14:13:29 [INFO] def sat(positions: List[int], s="ThIs is A tEsT, Or *IS* iT?"):
    assert all(s[i] in "AEIOU" for i in positions)
    return all(i in positions or c not in "AEIOU" or i % 2 == 1 for i, c in enumerate(s))
2024-07-25 14:14:25 [INFO] final answer: [2, 5, 8, 13, 16]
2024-07-25 14:14:25 [INFO] final answer type: List[int]
2024-07-25 14:15:51 [INFO] final answer: [2, 5, 8, 11, 14, 17]
2024-07-25 14:15:51 [INFO] final answer type: List[int]
2024-07-25 14:16:38 [INFO] final answer: [2, 4, 9, 13]
2024-07-25 14:16:38 [INFO] final answer type: List[int]
2024-07-25 14:16:38 [INFO] run error 3+
2024-07-25 14:16:38 [INFO] 



2024-07-25 14:16:38 [INFO] number id: 76
2024-07-25 14:16:38 [INFO] instruction content:
2024-07-25 14:16:38 [INFO] def sat(path: List[int], weights=[{1: 20, 2: 1}, {2: 2, 3: 5}, {1: 10}], bound=11):
    return path[0] == 0 and path[-1] == 1 and sum(weights[a][b] for a, b in zip(path, path[1:])) <= bound
2024-07-25 14:18:05 [INFO] final answer: [0, 1], [{0: 0, 1: 1}, {0: 0, 1: 10}, {0: 0, 1: 10}], 11
2024-07-25 14:18:05 [INFO] final answer type: List[int]
2024-07-25 14:18:05 [INFO] fail
2024-07-25 14:18:05 [INFO] 



2024-07-25 14:18:05 [INFO] number id: 77
2024-07-25 14:18:05 [INFO] instruction content:
2024-07-25 14:18:05 [INFO] def sat(r: str, s="fuz tox banu dukukyjosuthihono", t="sikysefylacywitijuz thosowehiv kiviwas girezol betext lepumarasithihonofuz tox banu dukukyjosutog kuquinecakyt"):
    return r in t and len(r) == len(s) and r in s + s
2024-07-25 14:18:43 [INFO] final answer: False
2024-07-25 14:18:43 [INFO] final answer type: str
2024-07-25 14:18:43 [INFO] fail
2024-07-25 14:18:43 [INFO] 



2024-07-25 14:18:43 [INFO] number id: 78
2024-07-25 14:18:43 [INFO] instruction content:
2024-07-25 14:18:43 [INFO] def sat(sides: List[int], options=[2, 8, 64, 256], n=3885337784451458141838923813647037813284813678104279042503624819477808570410416996352, max_dim=36):
    prod = 1
    for b in sides:
        prod *= b
    return prod == n and set(sides) <= set(options) and len(sides) <= max_dim
2024-07-25 14:19:33 [INFO] final answer: [8, 64, 256]
2024-07-25 14:19:33 [INFO] final answer type: List[int]
2024-07-25 14:19:33 [INFO] fail
2024-07-25 14:19:33 [INFO] 



2024-07-25 14:19:33 [INFO] number id: 79
2024-07-25 14:19:33 [INFO] instruction content:
2024-07-25 14:19:33 [INFO] def sat(results: List[List[int]], stats=[[1, 1, 9]]):
    assert len(results) == len(stats)
    for (tot, remaining), (eaten, need, stock) in zip(results, stats):
        assert tot - eaten == min(need, stock)
        assert stock < need and remaining == 0 or stock >= need and remaining + need == stock
    return True
2024-07-25 14:20:36 [INFO] final answer: [[10, 0], [5, 5], [3, 6]], [[1, 1, 9]]
2024-07-25 14:20:36 [INFO] final answer type: List[List[int]]
2024-07-25 14:22:25 [INFO] final answer: [[8, 1], [6, 4]]
2024-07-25 14:22:25 [INFO] final answer type: List[List[int]]
2024-07-25 14:24:50 [INFO] final answer: [[10, 10], [5, 0]], [[0, 4, 3]]
2024-07-25 14:24:50 [INFO] final answer type: List[List[int]]
2024-07-25 14:24:50 [INFO] run error 3+
2024-07-25 14:24:50 [INFO] 



2024-07-25 14:24:50 [INFO] number id: 80
2024-07-25 14:24:50 [INFO] instruction content:
2024-07-25 14:24:50 [INFO] def sat(ordered: List[int], nums=[232, -710]):
    digit_sums = [sum(int(c) for c in str(n) if c != "-") for n in ordered]
    return sorted(ordered) == sorted(nums) and digit_sums == sorted(digit_sums)
2024-07-25 14:26:20 [INFO] final answer: [0, 0]
2024-07-25 14:26:20 [INFO] final answer type: List[int]
2024-07-25 14:26:20 [INFO] fail
2024-07-25 14:26:20 [INFO] 



2024-07-25 14:26:20 [INFO] number id: 81
2024-07-25 14:26:20 [INFO] instruction content:
2024-07-25 14:26:20 [INFO] def sat(positives: List[int], nums=[]):
    stack = positives[::-1]
    for n in nums:
        assert n <= 0 or n == stack.pop()
    return stack == []
2024-07-25 14:27:48 [INFO] final answer: [1, 2, 3]
2024-07-25 14:27:48 [INFO] final answer type: List[int]
2024-07-25 14:27:48 [INFO] fail
2024-07-25 14:27:48 [INFO] 



2024-07-25 14:27:48 [INFO] number id: 82
2024-07-25 14:27:48 [INFO] instruction content:
2024-07-25 14:27:48 [INFO] def sat(beats: List[int], score="o o o| o| .| .| .| o| o| o o o| .|"):
    return " ".join({1: '.|', 2: 'o|', 4: 'o'}[b] for b in beats) == score
2024-07-25 14:29:12 [INFO] final answer: [4, 4, 4, 2, 1, 1, 1, 4, 4, 4, 4, 4, 4, 1]
2024-07-25 14:29:12 [INFO] final answer type: List[int]
2024-07-25 14:29:12 [INFO] fail
2024-07-25 14:29:12 [INFO] 



2024-07-25 14:29:12 [INFO] number id: 83
2024-07-25 14:29:12 [INFO] instruction content:
2024-07-25 14:29:12 [INFO] def sat(inds: List[int], vecs=[3026078031409368634, 7146400157417466997, 5230715399550451735, 5711439032267145442, 7548327835869100414, 6708827919346401215, 3738394021903457634, 8572217357536520619, 2068990701252216912, 2527297846676040375, 8268732787978254795, 61203570143025212, 7342810871883169101, 5130109338028331308, 7559050022362805022, 4688300453824606274, 6132540541907873970, 4336830827866175311, 4658177358737495247, 5084071062462878715, 189501720066641238, 8940114256708424722, 5113924146720829221, 4787179834139114336, 4911869756119486218, 8254870450128749041, 4438177035195637074, 5842829643884011320, 4053162460261950208, 2418313591679938260, 3183962173259338720, 5424349679395645015, 8721363683850881601, 4309489519137374818, 4668810188571429750, 1619719991930582198, 7466888377266384808, 9012877516210312432, 5806707934012633661, 4901689063540216433, 5129789419720858519, 5461292526835029654, 8002292066627476387, 22896265023092245, 6377528370731564059, 8326396311104510171, 6275763356808207618, 5855722006919947060, 5284812396814908585, 4183862905187398029, 961125315693824082, 3066435959716339320, 4359457050975539676, 3745610113055211253, 5616892323431402644, 2423996313938618029, 3342319460472332063, 4574429521762476750, 530929890003939982, 6518361635319838485, 4705876417632921613, 8702130161668730198, 7903182592921575528, 141670616557704814, 6302770439830462635, 8261043567365748099, 438838480425402424, 5938030420618506624, 6388919631545923446, 6289510808724564483, 6268010263591290952, 14114260020922590, 7967256030154091406, 7834360030773781051, 7195168470041102120, 2144111587187695127, 4188284497153593189, 7490392562013822833, 2395367579472417027, 1234942756280497811, 149618691938860164, 7115847656533661705, 2829618956277039440, 2931490206384957203, 6476287337767581762, 945977554281930779, 8036974190540567032, 5620546732979542987, 7534852936547208732, 3612963124933737363, 3304259407192763500, 6531357621325258614, 2061695547096959296, 3891046108540743566, 3659303839675510400, 2840571068268977729, 6021300208671005128, 5523531622352728473, 3164481775218709281, 1433373373144701739, 5040760773694741353, 8699918547789986541, 9211723439219092053, 3601466436760036882, 7470213384180375061, 1117614654415514338, 6489709663619239074, 5606821764793080769, 5533040684385323261, 1663669870068057261, 117658820550690687, 5802967177524872313, 824677791803551085, 8130960541536503068, 7941328653734718836, 3551730520657107195, 3183297803310667173, 1744452363855034208, 2206249608643212372, 6805671707252313743, 3765414947444962371, 6871722428624542946, 5429903326499666841, 9118768768355899725, 2775018401536039120, 2838922854846376990, 3633686101842554817, 7756171914139767657, 1797750566355726798, 1145745704236160436, 7192058872525801155]):
    return sum(sum((v >> i) & 1 for i in inds) % 2 for v in vecs) >= len(vecs) * 3 / 4
2024-07-25 14:30:01 [INFO] final answer: [3026078031409368634, 7146400157417466997, 5230715399550451735, 5711439032267145442, 7548327835869100414, 6708827919346401215, 3738394021903457634, 8572217357536520619, 2068990701252216912, 2527297846676040375, 8268732787978254795, 61203570143025212, 7342810871883169101, 5130109338028331308, 7559050022362805022, 4688300453824606274, 6132540541907873970, 4336830827866175311, 4658177358737495247, 5084071062462878715, 189501720066641238, 8940114256708424722, 5113924146720829221, 4787179834139114336, 4911869756119486218, 8254870450128749041, 4438177035195637074, 5842829643884011320, 4053162460261950208, 2418313591679938260, 3183962173259338720, 5424349679395645015, 8721363683850881601, 4309489519137374818, 4668810188571429750, 1619719991930582198, 7466888377266384808, 9012877516210312432, 5806707934012633661, 4901689063540216433, 5129789419720858519, 5461292526835029654, 8002292066627476387, 22896265023092245, 6377528370731564059, 8326396311104510171, 6275763356808207618, 5855722006919947060, 5284812396814908585, 4183862905187398029, 961125315693824082, 3066435959716339320, 4359457050975539676, 3745610113055211253, 5616892323431402644, 2423996313938618029, 3342319460472332063, 4574429521762476750, 530929890003939982, 6518361635319838485, 4705876417632921613, 8702130161668730198, 7903182592921575528, 141670616557704814, 6302770439830462635, 8261043567365748099, 438838480425402424, 5938030420618506624, 6388919631545923446, 6289510808724564483, 6268010263591290952, 14114260020922590, 7967256030154091406, 7834360030773781051, 7195168470041102120, 2144111587187695127, 4188284497153593189, 7490392562013822833, 2395367579472417027, 1234942756280497811, 149618691938860164, 7115847656533661705, 2829618956277039440, 2931490206384957203, 6476287337767581762, 945977554281930779, 8036974190540567032, 5620546732979542987, 7534852936547208732, 3612963124933737363, 3304259407192763500, 6531357621325258614, 2061695547096959296, 3891046108540743566, 3659303839675510400, 2840571068268977729, 6021300208671005128, 5523531622352728473, 3164481775218709281, 1433373373144701739, 5040760773694741353, 8699918547789986541, 9211723439219092053, 3601466436760036882, 7470213384180375061, 1117614654415514338, 6489709663619239074, 5606821764793080769, 5533040684385323261, 1663669870068057261, 117658820550690687, 5802967177524872313, 824677791803551085, 8130960541536503068, 7941328653734718836, 3551730520657107195, 3183297803310667173, 1744452363855034208, 2206249608643212372, 6805671707252313743, 3765414947444962371, 6871722428624542946, 5429903326499666841, 9118768768355899725, 2775018401536039120, 2838922854846376990, 3633686101842554817, 7756171914139767657, 1797750566355726798, 1145745704236160436, 7192058872525801155]
2024-07-25 14:30:01 [INFO] final answer type: List[int]
2024-07-25 14:30:01 [INFO] fail
2024-07-25 14:30:01 [INFO] 



2024-07-25 14:30:01 [INFO] number id: 84
2024-07-25 14:30:01 [INFO] instruction content:
2024-07-25 14:30:01 [INFO] def sat(sub: List[int], nums=[17, 20, -100, 101, 423258, 19949, 0, 20174, 9351773, -11]):
    for i in range(len(sub)):
        n = sub[i]
        assert n == min(sub[i:])
        assert all(int(c) % 2 for c in str(abs(n)))  # all odd digits
        assert sub.count(n) == nums.count(n)

    for n in nums:
        if n not in sub:
            assert any(int(c) % 2 == 0 for c in str(abs(n)))

    return True
2024-07-25 14:30:52 [INFO] final answer: [17, 20, -100, 101, 423258]
2024-07-25 14:30:52 [INFO] final answer type: List[int]
2024-07-25 14:32:56 [INFO] final answer: [101, -11, 423258, 17, 20, 9351773, 19949, 0, 20174, -100]
2024-07-25 14:32:56 [INFO] final answer type: List[int]
2024-07-25 14:34:52 [INFO] final answer: [101, 0, -11]
2024-07-25 14:34:52 [INFO] final answer type: List[int]
2024-07-25 14:34:52 [INFO] run error 3+
2024-07-25 14:34:52 [INFO] 



2024-07-25 14:34:52 [INFO] number id: 85
2024-07-25 14:34:52 [INFO] instruction content:
2024-07-25 14:34:52 [INFO] def sat(s: str, substrings=['quifelota', 'chyhimyvemene', 'ge']):
    return all(sub in s[i::len(substrings)] for i, sub in enumerate(substrings))
2024-07-25 14:36:05 [INFO] final answer: True
2024-07-25 14:36:05 [INFO] final answer type: str
2024-07-25 14:36:05 [INFO] fail
2024-07-25 14:36:05 [INFO] 



2024-07-25 14:36:05 [INFO] number id: 86
2024-07-25 14:36:05 [INFO] instruction content:
2024-07-25 14:36:05 [INFO] def sat(li: List[int]):
    return all([123 * li[i] % 1000 < 123 * li[i + 1] % 1000 and li[i] in range(1000) for i in range(20)])
2024-07-25 14:36:57 [INFO] final answer: [214, 213, 212, 211, 210, 209, 208, 207, 206, 205, 204, 203, 202, 201, 200, 199, 198, 197, 196, 195]
2024-07-25 14:36:57 [INFO] final answer type: List[int]
2024-07-25 14:38:47 [INFO] final answer: [7, 8, 9, 10, 11, 12, 13, 14, 15, 16, 17, 18, 19, 20, 21, 22, 23, 24, 25, 26]
2024-07-25 14:38:47 [INFO] final answer type: List[int]
2024-07-25 14:39:33 [INFO] final answer: [0, 1, 2, 3, 4, 5, 6, 7, 8, 9, 10, 11, 12, 13, 14, 15, 16, 17, 18, 19]
2024-07-25 14:39:33 [INFO] final answer type: List[int]
2024-07-25 14:39:33 [INFO] run error 3+
2024-07-25 14:39:33 [INFO] 



2024-07-25 14:39:33 [INFO] number id: 87
2024-07-25 14:39:33 [INFO] instruction content:
2024-07-25 14:39:33 [INFO] def sat(problem: int, weights=[43, 37, 79, 37, 20], max_weight=222):
    if problem == -1:
        return sum(weights) > max_weight
    return weights[problem] != weights[- 1 - problem]
2024-07-25 14:40:25 [INFO] final answer: 1
2024-07-25 14:40:25 [INFO] final answer type: int
2024-07-25 14:40:25 [INFO] fail
2024-07-25 14:40:25 [INFO] 



2024-07-25 14:40:25 [INFO] number id: 88
2024-07-25 14:40:25 [INFO] instruction content:
2024-07-25 14:40:25 [INFO] def sat(s: str, dups=1):
    return len(set(s)) == len(s) - dups
2024-07-25 14:41:34 [INFO] final answer: "abcdefghijklmnopqrstuvwxyza"
2024-07-25 14:41:34 [INFO] final answer type: str
2024-07-25 14:41:34 [INFO] fail
2024-07-25 14:41:34 [INFO] 



2024-07-25 14:41:34 [INFO] number id: 89
2024-07-25 14:41:34 [INFO] instruction content:
2024-07-25 14:41:34 [INFO] def sat(evens: List[str], words=['The', 'worm', 'ate', 'a', 'bird', 'imagine', 'that', '!', 'Absurd', '!!']):
    lens = [len(w) for w in evens]
    assert all(lens[i] % 2 == 0 and lens[i] == max(lens[:i + 1]) and w in words for i, w in enumerate(evens))
    return all((len(w) % 2 == 1 or w in evens) for w in words)
2024-07-25 14:42:37 [INFO] final answer: ['imagine', 'Absurd']
2024-07-25 14:42:37 [INFO] final answer type: List[str]
2024-07-25 14:43:39 [INFO] final answer: ['imagine', 'Absurd']
2024-07-25 14:43:39 [INFO] final answer type: List[str]
2024-07-25 14:44:56 [INFO] final answer: ['worm', 'ate', 'imagine', 'Absurd']
2024-07-25 14:44:56 [INFO] final answer type: List[str]
2024-07-25 14:44:56 [INFO] run error 3+
2024-07-25 14:44:56 [INFO] 



2024-07-25 14:44:56 [INFO] number id: 90
2024-07-25 14:44:56 [INFO] instruction content:
2024-07-25 14:44:56 [INFO] def sat(d: int, n=15466):
    return n % d == 0 and d < n and all(n % e for e in range(d + 1, n))
2024-07-25 14:45:43 [INFO] final answer: 2
2024-07-25 14:45:43 [INFO] final answer type: int
2024-07-25 14:45:43 [INFO] fail
2024-07-25 14:45:43 [INFO] 



2024-07-25 14:45:43 [INFO] number id: 91
2024-07-25 14:45:43 [INFO] instruction content:
2024-07-25 14:45:43 [INFO] def sat(s: str, counts={'a': 4, 'b': 17, 'd': 101, 'e': 0, 'f': 12}):
    chars = s.split()
    for c in chars:
        assert chars.count(c) == counts[c]
    return len(chars) == sum(counts.values())
2024-07-25 14:46:35 [INFO] final answer: 'a'*4 + 'b'*17 + 'd'*101 + 'e'*0 + 'f'*12
2024-07-25 14:46:35 [INFO] final answer type: str
2024-07-25 14:47:42 [INFO] final answer: "ababababbbbbbbbbbbbbbbbbbdddddddddddddddddddddddddddddddddddddddddddddddddddddddddffffffffffff"
2024-07-25 14:47:42 [INFO] final answer type: str
2024-07-25 14:49:18 [INFO] final answer: "abbbbbbbbbbbbddd"
2024-07-25 14:49:18 [INFO] final answer type: str
2024-07-25 14:49:18 [INFO] run error 3+
2024-07-25 14:49:18 [INFO] 



2024-07-25 14:49:18 [INFO] number id: 92
2024-07-25 14:49:18 [INFO] instruction content:
2024-07-25 14:49:18 [INFO] def sat(s: str, substrings=['ripihuquyrenytu', 'quosafyji', 'chyguzocuzuqu', 'futhixequyb']):
    return all(sub in s and sub[::-1] in s for sub in substrings)
2024-07-25 14:49:47 [INFO] final answer: 'ripihuquyrenytuquosafyjichyguzocuzuqufuthixequybrineyturuyqhupihpirjafosuqyzucuzoguyhzucybuqexihtuf'
2024-07-25 14:49:47 [INFO] final answer type: str
2024-07-25 14:49:47 [INFO] fail
2024-07-25 14:49:47 [INFO] 



2024-07-25 14:49:47 [INFO] number id: 93
2024-07-25 14:49:47 [INFO] instruction content:
2024-07-25 14:49:47 [INFO] def sat(t: str, s="))())l"):
    for i in range(len(t) + 1):
        depth = t[:i].count("(") - t[:i].count(")")
        assert depth >= 0
    return depth == 0 and s in t
2024-07-25 14:51:03 [INFO] final answer: "l)))()))()"
2024-07-25 14:51:03 [INFO] final answer type: str
2024-07-25 14:52:02 [INFO] final answer: ((()()))))l)
2024-07-25 14:52:02 [INFO] final answer type: str
2024-07-25 14:52:54 [INFO] final answer: "(((()()))))l)"
2024-07-25 14:52:54 [INFO] final answer type: str
2024-07-25 14:52:54 [INFO] run error 3+
2024-07-25 14:52:54 [INFO] 



2024-07-25 14:52:54 [INFO] number id: 94
2024-07-25 14:52:54 [INFO] instruction content:
2024-07-25 14:52:54 [INFO] def sat(s: str, target="pneumonoultramicroscopicsilicovolanoconiosis"):
    subs = {ord(c): ord(c) + 2 for c in "aeiouAEIOU"}
    return s.swapcase() == target.translate(subs)
2024-07-25 14:54:05 [INFO] final answer: acHOmOnUlTrAmICrOscOpIcsIlIcOvOlAnOcOnIOsIs
2024-07-25 14:54:05 [INFO] final answer type: str
2024-07-25 14:54:05 [INFO] fail
2024-07-25 14:54:05 [INFO] 



2024-07-25 14:54:05 [INFO] number id: 95
2024-07-25 14:54:05 [INFO] instruction content:
2024-07-25 14:54:05 [INFO] def sat(x: float, a=1363713245):
    return abs(x ** 2 - a) < 10 ** -3 and x < 0
2024-07-25 14:54:39 [INFO] final answer: []
2024-07-25 14:54:39 [INFO] final answer type: float
2024-07-25 14:55:27 [INFO] final answer: -36.87817782917155
2024-07-25 14:55:27 [INFO] final answer type: float
2024-07-25 14:55:27 [INFO] fail
2024-07-25 14:55:27 [INFO] 



2024-07-25 14:55:27 [INFO] number id: 96
2024-07-25 14:55:27 [INFO] instruction content:
2024-07-25 14:55:27 [INFO] def sat(expr: str, nums=[3, 7, 3, 7]):
    assert len(nums) == 4 and 1 <= min(nums) and max(nums) <= 13, "hint: nums is a list of four ints in 1..13"
    expr = expr.replace(" ", "")  # ignore whitespace
    digits = ""
    for i in range(len(expr)):
        if i == 0 or expr[i - 1] in "+*-/(":
            assert expr[i] in "123456789(", "Expr cannot contain **, //, or unary -"
        assert expr[i] in "1234567890()+-*/", "Expr can only contain `0123456789()+-*/`"
        digits += expr[i] if expr[i] in "0123456789" else " "
    assert sorted(int(s) for s in digits.split()) == sorted(nums), "Each number must occur exactly once"
    return abs(eval(expr) - 24.0) < 1e-6
2024-07-25 14:56:38 [INFO] final answer: "(7*(3+7))-3"
2024-07-25 14:56:38 [INFO] final answer type: str
2024-07-25 14:57:51 [INFO] final answer: [3, 7, 3, 7]
2024-07-25 14:57:51 [INFO] final answer type: str
2024-07-25 14:59:59 [INFO] final answer: "(7 - 3) * (7 - 3)"
2024-07-25 14:59:59 [INFO] final answer type: str
2024-07-25 14:59:59 [INFO] run error 3+
2024-07-25 14:59:59 [INFO] 



2024-07-25 14:59:59 [INFO] number id: 97
2024-07-25 14:59:59 [INFO] instruction content:
2024-07-25 14:59:59 [INFO] def sat(n: int, nums=[8154539588421190, 128861795], lower_bound=64216730):
    return all(i % n == 0 for i in nums) and n >= lower_bound
2024-07-25 15:01:07 [INFO] final answer: 2, [8154539588421190, 128861795, 2], 2
2024-07-25 15:01:07 [INFO] final answer type: int
2024-07-25 15:01:53 [INFO] final answer: 64216730, [8154539588421190, 128861795], 64216730
2024-07-25 15:01:53 [INFO] final answer type: int
2024-07-25 15:03:02 [INFO] final answer: [8154539588421190, 128861795, 2310]
2024-07-25 15:03:02 [INFO] final answer type: int
2024-07-25 15:03:02 [INFO] run error 3+
2024-07-25 15:03:02 [INFO] 



2024-07-25 15:03:02 [INFO] number id: 98
2024-07-25 15:03:02 [INFO] instruction content:
2024-07-25 15:03:02 [INFO] def sat(li: List[int], orig=[1, -5, 6, 2, -7, -6, 5, -5, 3, 7, 4, -10, -2, 3, 7, 9, -3, 8, 7]):
    for i in range(len(li) - 1):
        assert li[i] < li[i + 1]
        assert li[i] in orig
    for n in orig:
        assert n in li
    return True
2024-07-25 15:03:46 [INFO] final answer: [1, 2, 3, 4, 5, 6, 7, 8, 9]
2024-07-25 15:03:46 [INFO] final answer type: List[int]
2024-07-25 15:04:20 [INFO] final answer: [1, 2, 3, 4, 5]
2024-07-25 15:04:20 [INFO] final answer type: List[int]
2024-07-25 15:04:56 [INFO] final answer: [11, 6]
2024-07-25 15:04:56 [INFO] final answer type: List[int]
2024-07-25 15:04:56 [INFO] run error 3+
2024-07-25 15:04:56 [INFO] 



2024-07-25 15:04:56 [INFO] number id: 99
2024-07-25 15:04:56 [INFO] instruction content:
2024-07-25 15:04:56 [INFO] def sat(counts: List[int], target_prob=0.5803571428571429):
    m, n = counts  # m = num 1's, n = num -1's
    probs = [1.0] + [0.0] * n  # probs[n] is probability for current m, starting with m = 1
    for i in range(2, m + 1):  # compute probs using dynamic programming for m = i
        old_probs = probs
        probs = [1.0] + [0.0] * n
        for j in range(1, min(n + 1, i)):
            probs[j] = (
                    j / (i + j) * probs[j - 1]  # last element is a -1 so use probs
                    +
                    i / (i + j) * old_probs[j]  # last element is a 1 so use old_probs, m = i - 1
            )
    return abs(probs[n] - target_prob) < 1e-6
2024-07-25 15:06:15 [INFO] final answer: [13, 7]
2024-07-25 15:06:15 [INFO] final answer type: List[int]
2024-07-25 15:06:15 [INFO] fail
2024-07-25 15:06:15 [INFO] correct_Q: 6
2024-07-25 15:06:15 [INFO] error_Q: 22
2024-07-25 15:06:15 [INFO] incorrect_Q: 72
2024-09-01 11:48:06 [INFO] 



2024-09-01 11:48:06 [INFO] number id: 0
2024-09-01 11:48:06 [INFO] instruction content:
2024-09-01 11:48:06 [INFO] def sat(s: str, substrings=['thacovatukoliva', 'maquyfezisothizyp', 'ka', 'benegiquememif']):
    return all(sub in s and sub[::-1] in s for sub in substrings)
