2024-07-24 11:40:10 [INFO] 



2024-07-24 11:40:10 [INFO] number id: 0
2024-07-24 11:40:10 [INFO] instruction content:
2024-07-24 11:40:10 [INFO] How many points did the buccaneers need to tie in the first?
2024-07-24 11:40:55 [INFO] final answer: The Buccaneers needed 34 additional points to tie in the first quarter.
2024-07-24 11:40:55 [INFO] gold answer: 3
2024-07-24 11:40:55 [INFO] incorrect
2024-07-24 11:40:55 [INFO] 



2024-07-24 11:40:55 [INFO] number id: 1
2024-07-24 11:40:55 [INFO] instruction content:
2024-07-24 11:40:55 [INFO] How many games had the Bills won before this game?
2024-07-24 11:41:26 [INFO] final answer: The Bills had won 0 games before this game.
2024-07-24 11:41:26 [INFO] gold answer: 0
2024-07-24 11:41:26 [INFO] correct
2024-07-24 11:41:26 [INFO] 



2024-07-24 11:41:26 [INFO] number id: 2
2024-07-24 11:41:26 [INFO] instruction content:
2024-07-24 11:41:26 [INFO] How many years before Navarrase used the captivity of John II?
2024-07-24 11:41:54 [INFO] final answer: The final answer is 3 years.
2024-07-24 11:41:54 [INFO] gold answer: 9
2024-07-24 11:41:54 [INFO] incorrect
2024-07-24 11:41:54 [INFO] 



2024-07-24 11:41:54 [INFO] number id: 3
2024-07-24 11:41:54 [INFO] instruction content:
2024-07-24 11:41:54 [INFO] How many more people were there than families?
2024-07-24 11:42:20 [INFO] final answer: The final answer is 158,203.
2024-07-24 11:42:20 [INFO] gold answer: 158203
2024-07-24 11:42:20 [INFO] correct
2024-07-24 11:42:20 [INFO] 



2024-07-24 11:42:20 [INFO] number id: 4
2024-07-24 11:42:20 [INFO] instruction content:
2024-07-24 11:42:20 [INFO] How many Mongol prefectures were established due to the rebellion in 1258?
2024-07-24 11:42:58 [INFO] final answer: The final answer is 2.
2024-07-24 11:42:58 [INFO] gold answer: 2
2024-07-24 11:42:58 [INFO] correct
2024-07-24 11:42:58 [INFO] 



2024-07-24 11:42:58 [INFO] number id: 5
2024-07-24 11:42:58 [INFO] instruction content:
2024-07-24 11:42:58 [INFO] How many points did each team have at halftime?
2024-07-24 11:44:09 [INFO] final answer: Jets: 12 points; Chiefs: 12 points.
2024-07-24 11:44:09 [INFO] gold answer: 14
2024-07-24 11:44:09 [INFO] incorrect
2024-07-24 11:44:09 [INFO] 



2024-07-24 11:44:09 [INFO] number id: 6
2024-07-24 11:44:09 [INFO] instruction content:
2024-07-24 11:44:09 [INFO] How many touchdowns did Philip Rivers throw in the first quarter?
2024-07-24 11:44:34 [INFO] final answer: 2
2024-07-24 11:44:34 [INFO] gold answer: 2
2024-07-24 11:44:34 [INFO] correct
2024-07-24 11:44:34 [INFO] 



2024-07-24 11:44:34 [INFO] number id: 7
2024-07-24 11:44:34 [INFO] instruction content:
2024-07-24 11:44:34 [INFO] how many points did new orleans defeat tampa by?
2024-07-24 11:45:01 [INFO] final answer: New Orleans defeated Tampa Bay by 7 points.
2024-07-24 11:45:01 [INFO] gold answer: 24
2024-07-24 11:45:01 [INFO] incorrect
2024-07-24 11:45:01 [INFO] 



2024-07-24 11:45:01 [INFO] number id: 8
2024-07-24 11:45:01 [INFO] instruction content:
2024-07-24 11:45:01 [INFO] How many points were the Cowboy's trailing at halftime?
2024-07-24 11:45:38 [INFO] final answer: The Cowboys were trailing by 11 points at halftime.
2024-07-24 11:45:38 [INFO] gold answer: 11
2024-07-24 11:45:38 [INFO] correct
2024-07-24 11:45:38 [INFO] 



2024-07-24 11:45:38 [INFO] number id: 9
2024-07-24 11:45:38 [INFO] instruction content:
2024-07-24 11:45:38 [INFO] How many is the difference in the yards of the TD pass to Miller and the yards of the TD pass to Ward?
2024-07-24 11:46:09 [INFO] final answer: The difference in the yards of the TD pass to Miller and the yards of the TD pass to Ward is 44 yards.
2024-07-24 11:46:09 [INFO] gold answer: 34
2024-07-24 11:46:09 [INFO] incorrect
2024-07-24 11:46:09 [INFO] 



2024-07-24 11:46:09 [INFO] number id: 10
2024-07-24 11:46:09 [INFO] instruction content:
2024-07-24 11:46:09 [INFO] How many years span these events?
2024-07-24 11:47:02 [INFO] final answer: The total number of years spanning the events is 2 years.
2024-07-24 11:47:02 [INFO] gold answer: 1
2024-07-24 11:47:02 [INFO] incorrect
2024-07-24 11:47:02 [INFO] 



2024-07-24 11:47:02 [INFO] number id: 11
2024-07-24 11:47:02 [INFO] instruction content:
2024-07-24 11:47:02 [INFO] How many field goals did both teams kick before halftime?
2024-07-24 11:47:31 [INFO] final answer: The total number of field goals kicked by both teams before halftime is 4.
2024-07-24 11:47:31 [INFO] gold answer: 2
2024-07-24 11:47:31 [INFO] incorrect
2024-07-24 11:47:31 [INFO] 



2024-07-24 11:47:31 [INFO] number id: 12
2024-07-24 11:47:31 [INFO] instruction content:
2024-07-24 11:47:31 [INFO] How many times have the Bears played the Packers?
2024-07-24 11:47:59 [INFO] final answer: The total number of games played between the Chicago Bears and the Green Bay Packers is 193.
2024-07-24 11:47:59 [INFO] gold answer: 189
2024-07-24 11:47:59 [INFO] incorrect
2024-07-24 11:47:59 [INFO] 



2024-07-24 11:47:59 [INFO] number id: 13
2024-07-24 11:47:59 [INFO] instruction content:
2024-07-24 11:47:59 [INFO] How many point lead did the Seahawks start the game with?
2024-07-24 11:48:31 [INFO] final answer: The Seahawks started the game with a 0 point lead.
2024-07-24 11:48:31 [INFO] gold answer: 17
2024-07-24 11:48:31 [INFO] incorrect
2024-07-24 11:48:31 [INFO] 



2024-07-24 11:48:31 [INFO] number id: 14
2024-07-24 11:48:31 [INFO] instruction content:
2024-07-24 11:48:31 [INFO] How many losses do the Lions have?
2024-07-24 11:48:57 [INFO] final answer: The Lions have 1 loss.
2024-07-24 11:48:57 [INFO] gold answer: 1
2024-07-24 11:48:57 [INFO] correct
2024-07-24 11:48:57 [INFO] 



2024-07-24 11:48:57 [INFO] number id: 15
2024-07-24 11:48:57 [INFO] instruction content:
2024-07-24 11:48:57 [INFO] How many losses did the Rams have in week 8?
2024-07-24 11:49:25 [INFO] final answer: The Rams had 1 loss in week 8.
2024-07-24 11:49:25 [INFO] gold answer: 3
2024-07-24 11:49:25 [INFO] incorrect
2024-07-24 11:49:25 [INFO] 



2024-07-24 11:49:25 [INFO] number id: 16
2024-07-24 11:49:25 [INFO] instruction content:
2024-07-24 11:49:25 [INFO] How many touchdown passes did Tom Brady have in total?
2024-07-24 11:50:46 [INFO] final answer: Tom Brady threw a total of 624 touchdown passes in the NFL.
2024-07-24 11:50:46 [INFO] gold answer: 4
2024-07-24 11:50:46 [INFO] incorrect
2024-07-24 11:50:46 [INFO] 



2024-07-24 11:50:46 [INFO] number id: 17
2024-07-24 11:50:46 [INFO] instruction content:
2024-07-24 11:50:46 [INFO] How many people was the gap in the target and the number of volunteers who enlisted?
2024-07-24 11:51:12 [INFO] final answer: The gap in the target and the number of volunteers who enlisted is 927,000.
2024-07-24 11:51:12 [INFO] gold answer: 927000
2024-07-24 11:51:12 [INFO] correct
2024-07-24 11:51:12 [INFO] 



2024-07-24 11:51:12 [INFO] number id: 18
2024-07-24 11:51:12 [INFO] instruction content:
2024-07-24 11:51:12 [INFO] How many times did the Browns lose opening games in a row?
2024-07-24 11:52:36 [INFO] final answer: The Browns lost opening games in a row 13 times.
2024-07-24 11:52:36 [INFO] gold answer: 13
2024-07-24 11:52:36 [INFO] correct
2024-07-24 11:52:36 [INFO] 



2024-07-24 11:52:36 [INFO] number id: 19
2024-07-24 11:52:36 [INFO] instruction content:
2024-07-24 11:52:36 [INFO] How many captives were taken when the Tartars raided southern Muscovy?
2024-07-24 11:53:20 [INFO] final answer: The total number of captives taken during the Tartar raid in southern Muscovy in 1644 is 10,000.
2024-07-24 11:53:20 [INFO] gold answer: 10000
2024-07-24 11:53:20 [INFO] correct
2024-07-24 11:53:20 [INFO] 



2024-07-24 11:53:20 [INFO] number id: 20
2024-07-24 11:53:20 [INFO] instruction content:
2024-07-24 11:53:20 [INFO] How many years between the Dutch invasion in 1624 of the state of Brazil and the return which resulted in the establishment of New Holland?
2024-07-24 11:53:48 [INFO] final answer: The final answer is 6 years.
2024-07-24 11:53:48 [INFO] gold answer: 5
2024-07-24 11:53:48 [INFO] incorrect
2024-07-24 11:53:48 [INFO] 



2024-07-24 11:53:48 [INFO] number id: 21
2024-07-24 11:53:48 [INFO] instruction content:
2024-07-24 11:53:48 [INFO] How many days had passed from when SCDOT announced its preferred routing of I-73 between Myrtle Beach and Interstate 95 in South Carolina until alternative corridors were formally announced to the public?
2024-07-24 11:54:23 [INFO] final answer: 100 days.
2024-07-24 11:54:23 [INFO] gold answer: 100
2024-07-24 11:54:23 [INFO] correct
2024-07-24 11:54:23 [INFO] 



2024-07-24 11:54:23 [INFO] number id: 22
2024-07-24 11:54:23 [INFO] instruction content:
2024-07-24 11:54:23 [INFO] how many yards did gore score the first half?
2024-07-24 11:54:58 [INFO] final answer: Frank Gore scored 148 yards in the first half.
2024-07-24 11:54:58 [INFO] gold answer: 61
2024-07-24 11:54:58 [INFO] incorrect
2024-07-24 11:54:58 [INFO] 



2024-07-24 11:54:58 [INFO] number id: 23
2024-07-24 11:54:58 [INFO] instruction content:
2024-07-24 11:54:58 [INFO] How many TD passes did Stafford throw other than to Jhonson?
2024-07-24 11:55:28 [INFO] final answer: Stafford threw 2 touchdown passes to other players.
2024-07-24 11:55:28 [INFO] gold answer: 2
2024-07-24 11:55:28 [INFO] correct
2024-07-24 11:55:28 [INFO] 



2024-07-24 11:55:28 [INFO] number id: 24
2024-07-24 11:55:28 [INFO] instruction content:
2024-07-24 11:55:28 [INFO] How many points were scored in the fourth quarter?
2024-07-24 11:56:22 [INFO] final answer: The points scored in the fourth quarter is **0 points**.
2024-07-24 11:56:22 [INFO] gold answer: 0
2024-07-24 11:56:22 [INFO] correct
2024-07-24 11:56:22 [INFO] 



2024-07-24 11:56:22 [INFO] number id: 25
2024-07-24 11:56:22 [INFO] instruction content:
2024-07-24 11:56:22 [INFO] How many more points did Raiders score at the end?
2024-07-24 11:56:51 [INFO] final answer: The Raiders scored 1 more point than the Ravens.
2024-07-24 11:56:51 [INFO] gold answer: 1
2024-07-24 11:56:51 [INFO] correct
2024-07-24 11:56:51 [INFO] 



2024-07-24 11:56:51 [INFO] number id: 26
2024-07-24 11:56:51 [INFO] instruction content:
2024-07-24 11:56:51 [INFO] How many field goals did the Bear's get in the first half?
2024-07-24 11:57:22 [INFO] final answer: The Bears scored 2 field goals in the first half.
2024-07-24 11:57:22 [INFO] gold answer: 2
2024-07-24 11:57:22 [INFO] correct
2024-07-24 11:57:22 [INFO] 



2024-07-24 11:57:22 [INFO] number id: 27
2024-07-24 11:57:22 [INFO] instruction content:
2024-07-24 11:57:22 [INFO] How many yards was the shortest touchdown scoring play?
2024-07-24 11:57:57 [INFO] final answer: The shortest touchdown scoring play was 1 yard.
2024-07-24 11:57:57 [INFO] gold answer: 1
2024-07-24 11:57:57 [INFO] correct
2024-07-24 11:57:57 [INFO] 



2024-07-24 11:57:57 [INFO] number id: 28
2024-07-24 11:57:57 [INFO] instruction content:
2024-07-24 11:57:57 [INFO] How many points were scored in total by the end of the first quarter?
2024-07-24 11:58:28 [INFO] final answer: The total points scored in the first quarter is 3 points.
2024-07-24 11:58:28 [INFO] gold answer: 3
2024-07-24 11:58:28 [INFO] correct
2024-07-24 11:58:28 [INFO] 



2024-07-24 11:58:28 [INFO] number id: 29
2024-07-24 11:58:28 [INFO] instruction content:
2024-07-24 11:58:28 [INFO] How many more percentage points in India's economy is Basmati rice over their agricultural exports?
2024-07-24 11:59:35 [INFO] final answer: The final answer is: **The difference in contribution of Basmati rice over agricultural exports cannot be calculated with the provided information.**
2024-07-24 11:59:35 [INFO] gold answer: 53
2024-07-24 11:59:35 [INFO] incorrect
2024-07-24 11:59:35 [INFO] 



2024-07-24 11:59:35 [INFO] number id: 30
2024-07-24 11:59:35 [INFO] instruction content:
2024-07-24 11:59:35 [INFO] How many years after the fortifications were built were they levelled by Parliment?
2024-07-24 12:00:03 [INFO] final answer: The fortifications were leveled by Parliament 4 years after they were built.
2024-07-24 12:00:03 [INFO] gold answer: 5
2024-07-24 12:00:03 [INFO] incorrect
2024-07-24 12:00:03 [INFO] 



2024-07-24 12:00:03 [INFO] number id: 31
2024-07-24 12:00:03 [INFO] instruction content:
2024-07-24 12:00:03 [INFO] How many yards was Akers' longest field goal?
2024-07-24 12:00:26 [INFO] final answer: David Akers' longest field goal is 63 yards.
2024-07-24 12:00:26 [INFO] gold answer: 42
2024-07-24 12:00:26 [INFO] incorrect
2024-07-24 12:00:26 [INFO] 



2024-07-24 12:00:26 [INFO] number id: 32
2024-07-24 12:00:26 [INFO] instruction content:
2024-07-24 12:00:26 [INFO] How many more people lived in Kabuls by 1878 compared to 1700?
2024-07-24 12:00:54 [INFO] final answer: The difference in population between Kabul in 1878 and 1700 is 55,000.
2024-07-24 12:00:54 [INFO] gold answer: 55000
2024-07-24 12:00:54 [INFO] correct
2024-07-24 12:00:54 [INFO] 



2024-07-24 12:00:54 [INFO] number id: 33
2024-07-24 12:00:54 [INFO] instruction content:
2024-07-24 12:00:54 [INFO] How many times did the Broncos turn the ball over?
2024-07-24 12:01:26 [INFO] final answer: The Broncos turned the ball over 5 times.
2024-07-24 12:01:26 [INFO] gold answer: 5
2024-07-24 12:01:26 [INFO] correct
2024-07-24 12:01:26 [INFO] 



2024-07-24 12:01:26 [INFO] number id: 34
2024-07-24 12:01:26 [INFO] instruction content:
2024-07-24 12:01:26 [INFO] How many months had passed from when the Kiev Uprising began to when Rada declared Ukrainian independence
2024-07-24 12:02:18 [INFO] final answer: The final answer is 2 months and 23 days.
2024-07-24 12:02:18 [INFO] gold answer: 2
2024-07-24 12:02:18 [INFO] incorrect
2024-07-24 12:02:18 [INFO] 



2024-07-24 12:02:18 [INFO] number id: 35
2024-07-24 12:02:18 [INFO] instruction content:
2024-07-24 12:02:18 [INFO] Between British blockading of French ports in 1755 and formal declarations of war in the following spring, how many years separated these events?
2024-07-24 12:03:17 [INFO] final answer: 1 year.
2024-07-24 12:03:17 [INFO] gold answer: 1
2024-07-24 12:03:17 [INFO] correct
2024-07-24 12:03:17 [INFO] 



2024-07-24 12:03:17 [INFO] number id: 36
2024-07-24 12:03:17 [INFO] instruction content:
2024-07-24 12:03:17 [INFO] How many yards longer was Vincent Jackson's touchdown pass compared to Nate Byham's?
2024-07-24 12:03:47 [INFO] final answer: Vincent Jackson's touchdown pass was 21 yards longer than Nate Byham's.
2024-07-24 12:03:47 [INFO] gold answer: 21
2024-07-24 12:03:47 [INFO] correct
2024-07-24 12:03:47 [INFO] 



2024-07-24 12:03:47 [INFO] number id: 37
2024-07-24 12:03:47 [INFO] instruction content:
2024-07-24 12:03:47 [INFO] How many months after concluding peace did Uroš III surrender?
2024-07-24 12:04:47 [INFO] final answer: The total number of months from the month of peace until Uroš III's surrender is 4 months.
2024-07-24 12:04:47 [INFO] gold answer: 4
2024-07-24 12:04:47 [INFO] correct
2024-07-24 12:04:47 [INFO] 



2024-07-24 12:04:47 [INFO] number id: 38
2024-07-24 12:04:47 [INFO] instruction content:
2024-07-24 12:04:47 [INFO] How many other localities of colonial Chile were also made ready for English attack?
2024-07-24 12:05:56 [INFO] final answer: The final answer is: 3.
2024-07-24 12:05:56 [INFO] gold answer: 4
2024-07-24 12:05:56 [INFO] incorrect
2024-07-24 12:05:56 [INFO] 



2024-07-24 12:05:56 [INFO] number id: 39
2024-07-24 12:05:56 [INFO] instruction content:
2024-07-24 12:05:56 [INFO] How many years old was the average person?
2024-07-24 12:06:51 [INFO] final answer: The average person is approximately 58 years old.
2024-07-24 12:06:51 [INFO] gold answer: 39
2024-07-24 12:06:51 [INFO] incorrect
2024-07-24 12:06:51 [INFO] 



2024-07-24 12:06:51 [INFO] number id: 40
2024-07-24 12:06:51 [INFO] instruction content:
2024-07-24 12:06:51 [INFO] How many days after Mehmed starting bombarding the city walls did the seige begin?
2024-07-24 12:07:24 [INFO] final answer: The siege began 5 days after Mehmed started bombarding the city walls.
2024-07-24 12:07:24 [INFO] gold answer: 5
2024-07-24 12:07:24 [INFO] correct
2024-07-24 12:07:24 [INFO] 



2024-07-24 12:07:24 [INFO] number id: 41
2024-07-24 12:07:24 [INFO] instruction content:
2024-07-24 12:07:24 [INFO] How many field goals were made from a distance of more than 40 yards?
2024-07-24 12:08:09 [INFO] final answer: The number of field goals made from a distance of more than 40 yards is 1.
2024-07-24 12:08:09 [INFO] gold answer: 1
2024-07-24 12:08:09 [INFO] correct
2024-07-24 12:08:09 [INFO] 



2024-07-24 12:08:09 [INFO] number id: 42
2024-07-24 12:08:09 [INFO] instruction content:
2024-07-24 12:08:09 [INFO] How many passes did Steve Breaston receive?
2024-07-24 12:08:51 [INFO] final answer: The final answer is: I cannot determine the total number of receptions from all the seasons he played without specific statistics or data for those seasons.
2024-07-24 12:08:51 [INFO] gold answer: 1
2024-07-24 12:08:51 [INFO] incorrect
2024-07-24 12:08:51 [INFO] 



2024-07-24 12:08:51 [INFO] number id: 43
2024-07-24 12:08:51 [INFO] instruction content:
2024-07-24 12:08:51 [INFO] How many turnovers did the Jaguars have in the third quarter?
2024-07-24 12:09:48 [INFO] final answer: The Jaguars had 0 turnovers in the third quarter.
2024-07-24 12:09:48 [INFO] gold answer: 2
2024-07-24 12:09:48 [INFO] incorrect
2024-07-24 12:09:48 [INFO] 



2024-07-24 12:09:48 [INFO] number id: 44
2024-07-24 12:09:48 [INFO] instruction content:
2024-07-24 12:09:48 [INFO] How many years did the regions remain in revolt after the Treaty of Fez?
2024-07-24 12:10:15 [INFO] final answer: 22 years.
2024-07-24 12:10:15 [INFO] gold answer: 22
2024-07-24 12:10:15 [INFO] correct
2024-07-24 12:10:15 [INFO] 



2024-07-24 12:10:15 [INFO] number id: 45
2024-07-24 12:10:15 [INFO] instruction content:
2024-07-24 12:10:15 [INFO] How many interceptions were there?
2024-07-24 12:10:56 [INFO] final answer: The total number of interceptions is 2.
2024-07-24 12:10:56 [INFO] gold answer: 2
2024-07-24 12:10:56 [INFO] correct
2024-07-24 12:10:56 [INFO] 



2024-07-24 12:10:56 [INFO] number id: 46
2024-07-24 12:10:56 [INFO] instruction content:
2024-07-24 12:10:56 [INFO] How many touchdowns did both quarterbacks have?
2024-07-24 12:11:21 [INFO] final answer: The total number of touchdowns scored by both quarterbacks is 6.
2024-07-24 12:11:21 [INFO] gold answer: 3
2024-07-24 12:11:21 [INFO] incorrect
2024-07-24 12:11:21 [INFO] 



2024-07-24 12:11:21 [INFO] number id: 47
2024-07-24 12:11:21 [INFO] instruction content:
2024-07-24 12:11:21 [INFO] How many points did the Redskins beat the 2007 Detroit Lions by?
2024-07-24 12:11:48 [INFO] final answer: The Redskins beat the 2007 Detroit Lions by 31 points.
2024-07-24 12:11:48 [INFO] gold answer: 31
2024-07-24 12:11:48 [INFO] correct
2024-07-24 12:11:48 [INFO] 



2024-07-24 12:11:48 [INFO] number id: 48
2024-07-24 12:11:48 [INFO] instruction content:
2024-07-24 12:11:48 [INFO] How many different years are mentioned on the Tym co za Polskość Gdańska monument?
2024-07-24 12:12:24 [INFO] final answer: The final answer is 4.
2024-07-24 12:12:24 [INFO] gold answer: 4
2024-07-24 12:12:24 [INFO] correct
2024-07-24 12:12:24 [INFO] 



2024-07-24 12:12:24 [INFO] number id: 49
2024-07-24 12:12:24 [INFO] instruction content:
2024-07-24 12:12:24 [INFO] How many points did Denver lead by at halftime?
2024-07-24 12:12:53 [INFO] final answer: Denver led by 14 points at halftime.
2024-07-24 12:12:53 [INFO] gold answer: 14
2024-07-24 12:12:53 [INFO] correct
2024-07-24 12:12:53 [INFO] 



2024-07-24 12:12:53 [INFO] number id: 50
2024-07-24 12:12:53 [INFO] instruction content:
2024-07-24 12:12:53 [INFO] How many games behind first place in the division were the Bears?
2024-07-24 12:14:34 [INFO] final answer: The Bears are 4 games behind the first-place team (the Detroit Lions).
2024-07-24 12:14:34 [INFO] gold answer: 4
2024-07-24 12:14:34 [INFO] correct
2024-07-24 12:14:34 [INFO] 



2024-07-24 12:14:34 [INFO] number id: 51
2024-07-24 12:14:34 [INFO] instruction content:
2024-07-24 12:14:34 [INFO] How many points were the Ravens trailing by at half time?
2024-07-24 12:15:13 [INFO] final answer: The Ravens were trailing by 10 points at halftime.
2024-07-24 12:15:13 [INFO] gold answer: 10
2024-07-24 12:15:13 [INFO] correct
2024-07-24 12:15:13 [INFO] 



2024-07-24 12:15:13 [INFO] number id: 52
2024-07-24 12:15:13 [INFO] instruction content:
2024-07-24 12:15:13 [INFO] How many years did the Lithuanian Civil War last?
2024-07-24 12:15:38 [INFO] final answer: The Lithuanian Civil War lasted for 6 years.
2024-07-24 12:15:38 [INFO] gold answer: 6
2024-07-24 12:15:38 [INFO] correct
2024-07-24 12:15:38 [INFO] 



2024-07-24 12:15:38 [INFO] number id: 53
2024-07-24 12:15:38 [INFO] instruction content:
2024-07-24 12:15:38 [INFO] How many more yards was Fortes TD run in the second quarter compared to the one he made in the first quarter
2024-07-24 12:16:11 [INFO] final answer: 34 yards.
2024-07-24 12:16:11 [INFO] gold answer: 34
2024-07-24 12:16:11 [INFO] correct
2024-07-24 12:16:11 [INFO] 



2024-07-24 12:16:11 [INFO] number id: 54
2024-07-24 12:16:11 [INFO] instruction content:
2024-07-24 12:16:11 [INFO] How many field goals were missed during the game?
2024-07-24 12:16:55 [INFO] final answer: **Total number of missed field goals = 0.**
2024-07-24 12:16:55 [INFO] gold answer: 0
2024-07-24 12:16:55 [INFO] correct
2024-07-24 12:16:55 [INFO] 



2024-07-24 12:16:55 [INFO] number id: 55
2024-07-24 12:16:55 [INFO] instruction content:
2024-07-24 12:16:55 [INFO] How many factors killed 88% of the Maya?
2024-07-24 12:18:08 [INFO] final answer: There are 4 factors associated with the 88% decline of the Maya population.
2024-07-24 12:18:08 [INFO] gold answer: 2
2024-07-24 12:18:08 [INFO] incorrect
2024-07-24 12:18:08 [INFO] 



2024-07-24 12:18:08 [INFO] number id: 56
2024-07-24 12:18:08 [INFO] instruction content:
2024-07-24 12:18:08 [INFO] How many touchdowns did barber score?
2024-07-24 12:18:55 [INFO] final answer: Marion Barber scored 1 touchdown in the mentioned game.
2024-07-24 12:18:55 [INFO] gold answer: 2
2024-07-24 12:18:55 [INFO] incorrect
2024-07-24 12:18:55 [INFO] 



2024-07-24 12:18:55 [INFO] number id: 57
2024-07-24 12:18:55 [INFO] instruction content:
2024-07-24 12:18:55 [INFO] How many countries signed an Agreement on June 1st, 1922?
2024-07-24 12:19:21 [INFO] final answer: 2
2024-07-24 12:19:21 [INFO] gold answer: 2
2024-07-24 12:19:21 [INFO] correct
2024-07-24 12:19:21 [INFO] 



2024-07-24 12:19:21 [INFO] number id: 58
2024-07-24 12:19:21 [INFO] instruction content:
2024-07-24 12:19:21 [INFO] How many years did tensions grow with shaikh Khazal of Mohammerah?
2024-07-24 12:19:48 [INFO] final answer: The total number of years is 2.
2024-07-24 12:19:48 [INFO] gold answer: 2
2024-07-24 12:19:48 [INFO] correct
2024-07-24 12:19:48 [INFO] 



2024-07-24 12:19:48 [INFO] number id: 59
2024-07-24 12:19:48 [INFO] instruction content:
2024-07-24 12:19:48 [INFO] How many times Peyton Manning threw TD pass?
2024-07-24 12:20:32 [INFO] final answer: Peyton Manning threw a total of 2 touchdown passes in the game against the Browns.
2024-07-24 12:20:32 [INFO] gold answer: 3
2024-07-24 12:20:32 [INFO] incorrect
2024-07-24 12:20:32 [INFO] 



2024-07-24 12:20:32 [INFO] number id: 60
2024-07-24 12:20:32 [INFO] instruction content:
2024-07-24 12:20:32 [INFO] How many more tonnes of nickel did Russia produce than Indonesia?
2024-07-24 12:21:00 [INFO] final answer: Russia produced 77,000 tonnes more nickel than Indonesia.
2024-07-24 12:21:00 [INFO] gold answer: 77000
2024-07-24 12:21:00 [INFO] correct
2024-07-24 12:21:00 [INFO] 



2024-07-24 12:21:00 [INFO] number id: 61
2024-07-24 12:21:00 [INFO] instruction content:
2024-07-24 12:21:00 [INFO] How many touchdown passes did Brett Favre throw?
2024-07-24 12:21:38 [INFO] final answer: Brett Favre threw a total of 2 touchdown passes in the game mentioned.
2024-07-24 12:21:38 [INFO] gold answer: 3
2024-07-24 12:21:38 [INFO] incorrect
2024-07-24 12:21:38 [INFO] 



2024-07-24 12:21:38 [INFO] number id: 62
2024-07-24 12:21:38 [INFO] instruction content:
2024-07-24 12:21:38 [INFO] How many years total did it take Upper Austria to have 62 uprisings?
2024-07-24 12:22:36 [INFO] final answer: 493 years.
2024-07-24 12:22:36 [INFO] gold answer: 493
2024-07-24 12:22:36 [INFO] correct
2024-07-24 12:22:36 [INFO] 



2024-07-24 12:22:36 [INFO] number id: 63
2024-07-24 12:22:36 [INFO] instruction content:
2024-07-24 12:22:36 [INFO] How many years old was the average person?
2024-07-24 12:24:27 [INFO] final answer: The average age is approximately 38.94 years.
2024-07-24 12:24:27 [INFO] gold answer: 38
2024-07-24 12:24:27 [INFO] incorrect
2024-07-24 12:24:27 [INFO] 



2024-07-24 12:24:27 [INFO] number id: 64
2024-07-24 12:24:27 [INFO] instruction content:
2024-07-24 12:24:27 [INFO] The ratio of Southern Irish Protestants declined from 10% to 3% over how many years?
2024-07-24 12:25:15 [INFO] final answer: The decline from 10% to 3% happened over a period of 70 years.
2024-07-24 12:25:15 [INFO] gold answer: 70
2024-07-24 12:25:15 [INFO] correct
2024-07-24 12:25:15 [INFO] 



2024-07-24 12:25:15 [INFO] number id: 65
2024-07-24 12:25:15 [INFO] instruction content:
2024-07-24 12:25:15 [INFO] How many more forces Tokugawa had than Sanada?
2024-07-24 12:25:48 [INFO] final answer: The Tokugawa had 36,000 more forces than Sanada.
2024-07-24 12:25:48 [INFO] gold answer: 36000
2024-07-24 12:25:48 [INFO] correct
2024-07-24 12:25:48 [INFO] 



2024-07-24 12:25:48 [INFO] number id: 66
2024-07-24 12:25:48 [INFO] instruction content:
2024-07-24 12:25:48 [INFO] How many field goals were made during the first half?
2024-07-24 12:26:49 [INFO] final answer: The final answer is **2 field goals**.
2024-07-24 12:26:49 [INFO] gold answer: 2
2024-07-24 12:26:49 [INFO] correct
2024-07-24 12:26:49 [INFO] 



2024-07-24 12:26:49 [INFO] number id: 67
2024-07-24 12:26:49 [INFO] instruction content:
2024-07-24 12:26:49 [INFO] In 1860 how many people in Singapore were not Chinese?
2024-07-24 12:27:18 [INFO] final answer: The number of people in Singapore in 1860 who were not Chinese was 40,000.
2024-07-24 12:27:18 [INFO] gold answer: 40000
2024-07-24 12:27:18 [INFO] correct
2024-07-24 12:27:18 [INFO] 



2024-07-24 12:27:18 [INFO] number id: 68
2024-07-24 12:27:18 [INFO] instruction content:
2024-07-24 12:27:18 [INFO] How many field goals were kicked?
2024-07-24 12:27:49 [INFO] final answer: The total number of field goals kicked is 2.
2024-07-24 12:27:49 [INFO] gold answer: 2
2024-07-24 12:27:49 [INFO] correct
2024-07-24 12:27:49 [INFO] 



2024-07-24 12:27:49 [INFO] number id: 69
2024-07-24 12:27:49 [INFO] instruction content:
2024-07-24 12:27:49 [INFO] How many passes did Heap receive?
2024-07-24 12:28:40 [INFO] final answer: Todd Heap received 1 pass.
2024-07-24 12:28:40 [INFO] gold answer: 1
2024-07-24 12:28:40 [INFO] correct
2024-07-24 12:28:40 [INFO] 



2024-07-24 12:28:40 [INFO] number id: 70
2024-07-24 12:28:40 [INFO] instruction content:
2024-07-24 12:28:40 [INFO] How many points was the former amount after the 34 yard field goal was made?
2024-07-24 12:29:06 [INFO] final answer: 3 points.
2024-07-24 12:29:06 [INFO] gold answer: 3
2024-07-24 12:29:06 [INFO] correct
2024-07-24 12:29:06 [INFO] 



2024-07-24 12:29:06 [INFO] number id: 71
2024-07-24 12:29:06 [INFO] instruction content:
2024-07-24 12:29:06 [INFO] How many field goals did Carney make?
2024-07-24 12:29:41 [INFO] final answer: Carney made a total of 3 field goals.
2024-07-24 12:29:41 [INFO] gold answer: 4
2024-07-24 12:29:41 [INFO] incorrect
2024-07-24 12:29:41 [INFO] 



2024-07-24 12:29:41 [INFO] number id: 72
2024-07-24 12:29:41 [INFO] instruction content:
2024-07-24 12:29:41 [INFO] How many touchdowns were scored in the game?
2024-07-24 12:30:43 [INFO] final answer: The total number of touchdowns scored in the game is **3**.
2024-07-24 12:30:43 [INFO] gold answer: 3
2024-07-24 12:30:43 [INFO] correct
2024-07-24 12:30:43 [INFO] 



2024-07-24 12:30:43 [INFO] number id: 73
2024-07-24 12:30:43 [INFO] instruction content:
2024-07-24 12:30:43 [INFO] In the invasion of Kandy, how many of the invading troops were from Portugal?
2024-07-24 12:31:28 [INFO] final answer: The number of invading troops from Portugal was 1,000.
2024-07-24 12:31:28 [INFO] gold answer: 1000
2024-07-24 12:31:28 [INFO] correct
2024-07-24 12:31:28 [INFO] 



2024-07-24 12:31:28 [INFO] number id: 74
2024-07-24 12:31:28 [INFO] instruction content:
2024-07-24 12:31:28 [INFO] How many touchdowns were scored in the second half?
2024-07-24 12:32:11 [INFO] final answer: The total number of touchdowns scored in the second half is **4**.
2024-07-24 12:32:11 [INFO] gold answer: 3
2024-07-24 12:32:11 [INFO] incorrect
2024-07-24 12:32:11 [INFO] 



2024-07-24 12:32:11 [INFO] number id: 75
2024-07-24 12:32:11 [INFO] instruction content:
2024-07-24 12:32:11 [INFO] How many points did the Patriots score in the second quarter?
2024-07-24 12:32:42 [INFO] final answer: The Patriots scored 0 points in the second quarter.
2024-07-24 12:32:42 [INFO] gold answer: 7
2024-07-24 12:32:42 [INFO] incorrect
2024-07-24 12:32:42 [INFO] 



2024-07-24 12:32:42 [INFO] number id: 76
2024-07-24 12:32:42 [INFO] instruction content:
2024-07-24 12:32:42 [INFO] How many years did the European Coal and Steel Community exist?
2024-07-24 12:33:15 [INFO] final answer: The European Coal and Steel Community existed for 51 years.
2024-07-24 12:33:15 [INFO] gold answer: 7
2024-07-24 12:33:15 [INFO] incorrect
2024-07-24 12:33:15 [INFO] 



2024-07-24 12:33:15 [INFO] number id: 77
2024-07-24 12:33:15 [INFO] instruction content:
2024-07-24 12:33:15 [INFO] How many points did the Texans win by?
2024-07-24 12:33:43 [INFO] final answer: The Texans won by 20 points.
2024-07-24 12:33:43 [INFO] gold answer: 10
2024-07-24 12:33:43 [INFO] incorrect
2024-07-24 12:33:43 [INFO] 



2024-07-24 12:33:43 [INFO] number id: 78
2024-07-24 12:33:43 [INFO] instruction content:
2024-07-24 12:33:43 [INFO] How many years the lifetime of the Kingdom of Kurdistan?
2024-07-24 12:34:13 [INFO] final answer: The Kingdom of Kurdistan existed for 1 year and 10 months.
2024-07-24 12:34:13 [INFO] gold answer: 2
2024-07-24 12:34:13 [INFO] incorrect
2024-07-24 12:34:13 [INFO] 



2024-07-24 12:34:13 [INFO] number id: 79
2024-07-24 12:34:13 [INFO] instruction content:
2024-07-24 12:34:13 [INFO] How many percent of the student population are not Louisiana residents?
2024-07-24 12:35:01 [INFO] final answer: The percentage of students who are not Louisiana residents is 14.9%.
2024-07-24 12:35:01 [INFO] gold answer: 15
2024-07-24 12:35:01 [INFO] incorrect
2024-07-24 12:35:01 [INFO] 



2024-07-24 12:35:01 [INFO] number id: 80
2024-07-24 12:35:01 [INFO] instruction content:
2024-07-24 12:35:01 [INFO] How many points did the Bears win over the Vikings?
2024-07-24 12:35:31 [INFO] final answer: The Bears won over the Vikings by 10 points.
2024-07-24 12:35:31 [INFO] gold answer: 10
2024-07-24 12:35:31 [INFO] correct
2024-07-24 12:35:31 [INFO] 



2024-07-24 12:35:31 [INFO] number id: 81
2024-07-24 12:35:31 [INFO] instruction content:
2024-07-24 12:35:31 [INFO] How many more Navy and Marine personnel were there than civilians?
2024-07-24 12:36:37 [INFO] final answer: The final answer is: There are 10,300 more Navy and Marine personnel than civilians.
2024-07-24 12:36:37 [INFO] gold answer: 10300
2024-07-24 12:36:37 [INFO] correct
2024-07-24 12:36:37 [INFO] 



2024-07-24 12:36:37 [INFO] number id: 82
2024-07-24 12:36:37 [INFO] instruction content:
2024-07-24 12:36:37 [INFO] Roughly how many years was the 1917 Constitution in place before it was reformed?
2024-07-24 12:37:08 [INFO] final answer: The 1917 Constitution was in place for approximately 75 years before it was reformed.
2024-07-24 12:37:08 [INFO] gold answer: 73
2024-07-24 12:37:08 [INFO] incorrect
2024-07-24 12:37:08 [INFO] 



2024-07-24 12:37:08 [INFO] number id: 83
2024-07-24 12:37:08 [INFO] instruction content:
2024-07-24 12:37:08 [INFO] How many months after the appointments to Ministry had the Tsar confirmed his promise to the people and their representatives?
2024-07-24 12:37:46 [INFO] final answer: The final answer is 4 months.
2024-07-24 12:37:46 [INFO] gold answer: 5
2024-07-24 12:37:46 [INFO] incorrect
2024-07-24 12:37:46 [INFO] 



2024-07-24 12:37:46 [INFO] number id: 84
2024-07-24 12:37:46 [INFO] instruction content:
2024-07-24 12:37:46 [INFO] How many territorial holdings were enlarged during the Treaty of London?
2024-07-24 12:38:27 [INFO] final answer: The total number of territorial holdings that were enlarged during the Treaty of London is four.
2024-07-24 12:38:27 [INFO] gold answer: 4
2024-07-24 12:38:27 [INFO] correct
2024-07-24 12:38:27 [INFO] 



2024-07-24 12:38:27 [INFO] number id: 85
2024-07-24 12:38:27 [INFO] instruction content:
2024-07-24 12:38:27 [INFO] How many cities did the Siamese capture?
2024-07-24 12:39:07 [INFO] final answer: The total number of distinct cities captured by the Siamese is 2.
2024-07-24 12:39:07 [INFO] gold answer: 2
2024-07-24 12:39:07 [INFO] correct
2024-07-24 12:39:07 [INFO] 



2024-07-24 12:39:07 [INFO] number id: 86
2024-07-24 12:39:07 [INFO] instruction content:
2024-07-24 12:39:07 [INFO] How many countries were involved on teh Azov campaign?
2024-07-24 12:39:48 [INFO] final answer: 2
2024-07-24 12:39:48 [INFO] gold answer: 1
2024-07-24 12:39:48 [INFO] incorrect
2024-07-24 12:39:48 [INFO] 



2024-07-24 12:39:48 [INFO] number id: 87
2024-07-24 12:39:48 [INFO] instruction content:
2024-07-24 12:39:48 [INFO] How many touchdown passes did Manning throw in the first quarter?
2024-07-24 12:40:13 [INFO] final answer: Eli Manning threw 1 touchdown pass in the first quarter.
2024-07-24 12:40:13 [INFO] gold answer: 1
2024-07-24 12:40:13 [INFO] correct
2024-07-24 12:40:13 [INFO] 



2024-07-24 12:40:13 [INFO] number id: 88
2024-07-24 12:40:13 [INFO] instruction content:
2024-07-24 12:40:13 [INFO] How many touchdowns were scored in the game?
2024-07-24 12:41:21 [INFO] final answer: 4 touchdowns were scored in the game.
2024-07-24 12:41:21 [INFO] gold answer: 4
2024-07-24 12:41:21 [INFO] correct
2024-07-24 12:41:21 [INFO] 



2024-07-24 12:41:21 [INFO] number id: 89
2024-07-24 12:41:21 [INFO] instruction content:
2024-07-24 12:41:21 [INFO] How many months did it take for the ZWD to drop to 2,000,000 after April 2007?
2024-07-24 12:41:58 [INFO] final answer: The number of months from April 2007 to December 2007 is 8 months.
2024-07-24 12:41:58 [INFO] gold answer: 9
2024-07-24 12:41:58 [INFO] incorrect
2024-07-24 12:41:58 [INFO] 



2024-07-24 12:41:58 [INFO] number id: 90
2024-07-24 12:41:58 [INFO] instruction content:
2024-07-24 12:41:58 [INFO] How many more points did the Broncos score than the Raiders?
2024-07-24 12:42:26 [INFO] final answer: The Broncos scored 6 more points than the Raiders.
2024-07-24 12:42:26 [INFO] gold answer: 6
2024-07-24 12:42:26 [INFO] correct
2024-07-24 12:42:26 [INFO] 



2024-07-24 12:42:26 [INFO] number id: 91
2024-07-24 12:42:26 [INFO] instruction content:
2024-07-24 12:42:26 [INFO] How many times had these tow teams tied?
2024-07-24 12:43:18 [INFO] final answer: The two teams have tied 1 time.
2024-07-24 12:43:18 [INFO] gold answer: 1
2024-07-24 12:43:18 [INFO] correct
2024-07-24 12:43:18 [INFO] 



2024-07-24 12:43:18 [INFO] number id: 92
2024-07-24 12:43:18 [INFO] instruction content:
2024-07-24 12:43:18 [INFO] How many years was it from the first time Romania entered World War I, to the time they re-entered the war?
2024-07-24 12:43:47 [INFO] final answer: 2 years.
2024-07-24 12:43:47 [INFO] gold answer: 2
2024-07-24 12:43:47 [INFO] correct
2024-07-24 12:43:47 [INFO] 



2024-07-24 12:43:47 [INFO] number id: 93
2024-07-24 12:43:47 [INFO] instruction content:
2024-07-24 12:43:47 [INFO] How many years passed between the two treaties between Venice and Vladislaus II?
2024-07-24 12:44:17 [INFO] final answer: The final answer is 2 years.
2024-07-24 12:44:17 [INFO] gold answer: 2
2024-07-24 12:44:17 [INFO] correct
2024-07-24 12:44:17 [INFO] 



2024-07-24 12:44:17 [INFO] number id: 94
2024-07-24 12:44:17 [INFO] instruction content:
2024-07-24 12:44:17 [INFO] How many people did the Nazis exterminate in total?
2024-07-24 12:45:09 [INFO] final answer: Total estimated victims: 16.3 million.
2024-07-24 12:45:09 [INFO] gold answer: 6700000
2024-07-24 12:45:09 [INFO] incorrect
2024-07-24 12:45:09 [INFO] 



2024-07-24 12:45:09 [INFO] number id: 95
2024-07-24 12:45:09 [INFO] instruction content:
2024-07-24 12:45:09 [INFO] How many times have the raiders won in Baltimore?
2024-07-24 12:45:45 [INFO] final answer: The Raiders have won 0 times in Baltimore.
2024-07-24 12:45:45 [INFO] gold answer: 1
2024-07-24 12:45:45 [INFO] incorrect
2024-07-24 12:45:45 [INFO] 



2024-07-24 12:45:45 [INFO] number id: 96
2024-07-24 12:45:45 [INFO] instruction content:
2024-07-24 12:45:45 [INFO] How many things left resentment among some of the population?
2024-07-24 12:46:53 [INFO] final answer: 5.
2024-07-24 12:46:53 [INFO] gold answer: 2
2024-07-24 12:46:53 [INFO] incorrect
2024-07-24 12:46:53 [INFO] 



2024-07-24 12:46:53 [INFO] number id: 97
2024-07-24 12:46:53 [INFO] instruction content:
2024-07-24 12:46:53 [INFO] How many years did these events span for?
2024-07-24 12:47:51 [INFO] final answer: 32 years.
2024-07-24 12:47:51 [INFO] gold answer: 31
2024-07-24 12:47:51 [INFO] incorrect
2024-07-24 12:47:51 [INFO] 



2024-07-24 12:47:51 [INFO] number id: 98
2024-07-24 12:47:51 [INFO] instruction content:
2024-07-24 12:47:51 [INFO] How many yards was the longest touchdown pass?
2024-07-24 12:48:25 [INFO] final answer: The longest touchdown pass was 87 yards.
2024-07-24 12:48:25 [INFO] gold answer: 87
2024-07-24 12:48:25 [INFO] correct
2024-07-24 12:48:25 [INFO] 



2024-07-24 12:48:25 [INFO] number id: 99
2024-07-24 12:48:25 [INFO] instruction content:
2024-07-24 12:48:25 [INFO] How many field goals did Bironas kick?
2024-07-24 12:48:57 [INFO] final answer: 3 field goals.
2024-07-24 12:48:57 [INFO] gold answer: 2
2024-07-24 12:48:57 [INFO] incorrect
2024-07-24 12:48:57 [INFO] correct_Q: 57
2024-07-24 12:48:57 [INFO] error_Q: 0
2024-07-24 12:48:57 [INFO] incorrect_Q: 43
2024-07-24 12:48:57 [INFO] sum_Q: 100
