2024-07-24 10:38:13 [INFO] 



2024-07-24 10:38:13 [INFO] number id: 0
2024-07-24 10:38:13 [INFO] instruction content:
2024-07-24 10:38:13 [INFO] How many points did the buccaneers need to tie in the first?
2024-07-24 10:39:01 [INFO] final answer: The Buccaneers needed 3 more points to tie the game in the first.
2024-07-24 10:39:01 [INFO] gold answer: 3
2024-07-24 10:39:01 [INFO] correct
2024-07-24 10:39:01 [INFO] 



2024-07-24 10:39:01 [INFO] number id: 1
2024-07-24 10:39:01 [INFO] instruction content:
2024-07-24 10:39:01 [INFO] How many games had the Bills won before this game?
2024-07-24 10:39:29 [INFO] final answer: The Bills had won 1 game before this specific game.
2024-07-24 10:39:29 [INFO] gold answer: 0
2024-07-24 10:39:29 [INFO] incorrect
2024-07-24 10:39:29 [INFO] 



2024-07-24 10:39:29 [INFO] number id: 2
2024-07-24 10:39:29 [INFO] instruction content:
2024-07-24 10:39:29 [INFO] How many years before Navarrase used the captivity of John II?
2024-07-24 10:40:00 [INFO] final answer: Final Answer: 7 years.
2024-07-24 10:40:00 [INFO] gold answer: 9
2024-07-24 10:40:00 [INFO] incorrect
2024-07-24 10:40:00 [INFO] 



2024-07-24 10:40:00 [INFO] number id: 3
2024-07-24 10:40:00 [INFO] instruction content:
2024-07-24 10:40:00 [INFO] How many more people were there than families?
2024-07-24 10:40:30 [INFO] final answer: 219,590
2024-07-24 10:40:30 [INFO] gold answer: 158203
2024-07-24 10:40:30 [INFO] incorrect
2024-07-24 10:40:30 [INFO] 



2024-07-24 10:40:30 [INFO] number id: 4
2024-07-24 10:40:30 [INFO] instruction content:
2024-07-24 10:40:30 [INFO] How many Mongol prefectures were established due to the rebellion in 1258?
2024-07-24 10:41:21 [INFO] final answer: Sub-problem: Determine how many Mongol prefectures were established due to the rebellion in 1258.
Answer: 2.prefectures were established by the Mongols in response to the rebellion in 1258.
2024-07-24 10:41:21 [INFO] gold answer: 2
2024-07-24 10:41:21 [INFO] correct
2024-07-24 10:41:21 [INFO] 



2024-07-24 10:41:21 [INFO] number id: 5
2024-07-24 10:41:21 [INFO] instruction content:
2024-07-24 10:41:21 [INFO] How many points did each team have at halftime?
2024-07-24 10:41:57 [INFO] final answer: The total points at halftime were 19.
2024-07-24 10:41:57 [INFO] gold answer: 14
2024-07-24 10:41:57 [INFO] incorrect
2024-07-24 10:41:57 [INFO] 



2024-07-24 10:41:57 [INFO] number id: 6
2024-07-24 10:41:57 [INFO] instruction content:
2024-07-24 10:41:57 [INFO] How many touchdowns did Philip Rivers throw in the first quarter?
2024-07-24 10:42:12 [INFO] final answer: The final answer is: **Philip Rivers threw 2 touchdowns in the first quarter**.
2024-07-24 10:42:12 [INFO] gold answer: 2
2024-07-24 10:42:12 [INFO] correct
2024-07-24 10:42:12 [INFO] 



2024-07-24 10:42:12 [INFO] number id: 7
2024-07-24 10:42:12 [INFO] instruction content:
2024-07-24 10:42:12 [INFO] how many points did new orleans defeat tampa by?
2024-07-24 10:42:41 [INFO] final answer: The New Orleans Saints defeated the Tampa Bay Buccaneers by 7 points.
2024-07-24 10:42:41 [INFO] gold answer: 24
2024-07-24 10:42:41 [INFO] incorrect
2024-07-24 10:42:41 [INFO] 



2024-07-24 10:42:41 [INFO] number id: 8
2024-07-24 10:42:41 [INFO] instruction content:
2024-07-24 10:42:41 [INFO] How many points were the Cowboy's trailing at halftime?
2024-07-24 10:43:15 [INFO] final answer: The Cowboys were trailing by 15 points at halftime.
2024-07-24 10:43:15 [INFO] gold answer: 11
2024-07-24 10:43:15 [INFO] incorrect
2024-07-24 10:43:15 [INFO] 



2024-07-24 10:43:15 [INFO] number id: 9
2024-07-24 10:43:15 [INFO] instruction content:
2024-07-24 10:43:15 [INFO] How many is the difference in the yards of the TD pass to Miller and the yards of the TD pass to Ward?
2024-07-24 10:43:43 [INFO] final answer: The difference in yards of the TD pass to Miller and the TD pass to Ward is 44 yards.
2024-07-24 10:43:43 [INFO] gold answer: 34
2024-07-24 10:43:43 [INFO] incorrect
2024-07-24 10:43:43 [INFO] 



2024-07-24 10:43:43 [INFO] number id: 10
2024-07-24 10:43:43 [INFO] instruction content:
2024-07-24 10:43:43 [INFO] How many years span these events?
2024-07-24 10:44:34 [INFO] final answer: Sub-problem: Subtract the result from step 4 from the current year to determine the number of years spanned by these events.
Answer: 2016
2024-07-24 10:44:34 [INFO] gold answer: 1
2024-07-24 10:44:34 [INFO] incorrect
2024-07-24 10:44:34 [INFO] 



2024-07-24 10:44:34 [INFO] number id: 11
2024-07-24 10:44:34 [INFO] instruction content:
2024-07-24 10:44:34 [INFO] How many field goals did both teams kick before halftime?
2024-07-24 10:45:03 [INFO] final answer: The total number of field goals kicked by both teams before halftime is 4.
2024-07-24 10:45:03 [INFO] gold answer: 2
2024-07-24 10:45:03 [INFO] incorrect
2024-07-24 10:45:03 [INFO] 



2024-07-24 10:45:03 [INFO] number id: 12
2024-07-24 10:45:03 [INFO] instruction content:
2024-07-24 10:45:03 [INFO] How many times have the Bears played the Packers?
2024-07-24 10:45:30 [INFO] final answer: The total number of times the Bears have played the Packers is 191.
2024-07-24 10:45:30 [INFO] gold answer: 189
2024-07-24 10:45:30 [INFO] incorrect
2024-07-24 10:45:30 [INFO] 



2024-07-24 10:45:30 [INFO] number id: 13
2024-07-24 10:45:30 [INFO] instruction content:
2024-07-24 10:45:30 [INFO] How many point lead did the Seahawks start the game with?
2024-07-24 10:46:11 [INFO] final answer: The difference between the initial scores of the Seahawks and the opposing team at the start of the game was 18 points.
2024-07-24 10:46:11 [INFO] gold answer: 17
2024-07-24 10:46:11 [INFO] incorrect
2024-07-24 10:46:11 [INFO] 



2024-07-24 10:46:11 [INFO] number id: 14
2024-07-24 10:46:11 [INFO] instruction content:
2024-07-24 10:46:11 [INFO] How many losses do the Lions have?
2024-07-24 10:46:45 [INFO] final answer: The total number of losses the Lions have is 1.
2024-07-24 10:46:45 [INFO] gold answer: 1
2024-07-24 10:46:45 [INFO] correct
2024-07-24 10:46:45 [INFO] 



2024-07-24 10:46:45 [INFO] number id: 15
2024-07-24 10:46:45 [INFO] instruction content:
2024-07-24 10:46:45 [INFO] How many losses did the Rams have in week 8?
2024-07-24 10:47:12 [INFO] final answer: The number of losses the Rams had in week 8 is 1.
2024-07-24 10:47:12 [INFO] gold answer: 3
2024-07-24 10:47:12 [INFO] incorrect
2024-07-24 10:47:12 [INFO] 



2024-07-24 10:47:12 [INFO] number id: 16
2024-07-24 10:47:12 [INFO] instruction content:
2024-07-24 10:47:12 [INFO] How many touchdown passes did Tom Brady have in total?
2024-07-24 10:47:30 [INFO] final answer: Final Answer: 4 touchdown passes.
2024-07-24 10:47:30 [INFO] gold answer: 4
2024-07-24 10:47:30 [INFO] correct
2024-07-24 10:47:30 [INFO] 



2024-07-24 10:47:30 [INFO] number id: 17
2024-07-24 10:47:30 [INFO] instruction content:
2024-07-24 10:47:30 [INFO] How many people was the gap in the target and the number of volunteers who enlisted?
2024-07-24 10:48:02 [INFO] final answer: The gap in the target and the number of volunteers who enlisted was 927,000 - 73,000 = 854,000 people.
2024-07-24 10:48:02 [INFO] gold answer: 927000
2024-07-24 10:48:02 [INFO] incorrect
2024-07-24 10:48:02 [INFO] 



2024-07-24 10:48:02 [INFO] number id: 18
2024-07-24 10:48:02 [INFO] instruction content:
2024-07-24 10:48:02 [INFO] How many times did the Browns lose opening games in a row?
2024-07-24 10:48:36 [INFO] final answer: The total number of consecutive opening game losses for the Browns is 13.
2024-07-24 10:48:36 [INFO] gold answer: 13
2024-07-24 10:48:36 [INFO] correct
2024-07-24 10:48:36 [INFO] 



2024-07-24 10:48:36 [INFO] number id: 19
2024-07-24 10:48:36 [INFO] instruction content:
2024-07-24 10:48:36 [INFO] How many captives were taken when the Tartars raided southern Muscovy?
2024-07-24 10:49:03 [INFO] final answer: The total number of captives taken by the Tartars during the raid was 10,000.
2024-07-24 10:49:03 [INFO] gold answer: 10000
2024-07-24 10:49:03 [INFO] correct
2024-07-24 10:49:03 [INFO] 



2024-07-24 10:49:03 [INFO] number id: 20
2024-07-24 10:49:03 [INFO] instruction content:
2024-07-24 10:49:03 [INFO] How many years between the Dutch invasion in 1624 of the state of Brazil and the return which resulted in the establishment of New Holland?
2024-07-24 10:49:35 [INFO] final answer: 6 years
2024-07-24 10:49:35 [INFO] gold answer: 5
2024-07-24 10:49:35 [INFO] incorrect
2024-07-24 10:49:35 [INFO] 



2024-07-24 10:49:35 [INFO] number id: 21
2024-07-24 10:49:35 [INFO] instruction content:
2024-07-24 10:49:35 [INFO] How many days had passed from when SCDOT announced its preferred routing of I-73 between Myrtle Beach and Interstate 95 in South Carolina until alternative corridors were formally announced to the public?
2024-07-24 10:50:05 [INFO] final answer: The number of days from when SCDOT announced its preferred routing of I-73 between Myrtle Beach and Interstate 95 in South Carolina until alternative corridors were formally announced to the public is 100 days.
2024-07-24 10:50:05 [INFO] gold answer: 100
2024-07-24 10:50:05 [INFO] correct
2024-07-24 10:50:05 [INFO] 



2024-07-24 10:50:05 [INFO] number id: 22
2024-07-24 10:50:05 [INFO] instruction content:
2024-07-24 10:50:05 [INFO] how many yards did gore score the first half?
2024-07-24 10:50:22 [INFO] final answer: Final Answer: 148 yards
2024-07-24 10:50:22 [INFO] gold answer: 61
2024-07-24 10:50:22 [INFO] incorrect
2024-07-24 10:50:22 [INFO] 



2024-07-24 10:50:22 [INFO] number id: 23
2024-07-24 10:50:22 [INFO] instruction content:
2024-07-24 10:50:22 [INFO] How many TD passes did Stafford throw other than to Jhonson?
2024-07-24 10:50:50 [INFO] final answer: The number of TD passes Stafford threw other than to Johnson is 2.
2024-07-24 10:50:50 [INFO] gold answer: 2
2024-07-24 10:50:50 [INFO] correct
2024-07-24 10:50:50 [INFO] 



2024-07-24 10:50:50 [INFO] number id: 24
2024-07-24 10:50:50 [INFO] instruction content:
2024-07-24 10:50:50 [INFO] How many points were scored in the fourth quarter?
2024-07-24 10:51:27 [INFO] final answer: The total number of points scored in the fourth quarter is 0 points.
2024-07-24 10:51:27 [INFO] gold answer: 0
2024-07-24 10:51:27 [INFO] correct
2024-07-24 10:51:27 [INFO] 



2024-07-24 10:51:27 [INFO] number id: 25
2024-07-24 10:51:27 [INFO] instruction content:
2024-07-24 10:51:27 [INFO] How many more points did Raiders score at the end?
2024-07-24 10:51:56 [INFO] final answer: Final Answer: Raiders scored 9 more points at the end.
2024-07-24 10:51:56 [INFO] gold answer: 1
2024-07-24 10:51:56 [INFO] incorrect
2024-07-24 10:51:56 [INFO] 



2024-07-24 10:51:56 [INFO] number id: 26
2024-07-24 10:51:56 [INFO] instruction content:
2024-07-24 10:51:56 [INFO] How many field goals did the Bear's get in the first half?
2024-07-24 10:52:36 [INFO] final answer: The Bears made 2 field goals in the first half.
2024-07-24 10:52:36 [INFO] gold answer: 2
2024-07-24 10:52:36 [INFO] correct
2024-07-24 10:52:36 [INFO] 



2024-07-24 10:52:36 [INFO] number id: 27
2024-07-24 10:52:36 [INFO] instruction content:
2024-07-24 10:52:36 [INFO] How many yards was the shortest touchdown scoring play?
2024-07-24 10:52:59 [INFO] final answer: The touchdown scoring play was for 1 yard.
2024-07-24 10:52:59 [INFO] gold answer: 1
2024-07-24 10:52:59 [INFO] correct
2024-07-24 10:52:59 [INFO] 



2024-07-24 10:52:59 [INFO] number id: 28
2024-07-24 10:52:59 [INFO] instruction content:
2024-07-24 10:52:59 [INFO] How many points were scored in total by the end of the first quarter?
2024-07-24 10:53:27 [INFO] final answer: The final answer is 7 points.
2024-07-24 10:53:27 [INFO] gold answer: 3
2024-07-24 10:53:27 [INFO] incorrect
2024-07-24 10:53:27 [INFO] 



2024-07-24 10:53:27 [INFO] number id: 29
2024-07-24 10:53:27 [INFO] instruction content:
2024-07-24 10:53:27 [INFO] How many more percentage points in India's economy is Basmati rice over their agricultural exports?
2024-07-24 10:54:01 [INFO] final answer: Sub-problem-Id: 2; Sub-problem: Find the difference between the percentage of Basmati rice and the percentage of agricultural exports; Answer: 850.14%
2024-07-24 10:54:01 [INFO] gold answer: 53
2024-07-24 10:54:01 [INFO] incorrect
2024-07-24 10:54:01 [INFO] 



2024-07-24 10:54:01 [INFO] number id: 30
2024-07-24 10:54:01 [INFO] instruction content:
2024-07-24 10:54:01 [INFO] How many years after the fortifications were built were they levelled by Parliment?
2024-07-24 10:54:29 [INFO] final answer: Final Answer:  The fortifications were levelled by Parliament 4 years after they were built.
2024-07-24 10:54:29 [INFO] gold answer: 5
2024-07-24 10:54:29 [INFO] incorrect
2024-07-24 10:54:29 [INFO] 



2024-07-24 10:54:29 [INFO] number id: 31
2024-07-24 10:54:29 [INFO] instruction content:
2024-07-24 10:54:29 [INFO] How many yards was Akers' longest field goal?
2024-07-24 10:54:45 [INFO] final answer: Final Answer: 42 yards
2024-07-24 10:54:45 [INFO] gold answer: 42
2024-07-24 10:54:45 [INFO] correct
2024-07-24 10:54:45 [INFO] 



2024-07-24 10:54:45 [INFO] number id: 32
2024-07-24 10:54:45 [INFO] instruction content:
2024-07-24 10:54:45 [INFO] How many more people lived in Kabuls by 1878 compared to 1700?
2024-07-24 10:55:14 [INFO] final answer: The difference in population in Kabul between 1878 and 1700 is 55,000.
2024-07-24 10:55:14 [INFO] gold answer: 55000
2024-07-24 10:55:14 [INFO] correct
2024-07-24 10:55:14 [INFO] 



2024-07-24 10:55:14 [INFO] number id: 33
2024-07-24 10:55:14 [INFO] instruction content:
2024-07-24 10:55:14 [INFO] How many times did the Broncos turn the ball over?
2024-07-24 10:56:16 [INFO] final answer: The impact of turnovers on the Broncos' overall performance throughout the season was significant, with an average of 0.714 turnovers per game and a specific game where they turned the ball over five times while their opponents did not commit any turnovers.
2024-07-24 10:56:16 [INFO] gold answer: 5
2024-07-24 10:56:16 [INFO] incorrect
2024-07-24 10:56:16 [INFO] 



2024-07-24 10:56:16 [INFO] number id: 34
2024-07-24 10:56:16 [INFO] instruction content:
2024-07-24 10:56:16 [INFO] How many months had passed from when the Kiev Uprising began to when Rada declared Ukrainian independence
2024-07-24 10:56:44 [INFO] final answer: The number of months between the Kiev Uprising and the declaration of Ukrainian independence is 2 months.
2024-07-24 10:56:44 [INFO] gold answer: 2
2024-07-24 10:56:44 [INFO] correct
2024-07-24 10:56:44 [INFO] 



2024-07-24 10:56:44 [INFO] number id: 35
2024-07-24 10:56:44 [INFO] instruction content:
2024-07-24 10:56:44 [INFO] Between British blockading of French ports in 1755 and formal declarations of war in the following spring, how many years separated these events?
2024-07-24 10:57:12 [INFO] final answer: The difference in years between the British blockading of French ports in 1755 and the formal declarations of war in the following spring is 1 year.
2024-07-24 10:57:12 [INFO] gold answer: 1
2024-07-24 10:57:12 [INFO] correct
2024-07-24 10:57:12 [INFO] 



2024-07-24 10:57:12 [INFO] number id: 36
2024-07-24 10:57:12 [INFO] instruction content:
2024-07-24 10:57:12 [INFO] How many yards longer was Vincent Jackson's touchdown pass compared to Nate Byham's?
2024-07-24 10:57:40 [INFO] final answer: The final answer is 21 yards.
2024-07-24 10:57:40 [INFO] gold answer: 21
2024-07-24 10:57:40 [INFO] correct
2024-07-24 10:57:40 [INFO] 



2024-07-24 10:57:40 [INFO] number id: 37
2024-07-24 10:57:40 [INFO] instruction content:
2024-07-24 10:57:40 [INFO] How many months after concluding peace did Uroš III surrender?
2024-07-24 10:58:07 [INFO] final answer: The final answer is 4 months.
2024-07-24 10:58:07 [INFO] gold answer: 4
2024-07-24 10:58:07 [INFO] correct
2024-07-24 10:58:07 [INFO] 



2024-07-24 10:58:07 [INFO] number id: 38
2024-07-24 10:58:07 [INFO] instruction content:
2024-07-24 10:58:07 [INFO] How many other localities of colonial Chile were also made ready for English attack?
2024-07-24 10:58:32 [INFO] final answer: Final Answer: 4
2024-07-24 10:58:32 [INFO] gold answer: 4
2024-07-24 10:58:32 [INFO] correct
2024-07-24 10:58:32 [INFO] 



2024-07-24 10:58:32 [INFO] number id: 39
2024-07-24 10:58:32 [INFO] instruction content:
2024-07-24 10:58:32 [INFO] How many years old was the average person?
2024-07-24 10:59:01 [INFO] final answer: The age of the average person is 39 years old.
2024-07-24 10:59:01 [INFO] gold answer: 39
2024-07-24 10:59:01 [INFO] correct
2024-07-24 10:59:01 [INFO] 



2024-07-24 10:59:01 [INFO] number id: 40
2024-07-24 10:59:01 [INFO] instruction content:
2024-07-24 10:59:01 [INFO] How many days after Mehmed starting bombarding the city walls did the seige begin?
2024-07-24 10:59:30 [INFO] final answer: The siege began 5 days after Mehmed started bombarding the city walls.
2024-07-24 10:59:30 [INFO] gold answer: 5
2024-07-24 10:59:30 [INFO] correct
2024-07-24 10:59:30 [INFO] 



2024-07-24 10:59:30 [INFO] number id: 41
2024-07-24 10:59:30 [INFO] instruction content:
2024-07-24 10:59:30 [INFO] How many field goals were made from a distance of more than 40 yards?
2024-07-24 10:59:56 [INFO] final answer: Final Answer: 2
2024-07-24 10:59:56 [INFO] gold answer: 1
2024-07-24 10:59:56 [INFO] incorrect
2024-07-24 10:59:56 [INFO] 



2024-07-24 10:59:56 [INFO] number id: 42
2024-07-24 10:59:56 [INFO] instruction content:
2024-07-24 10:59:56 [INFO] How many passes did Steve Breaston receive?
2024-07-24 11:00:29 [INFO] final answer: The final answer is 1.
2024-07-24 11:00:29 [INFO] gold answer: 1
2024-07-24 11:00:29 [INFO] correct
2024-07-24 11:00:29 [INFO] 



2024-07-24 11:00:29 [INFO] number id: 43
2024-07-24 11:00:29 [INFO] instruction content:
2024-07-24 11:00:29 [INFO] How many turnovers did the Jaguars have in the third quarter?
2024-07-24 11:01:09 [INFO] final answer: The Jacksonville Jaguars had 0 turnovers in the third quarter.
2024-07-24 11:01:09 [INFO] gold answer: 2
2024-07-24 11:01:09 [INFO] incorrect
2024-07-24 11:01:09 [INFO] 



2024-07-24 11:01:09 [INFO] number id: 44
2024-07-24 11:01:09 [INFO] instruction content:
2024-07-24 11:01:09 [INFO] How many years did the regions remain in revolt after the Treaty of Fez?
2024-07-24 11:01:36 [INFO] final answer: Final Answer: The regions remained in revolt for 22 years after the Treaty of Fez was signed.
2024-07-24 11:01:36 [INFO] gold answer: 22
2024-07-24 11:01:36 [INFO] correct
2024-07-24 11:01:36 [INFO] 



2024-07-24 11:01:36 [INFO] number id: 45
2024-07-24 11:01:36 [INFO] instruction content:
2024-07-24 11:01:36 [INFO] How many interceptions were there?
2024-07-24 11:02:17 [INFO] final answer: The total number of interceptions made by the defense is 1.
2024-07-24 11:02:17 [INFO] gold answer: 2
2024-07-24 11:02:17 [INFO] incorrect
2024-07-24 11:02:17 [INFO] 



2024-07-24 11:02:17 [INFO] number id: 46
2024-07-24 11:02:17 [INFO] instruction content:
2024-07-24 11:02:17 [INFO] How many touchdowns did both quarterbacks have?
2024-07-24 11:02:47 [INFO] final answer: Final Answer: 7 touchdowns.
2024-07-24 11:02:47 [INFO] gold answer: 3
2024-07-24 11:02:47 [INFO] incorrect
2024-07-24 11:02:47 [INFO] 



2024-07-24 11:02:47 [INFO] number id: 47
2024-07-24 11:02:47 [INFO] instruction content:
2024-07-24 11:02:47 [INFO] How many points did the Redskins beat the 2007 Detroit Lions by?
2024-07-24 11:03:16 [INFO] final answer: The Redskins beat the 2007 Detroit Lions by 31 points.
2024-07-24 11:03:16 [INFO] gold answer: 31
2024-07-24 11:03:16 [INFO] correct
2024-07-24 11:03:16 [INFO] 



2024-07-24 11:03:16 [INFO] number id: 48
2024-07-24 11:03:16 [INFO] instruction content:
2024-07-24 11:03:16 [INFO] How many different years are mentioned on the Tym co za Polskość Gdańska monument?
2024-07-24 11:03:33 [INFO] final answer: The final answer is **four** different years mentioned on the Tym co za Polskość Gdańska monument.
2024-07-24 11:03:33 [INFO] gold answer: 4
2024-07-24 11:03:33 [INFO] correct
2024-07-24 11:03:33 [INFO] 



2024-07-24 11:03:33 [INFO] number id: 49
2024-07-24 11:03:33 [INFO] instruction content:
2024-07-24 11:03:33 [INFO] How many points did Denver lead by at halftime?
2024-07-24 11:04:02 [INFO] final answer: The Denver Broncos led by 6 points at halftime.
2024-07-24 11:04:02 [INFO] gold answer: 14
2024-07-24 11:04:02 [INFO] incorrect
2024-07-24 11:04:02 [INFO] 



2024-07-24 11:04:02 [INFO] number id: 50
2024-07-24 11:04:02 [INFO] instruction content:
2024-07-24 11:04:02 [INFO] How many games behind first place in the division were the Bears?
2024-07-24 11:04:56 [INFO] final answer: The final answer is: The Bears were 2 games behind first place in the division.
2024-07-24 11:04:56 [INFO] gold answer: 4
2024-07-24 11:04:56 [INFO] incorrect
2024-07-24 11:04:56 [INFO] 



2024-07-24 11:04:56 [INFO] number id: 51
2024-07-24 11:04:56 [INFO] instruction content:
2024-07-24 11:04:56 [INFO] How many points were the Ravens trailing by at half time?
2024-07-24 11:05:24 [INFO] final answer: The Ravens were trailing by 10 points at half time.
2024-07-24 11:05:24 [INFO] gold answer: 10
2024-07-24 11:05:24 [INFO] correct
2024-07-24 11:05:24 [INFO] 



2024-07-24 11:05:24 [INFO] number id: 52
2024-07-24 11:05:24 [INFO] instruction content:
2024-07-24 11:05:24 [INFO] How many years did the Lithuanian Civil War last?
2024-07-24 11:05:51 [INFO] final answer: The Lithuanian Civil War lasted 3 years.
2024-07-24 11:05:51 [INFO] gold answer: 6
2024-07-24 11:05:51 [INFO] incorrect
2024-07-24 11:05:51 [INFO] 



2024-07-24 11:05:51 [INFO] number id: 53
2024-07-24 11:05:51 [INFO] instruction content:
2024-07-24 11:05:51 [INFO] How many more yards was Fortes TD run in the second quarter compared to the one he made in the first quarter
2024-07-24 11:06:19 [INFO] final answer: Final Answer: 34 yards
2024-07-24 11:06:19 [INFO] gold answer: 34
2024-07-24 11:06:19 [INFO] correct
2024-07-24 11:06:19 [INFO] 



2024-07-24 11:06:19 [INFO] number id: 54
2024-07-24 11:06:19 [INFO] instruction content:
2024-07-24 11:06:19 [INFO] How many field goals were missed during the game?
2024-07-24 11:06:53 [INFO] final answer: The number of field goals missed during the game is 2.
2024-07-24 11:06:53 [INFO] gold answer: 0
2024-07-24 11:06:53 [INFO] incorrect
2024-07-24 11:06:53 [INFO] 



2024-07-24 11:06:53 [INFO] number id: 55
2024-07-24 11:06:53 [INFO] instruction content:
2024-07-24 11:06:53 [INFO] How many factors killed 88% of the Maya?
2024-07-24 11:08:25 [INFO] final answer: Sub-problem: Calculate the total number of Maya who died as a result of these factors.
Answer: 52,800 Maya died as a result of these factors.
2024-07-24 11:08:25 [INFO] gold answer: 2
2024-07-24 11:08:25 [INFO] incorrect
2024-07-24 11:08:25 [INFO] 



2024-07-24 11:08:25 [INFO] number id: 56
2024-07-24 11:08:25 [INFO] instruction content:
2024-07-24 11:08:25 [INFO] How many touchdowns did barber score?
2024-07-24 11:08:50 [INFO] final answer: The average number of touchdowns scored by Barber per game is 2.
2024-07-24 11:08:50 [INFO] gold answer: 2
2024-07-24 11:08:50 [INFO] incorrect
2024-07-24 11:08:50 [INFO] 



2024-07-24 11:08:50 [INFO] number id: 57
2024-07-24 11:08:50 [INFO] instruction content:
2024-07-24 11:08:50 [INFO] How many countries signed an Agreement on June 1st, 1922?
2024-07-24 11:09:20 [INFO] final answer: The final answer is 2.
2024-07-24 11:09:20 [INFO] gold answer: 2
2024-07-24 11:09:20 [INFO] correct
2024-07-24 11:09:20 [INFO] 



2024-07-24 11:09:20 [INFO] number id: 58
2024-07-24 11:09:20 [INFO] instruction content:
2024-07-24 11:09:20 [INFO] How many years did tensions grow with shaikh Khazal of Mohammerah?
2024-07-24 11:09:49 [INFO] final answer: The final answer is: 2 years.
2024-07-24 11:09:49 [INFO] gold answer: 2
2024-07-24 11:09:49 [INFO] correct
2024-07-24 11:09:49 [INFO] 



2024-07-24 11:09:49 [INFO] number id: 59
2024-07-24 11:09:49 [INFO] instruction content:
2024-07-24 11:09:49 [INFO] How many times Peyton Manning threw TD pass?
2024-07-24 11:10:22 [INFO] final answer: Final Answer: 3
2024-07-24 11:10:22 [INFO] gold answer: 3
2024-07-24 11:10:22 [INFO] correct
2024-07-24 11:10:22 [INFO] 



2024-07-24 11:10:22 [INFO] number id: 60
2024-07-24 11:10:22 [INFO] instruction content:
2024-07-24 11:10:22 [INFO] How many more tonnes of nickel did Russia produce than Indonesia?
2024-07-24 11:10:48 [INFO] final answer: The final answer is 77,000 tonnes.
2024-07-24 11:10:48 [INFO] gold answer: 77000
2024-07-24 11:10:48 [INFO] correct
2024-07-24 11:10:48 [INFO] 



2024-07-24 11:10:48 [INFO] number id: 61
2024-07-24 11:10:48 [INFO] instruction content:
2024-07-24 11:10:48 [INFO] How many touchdown passes did Brett Favre throw?
2024-07-24 11:11:28 [INFO] final answer: Final Answer: 60 touchdown passes
2024-07-24 11:11:28 [INFO] gold answer: 3
2024-07-24 11:11:28 [INFO] incorrect
2024-07-24 11:11:28 [INFO] 



2024-07-24 11:11:28 [INFO] number id: 62
2024-07-24 11:11:28 [INFO] instruction content:
2024-07-24 11:11:28 [INFO] How many years total did it take Upper Austria to have 62 uprisings?
2024-07-24 11:12:08 [INFO] final answer: The total number of years it took Upper Austria to have 62 uprisings is 493 years.
2024-07-24 11:12:08 [INFO] gold answer: 493
2024-07-24 11:12:08 [INFO] correct
2024-07-24 11:12:08 [INFO] 



2024-07-24 11:12:08 [INFO] number id: 63
2024-07-24 11:12:08 [INFO] instruction content:
2024-07-24 11:12:08 [INFO] How many years old was the average person?
2024-07-24 11:12:38 [INFO] final answer: Final Answer: 56.9
2024-07-24 11:12:38 [INFO] gold answer: 38
2024-07-24 11:12:38 [INFO] incorrect
2024-07-24 11:12:38 [INFO] 



2024-07-24 11:12:38 [INFO] number id: 64
2024-07-24 11:12:38 [INFO] instruction content:
2024-07-24 11:12:38 [INFO] The ratio of Southern Irish Protestants declined from 10% to 3% over how many years?
2024-07-24 11:13:33 [INFO] final answer: The ratio of Southern Irish Protestants declined from 10% to 3% over 7 years.
2024-07-24 11:13:33 [INFO] gold answer: 70
2024-07-24 11:13:33 [INFO] correct
2024-07-24 11:13:33 [INFO] 



2024-07-24 11:13:33 [INFO] number id: 65
2024-07-24 11:13:33 [INFO] instruction content:
2024-07-24 11:13:33 [INFO] How many more forces Tokugawa had than Sanada?
2024-07-24 11:13:56 [INFO] final answer: The final answer is 36,000.
2024-07-24 11:13:56 [INFO] gold answer: 36000
2024-07-24 11:13:56 [INFO] correct
2024-07-24 11:13:56 [INFO] 



2024-07-24 11:13:56 [INFO] number id: 66
2024-07-24 11:13:56 [INFO] instruction content:
2024-07-24 11:13:56 [INFO] How many field goals were made during the first half?
2024-07-24 11:14:28 [INFO] final answer: Final Answer: 2
2024-07-24 11:14:28 [INFO] gold answer: 2
2024-07-24 11:14:28 [INFO] correct
2024-07-24 11:14:28 [INFO] 



2024-07-24 11:14:28 [INFO] number id: 67
2024-07-24 11:14:28 [INFO] instruction content:
2024-07-24 11:14:28 [INFO] In 1860 how many people in Singapore were not Chinese?
2024-07-24 11:14:56 [INFO] final answer: 40,000
2024-07-24 11:14:56 [INFO] gold answer: 40000
2024-07-24 11:14:56 [INFO] incorrect
2024-07-24 11:14:56 [INFO] 



2024-07-24 11:14:56 [INFO] number id: 68
2024-07-24 11:14:56 [INFO] instruction content:
2024-07-24 11:14:56 [INFO] How many field goals were kicked?
2024-07-24 11:15:40 [INFO] final answer: The total number of field goals kicked in the game was 2.
2024-07-24 11:15:40 [INFO] gold answer: 2
2024-07-24 11:15:40 [INFO] correct
2024-07-24 11:15:40 [INFO] 



2024-07-24 11:15:40 [INFO] number id: 69
2024-07-24 11:15:40 [INFO] instruction content:
2024-07-24 11:15:40 [INFO] How many passes did Heap receive?
2024-07-24 11:16:10 [INFO] final answer: The final answer is 2.
2024-07-24 11:16:10 [INFO] gold answer: 1
2024-07-24 11:16:10 [INFO] incorrect
2024-07-24 11:16:10 [INFO] 



2024-07-24 11:16:10 [INFO] number id: 70
2024-07-24 11:16:10 [INFO] instruction content:
2024-07-24 11:16:10 [INFO] How many points was the former amount after the 34 yard field goal was made?
2024-07-24 11:16:35 [INFO] final answer: The difference in points between the two amounts is 3.
2024-07-24 11:16:35 [INFO] gold answer: 3
2024-07-24 11:16:35 [INFO] incorrect
2024-07-24 11:16:35 [INFO] 



2024-07-24 11:16:35 [INFO] number id: 71
2024-07-24 11:16:35 [INFO] instruction content:
2024-07-24 11:16:35 [INFO] How many field goals did Carney make?
2024-07-24 11:17:00 [INFO] final answer: Carney made a total of 4 field goals.
2024-07-24 11:17:00 [INFO] gold answer: 4
2024-07-24 11:17:00 [INFO] incorrect
2024-07-24 11:17:00 [INFO] 



2024-07-24 11:17:00 [INFO] number id: 72
2024-07-24 11:17:00 [INFO] instruction content:
2024-07-24 11:17:00 [INFO] How many touchdowns were scored in the game?
2024-07-24 11:17:40 [INFO] final answer: The total number of touchdowns scored in the game is 3.
2024-07-24 11:17:40 [INFO] gold answer: 3
2024-07-24 11:17:40 [INFO] correct
2024-07-24 11:17:40 [INFO] 



2024-07-24 11:17:40 [INFO] number id: 73
2024-07-24 11:17:40 [INFO] instruction content:
2024-07-24 11:17:40 [INFO] In the invasion of Kandy, how many of the invading troops were from Portugal?
2024-07-24 11:18:11 [INFO] final answer: Final Answer: 19,447 troops were not from Portugal.
2024-07-24 11:18:11 [INFO] gold answer: 1000
2024-07-24 11:18:11 [INFO] incorrect
2024-07-24 11:18:11 [INFO] 



2024-07-24 11:18:11 [INFO] number id: 74
2024-07-24 11:18:11 [INFO] instruction content:
2024-07-24 11:18:11 [INFO] How many touchdowns were scored in the second half?
2024-07-24 11:18:46 [INFO] final answer: Final Answer: 4 touchdowns were scored in the second half.
2024-07-24 11:18:46 [INFO] gold answer: 3
2024-07-24 11:18:46 [INFO] incorrect
2024-07-24 11:18:46 [INFO] 



2024-07-24 11:18:46 [INFO] number id: 75
2024-07-24 11:18:46 [INFO] instruction content:
2024-07-24 11:18:46 [INFO] How many points did the Patriots score in the second quarter?
2024-07-24 11:19:11 [INFO] final answer: The Patriots scored 7 points in the second quarter.
2024-07-24 11:19:11 [INFO] gold answer: 7
2024-07-24 11:19:11 [INFO] correct
2024-07-24 11:19:11 [INFO] 



2024-07-24 11:19:11 [INFO] number id: 76
2024-07-24 11:19:11 [INFO] instruction content:
2024-07-24 11:19:11 [INFO] How many years did the European Coal and Steel Community exist?
2024-07-24 11:19:37 [INFO] final answer: The European Coal and Steel Community existed for 7 years.
2024-07-24 11:19:37 [INFO] gold answer: 7
2024-07-24 11:19:37 [INFO] correct
2024-07-24 11:19:37 [INFO] 



2024-07-24 11:19:37 [INFO] number id: 77
2024-07-24 11:19:37 [INFO] instruction content:
2024-07-24 11:19:37 [INFO] How many points did the Texans win by?
2024-07-24 11:20:06 [INFO] final answer: The Texans won by 20 points.
2024-07-24 11:20:06 [INFO] gold answer: 10
2024-07-24 11:20:06 [INFO] incorrect
2024-07-24 11:20:06 [INFO] 



2024-07-24 11:20:06 [INFO] number id: 78
2024-07-24 11:20:06 [INFO] instruction content:
2024-07-24 11:20:06 [INFO] How many years the lifetime of the Kingdom of Kurdistan?
2024-07-24 11:20:34 [INFO] final answer: Subtract the year the Kingdom of Kurdistan was established from the year it ceased to exist to calculate its lifetime: 1924 - 1922 = 2 years.
2024-07-24 11:20:34 [INFO] gold answer: 2
2024-07-24 11:20:34 [INFO] correct
2024-07-24 11:20:34 [INFO] 



2024-07-24 11:20:34 [INFO] number id: 79
2024-07-24 11:20:34 [INFO] instruction content:
2024-07-24 11:20:34 [INFO] How many percent of the student population are not Louisiana residents?
2024-07-24 11:21:22 [INFO] final answer: Sub-problem: Calculate the percentage of non-Louisiana resident students by dividing the number of non-Louisiana resident students by the total number of students and multiplying by 100.
Answer: 15%
2024-07-24 11:21:22 [INFO] gold answer: 15
2024-07-24 11:21:22 [INFO] correct
2024-07-24 11:21:22 [INFO] 



2024-07-24 11:21:22 [INFO] number id: 80
2024-07-24 11:21:22 [INFO] instruction content:
2024-07-24 11:21:22 [INFO] How many points did the Bears win over the Vikings?
2024-07-24 11:21:49 [INFO] final answer: The Bears won over the Vikings by 10 points.
2024-07-24 11:21:49 [INFO] gold answer: 10
2024-07-24 11:21:49 [INFO] correct
2024-07-24 11:21:49 [INFO] 



2024-07-24 11:21:49 [INFO] number id: 81
2024-07-24 11:21:49 [INFO] instruction content:
2024-07-24 11:21:49 [INFO] How many more Navy and Marine personnel were there than civilians?
2024-07-24 11:22:22 [INFO] final answer: Final Answer: 10,300
2024-07-24 11:22:22 [INFO] gold answer: 10300
2024-07-24 11:22:22 [INFO] correct
2024-07-24 11:22:22 [INFO] 



2024-07-24 11:22:22 [INFO] number id: 82
2024-07-24 11:22:22 [INFO] instruction content:
2024-07-24 11:22:22 [INFO] Roughly how many years was the 1917 Constitution in place before it was reformed?
2024-07-24 11:22:55 [INFO] final answer: The difference in years between the ratification and the reform of the 1917 Constitution was 73 years.
2024-07-24 11:22:55 [INFO] gold answer: 73
2024-07-24 11:22:55 [INFO] correct
2024-07-24 11:22:55 [INFO] 



2024-07-24 11:22:55 [INFO] number id: 83
2024-07-24 11:22:55 [INFO] instruction content:
2024-07-24 11:22:55 [INFO] How many months after the appointments to Ministry had the Tsar confirmed his promise to the people and their representatives?
2024-07-24 11:23:25 [INFO] final answer: The final answer is 4 months.
2024-07-24 11:23:25 [INFO] gold answer: 5
2024-07-24 11:23:25 [INFO] incorrect
2024-07-24 11:23:25 [INFO] 



2024-07-24 11:23:25 [INFO] number id: 84
2024-07-24 11:23:25 [INFO] instruction content:
2024-07-24 11:23:25 [INFO] How many territorial holdings were enlarged during the Treaty of London?
2024-07-24 11:23:53 [INFO] final answer: The final answer is 4.
2024-07-24 11:23:53 [INFO] gold answer: 4
2024-07-24 11:23:53 [INFO] correct
2024-07-24 11:23:53 [INFO] 



2024-07-24 11:23:53 [INFO] number id: 85
2024-07-24 11:23:53 [INFO] instruction content:
2024-07-24 11:23:53 [INFO] How many cities did the Siamese capture?
2024-07-24 11:24:20 [INFO] final answer: Final Answer: 2
2024-07-24 11:24:20 [INFO] gold answer: 2
2024-07-24 11:24:20 [INFO] correct
2024-07-24 11:24:20 [INFO] 



2024-07-24 11:24:20 [INFO] number id: 86
2024-07-24 11:24:20 [INFO] instruction content:
2024-07-24 11:24:20 [INFO] How many countries were involved on teh Azov campaign?
2024-07-24 11:24:36 [INFO] final answer: Final Answer: 1
2024-07-24 11:24:36 [INFO] gold answer: 1
2024-07-24 11:24:36 [INFO] correct
2024-07-24 11:24:36 [INFO] 



2024-07-24 11:24:36 [INFO] number id: 87
2024-07-24 11:24:36 [INFO] instruction content:
2024-07-24 11:24:36 [INFO] How many touchdown passes did Manning throw in the first quarter?
2024-07-24 11:25:01 [INFO] final answer: The final answer is 1 touchdown pass by Manning in the first quarter.
2024-07-24 11:25:01 [INFO] gold answer: 1
2024-07-24 11:25:01 [INFO] correct
2024-07-24 11:25:01 [INFO] 



2024-07-24 11:25:01 [INFO] number id: 88
2024-07-24 11:25:01 [INFO] instruction content:
2024-07-24 11:25:01 [INFO] How many touchdowns were scored in the game?
2024-07-24 11:25:27 [INFO] final answer: The total number of touchdowns scored in the game is **5**.
2024-07-24 11:25:27 [INFO] gold answer: 4
2024-07-24 11:25:27 [INFO] incorrect
2024-07-24 11:25:27 [INFO] 



2024-07-24 11:25:27 [INFO] number id: 89
2024-07-24 11:25:27 [INFO] instruction content:
2024-07-24 11:25:27 [INFO] How many months did it take for the ZWD to drop to 2,000,000 after April 2007?
2024-07-24 11:26:23 [INFO] final answer: Sub-problem: Divide the difference by the rate at which the value of ZWD was dropping per month to find the number of months it took for the ZWD to drop to 2,000,000.
Answer: 1,970,000 / 219,000 = 9 months. 

Final Answer: It took 9 months for the ZWD to drop to 2,000,000 after April 2007.
2024-07-24 11:26:23 [INFO] gold answer: 9
2024-07-24 11:26:23 [INFO] correct
2024-07-24 11:26:23 [INFO] 



2024-07-24 11:26:23 [INFO] number id: 90
2024-07-24 11:26:23 [INFO] instruction content:
2024-07-24 11:26:23 [INFO] How many more points did the Broncos score than the Raiders?
2024-07-24 11:26:58 [INFO] final answer: The Broncos scored 6 more points than the Raiders.
2024-07-24 11:26:58 [INFO] gold answer: 6
2024-07-24 11:26:58 [INFO] correct
2024-07-24 11:26:58 [INFO] 



2024-07-24 11:26:58 [INFO] number id: 91
2024-07-24 11:26:58 [INFO] instruction content:
2024-07-24 11:26:58 [INFO] How many times had these tow teams tied?
2024-07-24 11:27:14 [INFO] final answer: Final Answer: 1
2024-07-24 11:27:14 [INFO] gold answer: 1
2024-07-24 11:27:14 [INFO] correct
2024-07-24 11:27:14 [INFO] 



2024-07-24 11:27:14 [INFO] number id: 92
2024-07-24 11:27:14 [INFO] instruction content:
2024-07-24 11:27:14 [INFO] How many years was it from the first time Romania entered World War I, to the time they re-entered the war?
2024-07-24 11:27:43 [INFO] final answer: The final answer is 2 years.
2024-07-24 11:27:43 [INFO] gold answer: 2
2024-07-24 11:27:43 [INFO] correct
2024-07-24 11:27:43 [INFO] 



2024-07-24 11:27:43 [INFO] number id: 93
2024-07-24 11:27:43 [INFO] instruction content:
2024-07-24 11:27:43 [INFO] How many years passed between the two treaties between Venice and Vladislaus II?
2024-07-24 11:28:12 [INFO] final answer: The difference in years between the two treaty signing years is 1.
2024-07-24 11:28:12 [INFO] gold answer: 2
2024-07-24 11:28:12 [INFO] incorrect
2024-07-24 11:28:12 [INFO] 



2024-07-24 11:28:12 [INFO] number id: 94
2024-07-24 11:28:12 [INFO] instruction content:
2024-07-24 11:28:12 [INFO] How many people did the Nazis exterminate in total?
2024-07-24 11:28:46 [INFO] final answer: The total number of people exterminated by the Nazis is approximately 17.3 million people.
2024-07-24 11:28:46 [INFO] gold answer: 6700000
2024-07-24 11:28:46 [INFO] incorrect
2024-07-24 11:28:46 [INFO] 



2024-07-24 11:28:46 [INFO] number id: 95
2024-07-24 11:28:46 [INFO] instruction content:
2024-07-24 11:28:46 [INFO] How many times have the raiders won in Baltimore?
2024-07-24 11:29:11 [INFO] final answer: The Raiders have won 1 game in Baltimore.
2024-07-24 11:29:11 [INFO] gold answer: 1
2024-07-24 11:29:11 [INFO] correct
2024-07-24 11:29:11 [INFO] 



2024-07-24 11:29:11 [INFO] number id: 96
2024-07-24 11:29:11 [INFO] instruction content:
2024-07-24 11:29:11 [INFO] How many things left resentment among some of the population?
2024-07-24 11:30:39 [INFO] final answer: The number of things that left resentment among some of the population is 8.
2024-07-24 11:30:39 [INFO] gold answer: 2
2024-07-24 11:30:39 [INFO] incorrect
2024-07-24 11:30:39 [INFO] 



2024-07-24 11:30:39 [INFO] number id: 97
2024-07-24 11:30:39 [INFO] instruction content:
2024-07-24 11:30:39 [INFO] How many years did these events span for?
2024-07-24 11:31:07 [INFO] final answer: The difference in years between the first event starting in 1410 and the last event ending in 1441 is 31 years.
2024-07-24 11:31:07 [INFO] gold answer: 31
2024-07-24 11:31:07 [INFO] correct
2024-07-24 11:31:07 [INFO] 



2024-07-24 11:31:07 [INFO] number id: 98
2024-07-24 11:31:07 [INFO] instruction content:
2024-07-24 11:31:07 [INFO] How many yards was the longest touchdown pass?
2024-07-24 11:31:33 [INFO] final answer: The length of the longest touchdown pass was 87 yards.
2024-07-24 11:31:33 [INFO] gold answer: 87
2024-07-24 11:31:33 [INFO] correct
2024-07-24 11:31:33 [INFO] 



2024-07-24 11:31:33 [INFO] number id: 99
2024-07-24 11:31:33 [INFO] instruction content:
2024-07-24 11:31:33 [INFO] How many field goals did Bironas kick?
2024-07-24 11:32:32 [INFO] final answer: The final answer is: Bironas kicked 4 field goals.
2024-07-24 11:32:32 [INFO] gold answer: 2
2024-07-24 11:32:32 [INFO] incorrect
2024-07-24 11:32:32 [INFO] correct_Q: 55
2024-07-24 11:32:32 [INFO] error_Q: 0
2024-07-24 11:32:32 [INFO] incorrect_Q: 45
2024-07-24 11:32:32 [INFO] sum_Q: 100
